0 -0.0657562 
0.0001 -0.0650813 
0.0002 -0.0646087 
0.0003 -0.0642174 
0.0004 -0.0638854 
0.0005 -0.0635984 
0.0006 -0.0633456 
0.0007 -0.0631189 
0.0008 -0.0629123 
0.0009 -0.0627211 
0.001 -0.0625419 
0.0011 -0.062372 
0.0012 -0.0622095 
0.0013 -0.0620528 
0.0014 -0.0619008 
0.0015 -0.0617525 
0.0016 -0.0616074 
0.0017 -0.0614648 
0.0018 -0.0613245 
0.0019 -0.0611859 
0.002 -0.0610489 
0.0021 -0.0609134 
0.0022 -0.060779 
0.0023 -0.0606456 
0.0024 -0.0605132 
0.0025 -0.0603817 
0.0026 -0.0602508 
0.0027 -0.0601207 
0.0028 -0.0599911 
0.0029 -0.059862 
0.003 -0.0597334 
0.0031 -0.0596051 
0.0032 -0.0594772 
0.0033 -0.0593495 
0.0034 -0.0592219 
0.0035 -0.0590945 
0.0036 -0.0589671 
0.0037 -0.0588398 
0.0038 -0.0587123 
0.0039 -0.0585846 
0.004 -0.0584567 
0.0041 -0.0583285 
0.0042 -0.0581999 
0.0043 -0.0580708 
0.0044 -0.0579412 
0.0045 -0.0578108 
0.0046 -0.0576796 
0.0047 -0.0575476 
0.0048 -0.0574145 
0.0049 -0.0572803 
0.005 -0.0571447 
0.0051 -0.0570077 
0.0052 -0.0568691 
0.0053 -0.0567287 
0.0054 -0.0565863 
0.0055 -0.0564416 
0.0056 -0.0562945 
0.0057 -0.0561446 
0.0058 -0.0559917 
0.0059 -0.0558353 
0.006 -0.0556751 
0.0061 -0.0555106 
0.0062 -0.0553414 
0.0063 -0.0551667 
0.0064 -0.054986 
0.0065 -0.0547984 
0.0066 -0.054603 
0.0067 -0.0543985 
0.0068 -0.0541837 
0.0069 -0.0539568 
0.007 -0.0537157 
0.0071 -0.0534578 
0.0072 -0.0531798 
0.0073 -0.0528772 
0.0074 -0.0525444 
0.0075 -0.0521733 
0.0076 -0.0517529 
0.0077 -0.0512669 
0.0078 -0.0506903 
0.0079 -0.0499828 
0.008 -0.049074 
0.0081 -0.0478278 
0.0082 -0.0459417 
0.0083 -0.0425829 
0.0084 -0.034568 
0.0085 -0.00816008 
0.0086 0.0202348 
0.0087 0.0232733 
0.0088 0.0178351 
0.0089 0.00959238 
0.009 0.000698698 
0.0091 -0.0077244 
0.0092 -0.0150592 
0.0093 -0.0213891 
0.0094 -0.0262413 
0.0095 -0.0296699 
0.0096 -0.032393 
0.0097 -0.034685 
0.0098 -0.036707 
0.0099 -0.0385579 
0.01 -0.040298 
0.0101 -0.0419611 
0.0102 -0.0435609 
0.0103 -0.0450965 
0.0104 -0.0465572 
0.0105 -0.047929 
0.0106 -0.0491995 
0.0107 -0.0503618 
0.0108 -0.051415 
0.0109 -0.0523639 
0.011 -0.0532164 
0.0111 -0.0539822 
0.0112 -0.0546712 
0.0113 -0.0552927 
0.0114 -0.055855 
0.0115 -0.0563654 
0.0116 -0.0568303 
0.0117 -0.057255 
0.0118 -0.0576442 
0.0119 -0.0580017 
0.012 -0.0583309 
0.0121 -0.0586348 
0.0122 -0.0589158 
0.0123 -0.0591762 
0.0124 -0.059418 
0.0125 -0.0596427 
0.0126 -0.0598519 
0.0127 -0.0600468 
0.0128 -0.0602286 
0.0129 -0.0603983 
0.013 -0.0605569 
0.0131 -0.060705 
0.0132 -0.0608435 
0.0133 -0.060973 
0.0134 -0.061094 
0.0135 -0.0612071 
0.0136 -0.0613128 
0.0137 -0.0614114 
0.0138 -0.0615034 
0.0139 -0.0615892 
0.014 -0.0616689 
0.0141 -0.0617431 
0.0142 -0.0618118 
0.0143 -0.0618755 
0.0144 -0.0619342 
0.0145 -0.0619883 
0.0146 -0.0620379 
0.0147 -0.0620833 
0.0148 -0.0621246 
0.0149 -0.062162 
0.015 -0.0621957 
0.0151 -0.0622257 
0.0152 -0.0622523 
0.0153 -0.0622756 
0.0154 -0.0622957 
0.0155 -0.0623127 
0.0156 -0.0623268 
0.0157 -0.0623381 
0.0158 -0.0623466 
0.0159 -0.0623524 
0.016 -0.0623558 
0.0161 -0.0623566 
0.0162 -0.0623552 
0.0163 -0.0623514 
0.0164 -0.0623455 
0.0165 -0.0623374 
0.0166 -0.0623273 
0.0167 -0.0623153 
0.0168 -0.0623013 
0.0169 -0.0622855 
0.017 -0.0622679 
0.0171 -0.0622486 
0.0172 -0.0622277 
0.0173 -0.0622051 
0.0174 -0.0621811 
0.0175 -0.0621555 
0.0176 -0.0621285 
0.0177 -0.0621001 
0.0178 -0.0620704 
0.0179 -0.0620393 
0.018 -0.0620071 
0.0181 -0.0619736 
0.0182 -0.0619389 
0.0183 -0.0619031 
0.0184 -0.0618662 
0.0185 -0.0618283 
0.0186 -0.0617893 
0.0187 -0.0617494 
0.0188 -0.0617085 
0.0189 -0.0616666 
0.019 -0.0616239 
0.0191 -0.0615804 
0.0192 -0.061536 
0.0193 -0.0614908 
0.0194 -0.0614448 
0.0195 -0.061398 
0.0196 -0.0613506 
0.0197 -0.0613024 
0.0198 -0.0612536 
0.0199 -0.0612041 
0.02 -0.0611539 
0.0201 -0.0611032 
0.0202 -0.0610518 
0.0203 -0.0609999 
0.0204 -0.0609474 
0.0205 -0.0608944 
0.0206 -0.0608409 
0.0207 -0.0607868 
0.0208 -0.0607323 
0.0209 -0.0606772 
0.021 -0.0606218 
0.0211 -0.0605658 
0.0212 -0.0605095 
0.0213 -0.0604527 
0.0214 -0.0603955 
0.0215 -0.0603379 
0.0216 -0.0602799 
0.0217 -0.0602215 
0.0218 -0.0601628 
0.0219 -0.0601037 
0.022 -0.0600442 
0.0221 -0.0599844 
0.0222 -0.0599243 
0.0223 -0.0598638 
0.0224 -0.059803 
0.0225 -0.0597419 
0.0226 -0.0596804 
0.0227 -0.0596187 
0.0228 -0.0595566 
0.0229 -0.0594942 
0.023 -0.0594316 
0.0231 -0.0593686 
0.0232 -0.0593053 
0.0233 -0.0592417 
0.0234 -0.0591779 
0.0235 -0.0591137 
0.0236 -0.0590492 
0.0237 -0.0589844 
0.0238 -0.0589193 
0.0239 -0.0588539 
0.024 -0.0587882 
0.0241 -0.0587222 
0.0242 -0.0586558 
0.0243 -0.0585891 
0.0244 -0.0585221 
0.0245 -0.0584547 
0.0246 -0.058387 
0.0247 -0.0583189 
0.0248 -0.0582505 
0.0249 -0.0581816 
0.025 -0.0581124 
0.0251 -0.0580427 
0.0252 -0.0579727 
0.0253 -0.0579022 
0.0254 -0.0578312 
0.0255 -0.0577597 
0.0256 -0.0576878 
0.0257 -0.0576154 
0.0258 -0.0575424 
0.0259 -0.0574688 
0.026 -0.0573947 
0.0261 -0.0573199 
0.0262 -0.0572445 
0.0263 -0.0571684 
0.0264 -0.0570916 
0.0265 -0.057014 
0.0266 -0.0569357 
0.0267 -0.0568565 
0.0268 -0.0567764 
0.0269 -0.0566954 
0.027 -0.0566134 
0.0271 -0.0565304 
0.0272 -0.0564462 
0.0273 -0.0563609 
0.0274 -0.0562743 
0.0275 -0.0561864 
0.0276 -0.056097 
0.0277 -0.0560061 
0.0278 -0.0559136 
0.0279 -0.0558193 
0.028 -0.0557232 
0.0281 -0.055625 
0.0282 -0.0555246 
0.0283 -0.0554219 
0.0284 -0.0553166 
0.0285 -0.0552086 
0.0286 -0.0550976 
0.0287 -0.0549832 
0.0288 -0.0548652 
0.0289 -0.0547433 
0.029 -0.054617 
0.0291 -0.0544859 
0.0292 -0.0543494 
0.0293 -0.0542069 
0.0294 -0.0540577 
0.0295 -0.0539008 
0.0296 -0.0537353 
0.0297 -0.0535598 
0.0298 -0.0533729 
0.0299 -0.0531726 
0.03 -0.0529566 
0.0301 -0.0527219 
0.0302 -0.0524645 
0.0303 -0.0521794 
0.0304 -0.0518595 
0.0305 -0.0514951 
0.0306 -0.0510722 
0.0307 -0.0505698 
0.0308 -0.0499543 
0.0309 -0.049169 
0.031 -0.0481087 
0.0311 -0.0465539 
0.0312 -0.0439506 
0.0313 -0.0384571 
0.0314 -0.0215176 
0.0315 0.0128707 
0.0316 0.0228896 
0.0317 0.0194378 
0.0318 0.0118476 
0.0319 0.00301402 
0.032 -0.00566062 
0.0321 -0.0134475 
0.0322 -0.0198695 
0.0323 -0.025302 
0.0324 -0.0291006 
0.0325 -0.0321138 
0.0326 -0.0346402 
0.0327 -0.0368588 
0.0328 -0.0388791 
0.0329 -0.0407657 
0.033 -0.0425521 
0.0331 -0.0442492 
0.0332 -0.0458527 
0.0333 -0.0473512 
0.0334 -0.0487329 
0.0335 -0.049991 
0.0336 -0.0511255 
0.0337 -0.0521424 
0.0338 -0.0530518 
0.0339 -0.0538652 
0.034 -0.0545944 
0.0341 -0.0552503 
0.0342 -0.0558425 
0.0343 -0.0563792 
0.0344 -0.0568674 
0.0345 -0.0573131 
0.0346 -0.0577212 
0.0347 -0.058096 
0.0348 -0.0584413 
0.0349 -0.05876 
0.035 -0.0590548 
0.0351 -0.0593282 
0.0352 -0.0595822 
0.0353 -0.0598184 
0.0354 -0.0600386 
0.0355 -0.0602441 
0.0356 -0.060436 
0.0357 -0.0606154 
0.0358 -0.0607834 
0.0359 -0.0609407 
0.036 -0.0610881 
0.0361 -0.0612263 
0.0362 -0.0613559 
0.0363 -0.0614774 
0.0364 -0.0615913 
0.0365 -0.0616981 
0.0366 -0.0617982 
0.0367 -0.0618919 
0.0368 -0.0619796 
0.0369 -0.0620615 
0.037 -0.0621381 
0.0371 -0.0622096 
0.0372 -0.0622761 
0.0373 -0.0623379 
0.0374 -0.0623953 
0.0375 -0.0624485 
0.0376 -0.0624975 
0.0377 -0.0625427 
0.0378 -0.0625842 
0.0379 -0.062622 
0.038 -0.0626565 
0.0381 -0.0626876 
0.0382 -0.0627157 
0.0383 -0.0627406 
0.0384 -0.0627627 
0.0385 -0.062782 
0.0386 -0.0627986 
0.0387 -0.0628126 
0.0388 -0.0628241 
0.0389 -0.0628333 
0.039 -0.0628401 
0.0391 -0.0628448 
0.0392 -0.0628473 
0.0393 -0.0628477 
0.0394 -0.0628462 
0.0395 -0.0628428 
0.0396 -0.0628376 
0.0397 -0.0628306 
0.0398 -0.0628219 
0.0399 -0.0628115 
0.04 -0.0627996 
0.0401 -0.0627862 
0.0402 -0.0627713 
0.0403 -0.0627551 
0.0404 -0.0627374 
0.0405 -0.0627185 
0.0406 -0.0626983 
0.0407 -0.0626769 
0.0408 -0.0626543 
0.0409 -0.0626306 
0.041 -0.0626059 
0.0411 -0.0625801 
0.0412 -0.0625533 
0.0413 -0.0625255 
0.0414 -0.0624968 
0.0415 -0.0624673 
0.0416 -0.0624368 
0.0417 -0.0624056 
0.0418 -0.0623736 
0.0419 -0.0623408 
0.042 -0.0623072 
0.0421 -0.062273 
0.0422 -0.0622381 
0.0423 -0.0622026 
0.0424 -0.0621664 
0.0425 -0.0621297 
0.0426 -0.0620924 
0.0427 -0.0620545 
0.0428 -0.0620162 
0.0429 -0.0619773 
0.043 -0.0619379 
0.0431 -0.0618981 
0.0432 -0.0618578 
0.0433 -0.0618172 
0.0434 -0.0617761 
0.0435 -0.0617347 
0.0436 -0.0616929 
0.0437 -0.0616507 
0.0438 -0.0616082 
0.0439 -0.0615654 
0.044 -0.0615223 
0.0441 -0.0614789 
0.0442 -0.0614353 
0.0443 -0.0613914 
0.0444 -0.0613472 
0.0445 -0.0613028 
0.0446 -0.0612582 
0.0447 -0.0612134 
0.0448 -0.0611684 
0.0449 -0.0611233 
0.045 -0.0610779 
0.0451 -0.0610324 
0.0452 -0.0609867 
0.0453 -0.0609409 
0.0454 -0.060895 
0.0455 -0.060849 
0.0456 -0.0608028 
0.0457 -0.0607565 
0.0458 -0.0607101 
0.0459 -0.0606637 
0.046 -0.0606171 
0.0461 -0.0605705 
0.0462 -0.0605238 
0.0463 -0.060477 
0.0464 -0.0604302 
0.0465 -0.0603833 
0.0466 -0.0603364 
0.0467 -0.0602894 
0.0468 -0.0602424 
0.0469 -0.0601954 
0.047 -0.0601483 
0.0471 -0.0601012 
0.0472 -0.0600541 
0.0473 -0.0600069 
0.0474 -0.0599598 
0.0475 -0.0599126 
0.0476 -0.0598655 
0.0477 -0.0598183 
0.0478 -0.0597711 
0.0479 -0.059724 
0.048 -0.0596768 
0.0481 -0.0596296 
0.0482 -0.0595825 
0.0483 -0.0595353 
0.0484 -0.0594882 
0.0485 -0.0594411 
0.0486 -0.0593939 
0.0487 -0.0593468 
0.0488 -0.0592997 
0.0489 -0.0592526 
0.049 -0.0592055 
0.0491 -0.0591585 
0.0492 -0.0591114 
0.0493 -0.0590644 
0.0494 -0.0590173 
0.0495 -0.0589703 
0.0496 -0.0589233 
0.0497 -0.0588762 
0.0498 -0.0588292 
0.0499 -0.0587822 
0.05 -0.0587352 
0.0501 -0.0586882 
0.0502 -0.0586412 
0.0503 -0.0585942 
0.0504 -0.0585471 
0.0505 -0.0585001 
0.0506 -0.058453 
0.0507 -0.058406 
0.0508 -0.0583589 
0.0509 -0.0583118 
0.051 -0.0582646 
0.0511 -0.0582174 
0.0512 -0.0581702 
0.0513 -0.058123 
0.0514 -0.0580757 
0.0515 -0.0580283 
0.0516 -0.0579809 
0.0517 -0.0579335 
0.0518 -0.0578859 
0.0519 -0.0578383 
0.052 -0.0577906 
0.0521 -0.0577429 
0.0522 -0.057695 
0.0523 -0.057647 
0.0524 -0.057599 
0.0525 -0.0575508 
0.0526 -0.0575024 
0.0527 -0.057454 
0.0528 -0.0574054 
0.0529 -0.0573567 
0.053 -0.0573078 
0.0531 -0.0572587 
0.0532 -0.0572094 
0.0533 -0.05716 
0.0534 -0.0571103 
0.0535 -0.0570604 
0.0536 -0.0570103 
0.0537 -0.05696 
0.0538 -0.0569094 
0.0539 -0.0568585 
0.054 -0.0568073 
0.0541 -0.0567558 
0.0542 -0.056704 
0.0543 -0.0566519 
0.0544 -0.0565993 
0.0545 -0.0565464 
0.0546 -0.0564931 
0.0547 -0.0564394 
0.0548 -0.0563852 
0.0549 -0.0563306 
0.055 -0.0562754 
0.0551 -0.0562197 
0.0552 -0.0561635 
0.0553 -0.0561067 
0.0554 -0.0560492 
0.0555 -0.055991 
0.0556 -0.0559322 
0.0557 -0.0558726 
0.0558 -0.0558122 
0.0559 -0.055751 
0.056 -0.0556889 
0.0561 -0.0556259 
0.0562 -0.0555618 
0.0563 -0.0554967 
0.0564 -0.0554305 
0.0565 -0.055363 
0.0566 -0.0552942 
0.0567 -0.0552241 
0.0568 -0.0551525 
0.0569 -0.0550793 
0.057 -0.0550044 
0.0571 -0.0549276 
0.0572 -0.0548489 
0.0573 -0.0547681 
0.0574 -0.054685 
0.0575 -0.0545994 
0.0576 -0.054511 
0.0577 -0.0544198 
0.0578 -0.0543253 
0.0579 -0.0542273 
0.058 -0.0541254 
0.0581 -0.0540192 
0.0582 -0.0539083 
0.0583 -0.0537921 
0.0584 -0.05367 
0.0585 -0.0535413 
0.0586 -0.053405 
0.0587 -0.0532602 
0.0588 -0.0531056 
0.0589 -0.0529397 
0.059 -0.0527605 
0.0591 -0.0525657 
0.0592 -0.0523522 
0.0593 -0.0521162 
0.0594 -0.0518525 
0.0595 -0.0515539 
0.0596 -0.0512106 
0.0597 -0.0508084 
0.0598 -0.0503258 
0.0599 -0.0497283 
0.06 -0.0489578 
0.0601 -0.0479052 
0.0602 -0.0463404 
0.0603 -0.0436785 
0.0604 -0.0379471 
0.0605 -0.0199837 
0.0606 0.0137068 
0.0607 0.0224345 
0.0608 0.0185755 
0.0609 0.0108228 
0.061 0.00194563 
0.0611 -0.00670426 
0.0612 -0.0143838 
0.0613 -0.0206753 
0.0614 -0.0255586 
0.0615 -0.0293589 
0.0616 -0.0324319 
0.0617 -0.0350351 
0.0618 -0.0373355 
0.0619 -0.0394366 
0.062 -0.0413979 
0.0621 -0.0432466 
0.0622 -0.0449882 
0.0623 -0.0466148 
0.0624 -0.0481151 
0.0625 -0.0494799 
0.0626 -0.0507085 
0.0627 -0.0518065 
0.0628 -0.052785 
0.0629 -0.053657 
0.063 -0.054436 
0.0631 -0.0551345 
0.0632 -0.0557635 
0.0633 -0.0563322 
0.0634 -0.0568487 
0.0635 -0.0573195 
0.0636 -0.0577502 
0.0637 -0.0581454 
0.0638 -0.0585091 
0.0639 -0.0588448 
0.064 -0.0591553 
0.0641 -0.0594431 
0.0642 -0.0597105 
0.0643 -0.0599594 
0.0644 -0.0601913 
0.0645 -0.0604079 
0.0646 -0.0606104 
0.0647 -0.0608 
0.0648 -0.0609775 
0.0649 -0.0611441 
0.065 -0.0613004 
0.0651 -0.0614471 
0.0652 -0.061585 
0.0653 -0.0617146 
0.0654 -0.0618364 
0.0655 -0.0619509 
0.0656 -0.0620584 
0.0657 -0.0621595 
0.0658 -0.0622545 
0.0659 -0.0623436 
0.066 -0.0624272 
0.0661 -0.0625056 
0.0662 -0.0625789 
0.0663 -0.0626476 
0.0664 -0.0627117 
0.0665 -0.0627715 
0.0666 -0.0628272 
0.0667 -0.062879 
0.0668 -0.0629269 
0.0669 -0.0629713 
0.067 -0.0630122 
0.0671 -0.0630499 
0.0672 -0.0630843 
0.0673 -0.0631157 
0.0674 -0.0631442 
0.0675 -0.0631698 
0.0676 -0.0631928 
0.0677 -0.0632132 
0.0678 -0.0632311 
0.0679 -0.0632467 
0.068 -0.0632599 
0.0681 -0.0632709 
0.0682 -0.0632798 
0.0683 -0.0632867 
0.0684 -0.0632916 
0.0685 -0.0632946 
0.0686 -0.0632958 
0.0687 -0.0632952 
0.0688 -0.063293 
0.0689 -0.0632891 
0.069 -0.0632837 
0.0691 -0.0632768 
0.0692 -0.0632684 
0.0693 -0.0632587 
0.0694 -0.0632476 
0.0695 -0.0632352 
0.0696 -0.0632217 
0.0697 -0.0632069 
0.0698 -0.063191 
0.0699 -0.063174 
0.07 -0.0631559 
0.0701 -0.0631368 
0.0702 -0.0631168 
0.0703 -0.0630958 
0.0704 -0.0630739 
0.0705 -0.0630511 
0.0706 -0.0630276 
0.0707 -0.0630032 
0.0708 -0.0629781 
0.0709 -0.0629522 
0.071 -0.0629256 
0.0711 -0.0628984 
0.0712 -0.0628705 
0.0713 -0.062842 
0.0714 -0.0628129 
0.0715 -0.0627833 
0.0716 -0.0627531 
0.0717 -0.0627223 
0.0718 -0.0626911 
0.0719 -0.0626595 
0.072 -0.0626273 
0.0721 -0.0625948 
0.0722 -0.0625618 
0.0723 -0.0625285 
0.0724 -0.0624948 
0.0725 -0.0624607 
0.0726 -0.0624263 
0.0727 -0.0623916 
0.0728 -0.0623566 
0.0729 -0.0623213 
0.073 -0.0622857 
0.0731 -0.0622499 
0.0732 -0.0622138 
0.0733 -0.0621775 
0.0734 -0.062141 
0.0735 -0.0621044 
0.0736 -0.0620675 
0.0737 -0.0620304 
0.0738 -0.0619932 
0.0739 -0.0619559 
0.074 -0.0619184 
0.0741 -0.0618808 
0.0742 -0.0618431 
0.0743 -0.0618052 
0.0744 -0.0617673 
0.0745 -0.0617293 
0.0746 -0.0616912 
0.0747 -0.061653 
0.0748 -0.0616148 
0.0749 -0.0615765 
0.075 -0.0615382 
0.0751 -0.0614999 
0.0752 -0.0614615 
0.0753 -0.0614231 
0.0754 -0.0613846 
0.0755 -0.0613462 
0.0756 -0.0613078 
0.0757 -0.0612693 
0.0758 -0.0612309 
0.0759 -0.0611925 
0.076 -0.0611541 
0.0761 -0.0611158 
0.0762 -0.0610774 
0.0763 -0.0610391 
0.0764 -0.0610009 
0.0765 -0.0609627 
0.0766 -0.0609245 
0.0767 -0.0608864 
0.0768 -0.0608483 
0.0769 -0.0608103 
0.077 -0.0607724 
0.0771 -0.0607345 
0.0772 -0.0606967 
0.0773 -0.060659 
0.0774 -0.0606213 
0.0775 -0.0605838 
0.0776 -0.0605463 
0.0777 -0.0605088 
0.0778 -0.0604715 
0.0779 -0.0604343 
0.078 -0.0603971 
0.0781 -0.0603601 
0.0782 -0.0603231 
0.0783 -0.0602862 
0.0784 -0.0602495 
0.0785 -0.0602128 
0.0786 -0.0601762 
0.0787 -0.0601397 
0.0788 -0.0601034 
0.0789 -0.0600671 
0.079 -0.0600309 
0.0791 -0.0599949 
0.0792 -0.0599589 
0.0793 -0.0599231 
0.0794 -0.0598873 
0.0795 -0.0598517 
0.0796 -0.0598162 
0.0797 -0.0597807 
0.0798 -0.0597454 
0.0799 -0.0597102 
0.08 -0.0596751 
0.0801 -0.0596402 
0.0802 -0.0596053 
0.0803 -0.0595705 
0.0804 -0.0595359 
0.0805 -0.0595013 
0.0806 -0.0594669 
0.0807 -0.0594325 
0.0808 -0.0593983 
0.0809 -0.0593642 
0.081 -0.0593302 
0.0811 -0.0592963 
0.0812 -0.0592625 
0.0813 -0.0592288 
0.0814 -0.0591952 
0.0815 -0.0591617 
0.0816 -0.0591284 
0.0817 -0.0590951 
0.0818 -0.0590619 
0.0819 -0.0590288 
0.082 -0.0589959 
0.0821 -0.058963 
0.0822 -0.0589302 
0.0823 -0.0588975 
0.0824 -0.0588649 
0.0825 -0.0588324 
0.0826 -0.0588 
0.0827 -0.0587677 
0.0828 -0.0587355 
0.0829 -0.0587033 
0.083 -0.0586713 
0.0831 -0.0586393 
0.0832 -0.0586075 
0.0833 -0.0585757 
0.0834 -0.0585439 
0.0835 -0.0585123 
0.0836 -0.0584808 
0.0837 -0.0584493 
0.0838 -0.0584179 
0.0839 -0.0583865 
0.084 -0.0583553 
0.0841 -0.0583241 
0.0842 -0.0582929 
0.0843 -0.0582619 
0.0844 -0.0582309 
0.0845 -0.0581999 
0.0846 -0.0581691 
0.0847 -0.0581382 
0.0848 -0.0581075 
0.0849 -0.0580767 
0.085 -0.0580461 
0.0851 -0.0580155 
0.0852 -0.0579849 
0.0853 -0.0579544 
0.0854 -0.0579239 
0.0855 -0.0578934 
0.0856 -0.057863 
0.0857 -0.0578327 
0.0858 -0.0578023 
0.0859 -0.057772 
0.086 -0.0577417 
0.0861 -0.0577114 
0.0862 -0.0576812 
0.0863 -0.057651 
0.0864 -0.0576207 
0.0865 -0.0575905 
0.0866 -0.0575604 
0.0867 -0.0575302 
0.0868 -0.0575 
0.0869 -0.0574698 
0.087 -0.0574396 
0.0871 -0.0574094 
0.0872 -0.0573792 
0.0873 -0.057349 
0.0874 -0.0573188 
0.0875 -0.0572885 
0.0876 -0.0572583 
0.0877 -0.0572279 
0.0878 -0.0571976 
0.0879 -0.0571672 
0.088 -0.0571368 
0.0881 -0.0571064 
0.0882 -0.0570759 
0.0883 -0.0570453 
0.0884 -0.0570147 
0.0885 -0.056984 
0.0886 -0.0569533 
0.0887 -0.0569224 
0.0888 -0.0568916 
0.0889 -0.0568606 
0.089 -0.0568295 
0.0891 -0.0567984 
0.0892 -0.0567671 
0.0893 -0.0567358 
0.0894 -0.0567043 
0.0895 -0.0566727 
0.0896 -0.056641 
0.0897 -0.0566092 
0.0898 -0.0565772 
0.0899 -0.0565451 
0.09 -0.0565129 
0.0901 -0.0564804 
0.0902 -0.0564479 
0.0903 -0.0564151 
0.0904 -0.0563822 
0.0905 -0.0563491 
0.0906 -0.0563157 
0.0907 -0.0562822 
0.0908 -0.0562485 
0.0909 -0.0562145 
0.091 -0.0561803 
0.0911 -0.0561458 
0.0912 -0.0561111 
0.0913 -0.0560761 
0.0914 -0.0560408 
0.0915 -0.0560052 
0.0916 -0.0559693 
0.0917 -0.0559331 
0.0918 -0.0558966 
0.0919 -0.0558596 
0.092 -0.0558224 
0.0921 -0.0557847 
0.0922 -0.0557466 
0.0923 -0.0557081 
0.0924 -0.0556691 
0.0925 -0.0556297 
0.0926 -0.0555898 
0.0927 -0.0555493 
0.0928 -0.0555084 
0.0929 -0.0554668 
0.093 -0.0554247 
0.0931 -0.0553819 
0.0932 -0.0553385 
0.0933 -0.0552944 
0.0934 -0.0552495 
0.0935 -0.0552039 
0.0936 -0.0551575 
0.0937 -0.0551102 
0.0938 -0.0550621 
0.0939 -0.055013 
0.094 -0.0549628 
0.0941 -0.0549116 
0.0942 -0.0548593 
0.0943 -0.0548058 
0.0944 -0.054751 
0.0945 -0.0546948 
0.0946 -0.0546372 
0.0947 -0.054578 
0.0948 -0.0545172 
0.0949 -0.0544546 
0.095 -0.0543901 
0.0951 -0.0543236 
0.0952 -0.0542549 
0.0953 -0.0541837 
0.0954 -0.05411 
0.0955 -0.0540334 
0.0956 -0.0539538 
0.0957 -0.0538709 
0.0958 -0.0537843 
0.0959 -0.0536936 
0.096 -0.0535985 
0.0961 -0.0534985 
0.0962 -0.0533929 
0.0963 -0.0532811 
0.0964 -0.0531623 
0.0965 -0.0530357 
0.0966 -0.0529 
0.0967 -0.0527539 
0.0968 -0.0525957 
0.0969 -0.0524233 
0.097 -0.0522341 
0.0971 -0.0520247 
0.0972 -0.0517905 
0.0973 -0.0515257 
0.0974 -0.0512221 
0.0975 -0.0508679 
0.0976 -0.0504459 
0.0977 -0.0499296 
0.0978 -0.0492752 
0.0979 -0.0484054 
0.098 -0.0471677 
0.0981 -0.0452143 
0.0982 -0.0415505 
0.0983 -0.0321944 
0.0984 -0.00291035 
0.0985 0.0202928 
0.0986 0.0210537 
0.0987 0.014808 
0.0988 0.00627554 
0.0989 -0.0026255 
0.099 -0.0108873 
0.0991 -0.0179291 
0.0992 -0.0235084 
0.0993 -0.0278231 
0.0994 -0.0312516 
0.0995 -0.0341035 
0.0996 -0.036585 
0.0997 -0.0388247 
0.0998 -0.0408975 
0.0999 -0.0428401 
0.1 -0.044663 
0.1001 -0.0463603 
0.1002 -0.0479209 
0.1003 -0.0493365 
0.1004 -0.0506064 
0.1005 -0.0517375 
0.1006 -0.0527421 
0.1007 -0.0536347 
0.1008 -0.0544302 
0.1009 -0.0551421 
0.101 -0.0557821 
0.1011 -0.0563604 
0.1012 -0.056885 
0.1013 -0.0573631 
0.1014 -0.0578003 
0.1015 -0.0582014 
0.1016 -0.0585706 
0.1017 -0.0589113 
0.1018 -0.0592265 
0.1019 -0.0595188 
0.102 -0.0597903 
0.1021 -0.0600432 
0.1022 -0.060279 
0.1023 -0.0604992 
0.1024 -0.0607052 
0.1025 -0.0608981 
0.1026 -0.0610789 
0.1027 -0.0612486 
0.1028 -0.061408 
0.1029 -0.0615578 
0.103 -0.0616987 
0.1031 -0.0618311 
0.1032 -0.0619558 
0.1033 -0.0620731 
0.1034 -0.0621834 
0.1035 -0.0622872 
0.1036 -0.0623849 
0.1037 -0.0624766 
0.1038 -0.0625629 
0.1039 -0.0626439 
0.104 -0.0627199 
0.1041 -0.0627911 
0.1042 -0.0628578 
0.1043 -0.0629202 
0.1044 -0.0629784 
0.1045 -0.0630327 
0.1046 -0.0630832 
0.1047 -0.0631301 
0.1048 -0.0631735 
0.1049 -0.0632137 
0.105 -0.0632506 
0.1051 -0.0632845 
0.1052 -0.0633155 
0.1053 -0.0633437 
0.1054 -0.0633692 
0.1055 -0.0633921 
0.1056 -0.0634125 
0.1057 -0.0634306 
0.1058 -0.0634463 
0.1059 -0.0634598 
0.106 -0.0634712 
0.1061 -0.0634806 
0.1062 -0.0634881 
0.1063 -0.0634936 
0.1064 -0.0634973 
0.1065 -0.0634993 
0.1066 -0.0634996 
0.1067 -0.0634983 
0.1068 -0.0634954 
0.1069 -0.0634911 
0.107 -0.0634853 
0.1071 -0.0634782 
0.1072 -0.0634697 
0.1073 -0.0634599 
0.1074 -0.0634489 
0.1075 -0.0634367 
0.1076 -0.0634234 
0.1077 -0.063409 
0.1078 -0.0633936 
0.1079 -0.0633772 
0.108 -0.0633597 
0.1081 -0.0633414 
0.1082 -0.0633222 
0.1083 -0.0633021 
0.1084 -0.0632811 
0.1085 -0.0632594 
0.1086 -0.063237 
0.1087 -0.0632138 
0.1088 -0.0631899 
0.1089 -0.0631654 
0.109 -0.0631402 
0.1091 -0.0631144 
0.1092 -0.063088 
0.1093 -0.0630611 
0.1094 -0.0630336 
0.1095 -0.0630056 
0.1096 -0.0629771 
0.1097 -0.0629482 
0.1098 -0.0629188 
0.1099 -0.062889 
0.11 -0.0628588 
0.1101 -0.0628282 
0.1102 -0.0627973 
0.1103 -0.0627659 
0.1104 -0.0627343 
0.1105 -0.0627024 
0.1106 -0.0626701 
0.1107 -0.0626376 
0.1108 -0.0626048 
0.1109 -0.0625718 
0.111 -0.0625386 
0.1111 -0.0625051 
0.1112 -0.0624714 
0.1113 -0.0624375 
0.1114 -0.0624035 
0.1115 -0.0623692 
0.1116 -0.0623349 
0.1117 -0.0623003 
0.1118 -0.0622657 
0.1119 -0.0622309 
0.112 -0.062196 
0.1121 -0.062161 
0.1122 -0.0621259 
0.1123 -0.0620907 
0.1124 -0.0620555 
0.1125 -0.0620202 
0.1126 -0.0619848 
0.1127 -0.0619494 
0.1128 -0.0619139 
0.1129 -0.0618784 
0.113 -0.0618429 
0.1131 -0.0618074 
0.1132 -0.0617718 
0.1133 -0.0617363 
0.1134 -0.0617007 
0.1135 -0.0616652 
0.1136 -0.0616296 
0.1137 -0.0615941 
0.1138 -0.0615586 
0.1139 -0.0615232 
0.114 -0.0614877 
0.1141 -0.0614524 
0.1142 -0.061417 
0.1143 -0.0613817 
0.1144 -0.0613465 
0.1145 -0.0613113 
0.1146 -0.0612761 
0.1147 -0.0612411 
0.1148 -0.0612061 
0.1149 -0.0611711 
0.115 -0.0611363 
0.1151 -0.0611015 
0.1152 -0.0610668 
0.1153 -0.0610322 
0.1154 -0.0609977 
0.1155 -0.0609632 
0.1156 -0.0609289 
0.1157 -0.0608946 
0.1158 -0.0608605 
0.1159 -0.0608264 
0.116 -0.0607925 
0.1161 -0.0607586 
0.1162 -0.0607249 
0.1163 -0.0606912 
0.1164 -0.0606577 
0.1165 -0.0606242 
0.1166 -0.0605909 
0.1167 -0.0605577 
0.1168 -0.0605246 
0.1169 -0.0604916 
0.117 -0.0604587 
0.1171 -0.060426 
0.1172 -0.0603933 
0.1173 -0.0603608 
0.1174 -0.0603284 
0.1175 -0.0602961 
0.1176 -0.060264 
0.1177 -0.0602319 
0.1178 -0.0602 
0.1179 -0.0601682 
0.118 -0.0601365 
0.1181 -0.0601049 
0.1182 -0.0600735 
0.1183 -0.0600422 
0.1184 -0.060011 
0.1185 -0.0599799 
0.1186 -0.059949 
0.1187 -0.0599181 
0.1188 -0.0598874 
0.1189 -0.0598568 
0.119 -0.0598264 
0.1191 -0.059796 
0.1192 -0.0597658 
0.1193 -0.0597357 
0.1194 -0.0597057 
0.1195 -0.0596758 
0.1196 -0.0596461 
0.1197 -0.0596165 
0.1198 -0.059587 
0.1199 -0.0595576 
0.12 -0.0595283 
0.1201 -0.0594992 
0.1202 -0.0594701 
0.1203 -0.0594412 
0.1204 -0.0594124 
0.1205 -0.0593837 
0.1206 -0.0593551 
0.1207 -0.0593267 
0.1208 -0.0592983 
0.1209 -0.0592701 
0.121 -0.059242 
0.1211 -0.0592139 
0.1212 -0.059186 
0.1213 -0.0591582 
0.1214 -0.0591305 
0.1215 -0.0591029 
0.1216 -0.0590755 
0.1217 -0.0590481 
0.1218 -0.0590208 
0.1219 -0.0589936 
0.122 -0.0589665 
0.1221 -0.0589396 
0.1222 -0.0589127 
0.1223 -0.0588859 
0.1224 -0.0588592 
0.1225 -0.0588326 
0.1226 -0.0588062 
0.1227 -0.0587798 
0.1228 -0.0587534 
0.1229 -0.0587272 
0.123 -0.0587011 
0.1231 -0.0586751 
0.1232 -0.0586491 
0.1233 -0.0586232 
0.1234 -0.0585975 
0.1235 -0.0585718 
0.1236 -0.0585461 
0.1237 -0.0585206 
0.1238 -0.0584951 
0.1239 -0.0584698 
0.124 -0.0584445 
0.1241 -0.0584192 
0.1242 -0.0583941 
0.1243 -0.058369 
0.1244 -0.058344 
0.1245 -0.0583191 
0.1246 -0.0582942 
0.1247 -0.0582694 
0.1248 -0.0582446 
0.1249 -0.05822 
0.125 -0.0581954 
0.1251 -0.0581708 
0.1252 -0.0581463 
0.1253 -0.0581219 
0.1254 -0.0580975 
0.1255 -0.0580732 
0.1256 -0.0580489 
0.1257 -0.0580247 
0.1258 -0.0580005 
0.1259 -0.0579764 
0.126 -0.0579523 
0.1261 -0.0579283 
0.1262 -0.0579043 
0.1263 -0.0578804 
0.1264 -0.0578565 
0.1265 -0.0578326 
0.1266 -0.0578088 
0.1267 -0.057785 
0.1268 -0.0577612 
0.1269 -0.0577375 
0.127 -0.0577138 
0.1271 -0.0576902 
0.1272 -0.0576665 
0.1273 -0.0576429 
0.1274 -0.0576193 
0.1275 -0.0575957 
0.1276 -0.0575722 
0.1277 -0.0575487 
0.1278 -0.0575251 
0.1279 -0.0575016 
0.128 -0.0574781 
0.1281 -0.0574546 
0.1282 -0.0574312 
0.1283 -0.0574077 
0.1284 -0.0573842 
0.1285 -0.0573608 
0.1286 -0.0573373 
0.1287 -0.0573138 
0.1288 -0.0572903 
0.1289 -0.0572668 
0.129 -0.0572433 
0.1291 -0.0572198 
0.1292 -0.0571963 
0.1293 -0.0571727 
0.1294 -0.0571492 
0.1295 -0.0571256 
0.1296 -0.057102 
0.1297 -0.0570783 
0.1298 -0.0570547 
0.1299 -0.057031 
0.13 -0.0570072 
0.1301 -0.0569834 
0.1302 -0.0569596 
0.1303 -0.0569358 
0.1304 -0.0569118 
0.1305 -0.0568879 
0.1306 -0.0568639 
0.1307 -0.0568398 
0.1308 -0.0568157 
0.1309 -0.0567915 
0.131 -0.0567672 
0.1311 -0.0567429 
0.1312 -0.0567185 
0.1313 -0.056694 
0.1314 -0.0566694 
0.1315 -0.0566448 
0.1316 -0.05662 
0.1317 -0.0565952 
0.1318 -0.0565703 
0.1319 -0.0565453 
0.132 -0.0565201 
0.1321 -0.0564949 
0.1322 -0.0564695 
0.1323 -0.0564441 
0.1324 -0.0564185 
0.1325 -0.0563927 
0.1326 -0.0563669 
0.1327 -0.0563409 
0.1328 -0.0563147 
0.1329 -0.0562884 
0.133 -0.056262 
0.1331 -0.0562353 
0.1332 -0.0562085 
0.1333 -0.0561816 
0.1334 -0.0561544 
0.1335 -0.0561271 
0.1336 -0.0560995 
0.1337 -0.0560718 
0.1338 -0.0560438 
0.1339 -0.0560157 
0.134 -0.0559873 
0.1341 -0.0559586 
0.1342 -0.0559297 
0.1343 -0.0559006 
0.1344 -0.0558712 
0.1345 -0.0558415 
0.1346 -0.0558115 
0.1347 -0.0557812 
0.1348 -0.0557506 
0.1349 -0.0557197 
0.135 -0.0556884 
0.1351 -0.0556568 
0.1352 -0.0556248 
0.1353 -0.0555925 
0.1354 -0.0555597 
0.1355 -0.0555266 
0.1356 -0.055493 
0.1357 -0.0554589 
0.1358 -0.0554244 
0.1359 -0.0553894 
0.136 -0.0553539 
0.1361 -0.0553179 
0.1362 -0.0552813 
0.1363 -0.0552441 
0.1364 -0.0552063 
0.1365 -0.0551678 
0.1366 -0.0551287 
0.1367 -0.0550889 
0.1368 -0.0550483 
0.1369 -0.055007 
0.137 -0.0549649 
0.1371 -0.0549218 
0.1372 -0.0548779 
0.1373 -0.054833 
0.1374 -0.0547871 
0.1375 -0.0547402 
0.1376 -0.0546921 
0.1377 -0.0546428 
0.1378 -0.0545922 
0.1379 -0.0545403 
0.138 -0.054487 
0.1381 -0.0544321 
0.1382 -0.0543755 
0.1383 -0.0543172 
0.1384 -0.054257 
0.1385 -0.0541948 
0.1386 -0.0541304 
0.1387 -0.0540637 
0.1388 -0.0539944 
0.1389 -0.0539223 
0.139 -0.0538473 
0.1391 -0.0537689 
0.1392 -0.053687 
0.1393 -0.0536011 
0.1394 -0.0535108 
0.1395 -0.0534157 
0.1396 -0.0533153 
0.1397 -0.0532088 
0.1398 -0.0530955 
0.1399 -0.0529745 
0.14 -0.0528448 
0.1401 -0.052705 
0.1402 -0.0525535 
0.1403 -0.0523883 
0.1404 -0.0522069 
0.1405 -0.0520062 
0.1406 -0.0517819 
0.1407 -0.0515283 
0.1408 -0.051238 
0.1409 -0.0508999 
0.141 -0.0504985 
0.1411 -0.0500094 
0.1412 -0.0493937 
0.1413 -0.0485833 
0.1414 -0.0474475 
0.1415 -0.0456987 
0.1416 -0.0425601 
0.1417 -0.0351597 
0.1418 -0.0109949 
0.1419 0.0179515 
0.142 0.0216529 
0.1421 0.0163022 
0.1422 0.00803634 
0.1423 -0.000902588 
0.1424 -0.00936767 
0.1425 -0.0167069 
0.1426 -0.022593 
0.1427 -0.027147 
0.1428 -0.0307426 
0.1429 -0.0337113 
0.143 -0.0362773 
0.1431 -0.0385813 
0.1432 -0.0407051 
0.1433 -0.0426899 
0.1434 -0.0445481 
0.1435 -0.0462751 
0.1436 -0.0478602 
0.1437 -0.0492951 
0.1438 -0.0505795 
0.1439 -0.0517214 
0.144 -0.0527336 
0.1441 -0.0536318 
0.1442 -0.0544313 
0.1443 -0.0551462 
0.1444 -0.0557885 
0.1445 -0.0563685 
0.1446 -0.0568946 
0.1447 -0.0573739 
0.1448 -0.0578122 
0.1449 -0.0582144 
0.145 -0.0585845 
0.1451 -0.0589261 
0.1452 -0.0592422 
0.1453 -0.0595353 
0.1454 -0.0598077 
0.1455 -0.0600614 
0.1456 -0.0602979 
0.1457 -0.0605189 
0.1458 -0.0607257 
0.1459 -0.0609193 
0.146 -0.0611009 
0.1461 -0.0612714 
0.1462 -0.0614315 
0.1463 -0.061582 
0.1464 -0.0617235 
0.1465 -0.0618567 
0.1466 -0.061982 
0.1467 -0.0620999 
0.1468 -0.0622109 
0.1469 -0.0623154 
0.147 -0.0624137 
0.1471 -0.0625061 
0.1472 -0.062593 
0.1473 -0.0626746 
0.1474 -0.0627512 
0.1475 -0.0628231 
0.1476 -0.0628904 
0.1477 -0.0629534 
0.1478 -0.0630122 
0.1479 -0.0630671 
0.148 -0.0631182 
0.1481 -0.0631657 
0.1482 -0.0632098 
0.1483 -0.0632505 
0.1484 -0.063288 
0.1485 -0.0633225 
0.1486 -0.0633541 
0.1487 -0.0633829 
0.1488 -0.063409 
0.1489 -0.0634325 
0.149 -0.0634535 
0.1491 -0.0634721 
0.1492 -0.0634884 
0.1493 -0.0635025 
0.1494 -0.0635145 
0.1495 -0.0635245 
0.1496 -0.0635325 
0.1497 -0.0635386 
0.1498 -0.0635429 
0.1499 -0.0635455 
0.15 -0.0635464 
0.1501 -0.0635457 
0.1502 -0.0635434 
0.1503 -0.0635396 
0.1504 -0.0635345 
0.1505 -0.0635279 
0.1506 -0.06352 
0.1507 -0.0635108 
0.1508 -0.0635004 
0.1509 -0.0634888 
0.151 -0.0634761 
0.1511 -0.0634623 
0.1512 -0.0634474 
0.1513 -0.0634316 
0.1514 -0.0634147 
0.1515 -0.063397 
0.1516 -0.0633783 
0.1517 -0.0633588 
0.1518 -0.0633385 
0.1519 -0.0633174 
0.152 -0.0632955 
0.1521 -0.0632729 
0.1522 -0.0632497 
0.1523 -0.0632257 
0.1524 -0.0632011 
0.1525 -0.0631759 
0.1526 -0.0631501 
0.1527 -0.0631238 
0.1528 -0.0630969 
0.1529 -0.0630695 
0.153 -0.0630416 
0.1531 -0.0630133 
0.1532 -0.0629845 
0.1533 -0.0629553 
0.1534 -0.0629257 
0.1535 -0.0628957 
0.1536 -0.0628653 
0.1537 -0.0628346 
0.1538 -0.0628036 
0.1539 -0.0627722 
0.154 -0.0627406 
0.1541 -0.0627087 
0.1542 -0.0626765 
0.1543 -0.0626441 
0.1544 -0.0626114 
0.1545 -0.0625785 
0.1546 -0.0625454 
0.1547 -0.0625121 
0.1548 -0.0624787 
0.1549 -0.062445 
0.155 -0.0624112 
0.1551 -0.0623773 
0.1552 -0.0623432 
0.1553 -0.0623091 
0.1554 -0.0622748 
0.1555 -0.0622403 
0.1556 -0.0622058 
0.1557 -0.0621713 
0.1558 -0.0621366 
0.1559 -0.0621019 
0.156 -0.0620671 
0.1561 -0.0620323 
0.1562 -0.0619974 
0.1563 -0.0619625 
0.1564 -0.0619276 
0.1565 -0.0618926 
0.1566 -0.0618577 
0.1567 -0.0618227 
0.1568 -0.0617877 
0.1569 -0.0617528 
0.157 -0.0617178 
0.1571 -0.0616829 
0.1572 -0.061648 
0.1573 -0.0616131 
0.1574 -0.0615782 
0.1575 -0.0615434 
0.1576 -0.0615087 
0.1577 -0.0614739 
0.1578 -0.0614393 
0.1579 -0.0614047 
0.158 -0.0613701 
0.1581 -0.0613356 
0.1582 -0.0613012 
0.1583 -0.0612668 
0.1584 -0.0612326 
0.1585 -0.0611984 
0.1586 -0.0611642 
0.1587 -0.0611302 
0.1588 -0.0610963 
0.1589 -0.0610624 
0.159 -0.0610286 
0.1591 -0.0609949 
0.1592 -0.0609614 
0.1593 -0.0609279 
0.1594 -0.0608945 
0.1595 -0.0608612 
0.1596 -0.060828 
0.1597 -0.0607949 
0.1598 -0.060762 
0.1599 -0.0607291 
0.16 -0.0606964 
0.1601 -0.0606637 
0.1602 -0.0606312 
0.1603 -0.0605988 
0.1604 -0.0605665 
0.1605 -0.0605343 
0.1606 -0.0605022 
0.1607 -0.0604703 
0.1608 -0.0604384 
0.1609 -0.0604067 
0.161 -0.0603751 
0.1611 -0.0603437 
0.1612 -0.0603123 
0.1613 -0.0602811 
0.1614 -0.06025 
0.1615 -0.060219 
0.1616 -0.0601881 
0.1617 -0.0601574 
0.1618 -0.0601268 
0.1619 -0.0600963 
0.162 -0.0600659 
0.1621 -0.0600356 
0.1622 -0.0600055 
0.1623 -0.0599755 
0.1624 -0.0599456 
0.1625 -0.0599159 
0.1626 -0.0598862 
0.1627 -0.0598567 
0.1628 -0.0598273 
0.1629 -0.059798 
0.163 -0.0597689 
0.1631 -0.0597398 
0.1632 -0.0597109 
0.1633 -0.0596821 
0.1634 -0.0596535 
0.1635 -0.0596249 
0.1636 -0.0595965 
0.1637 -0.0595682 
0.1638 -0.05954 
0.1639 -0.0595119 
0.164 -0.0594839 
0.1641 -0.059456 
0.1642 -0.0594283 
0.1643 -0.0594007 
0.1644 -0.0593732 
0.1645 -0.0593457 
0.1646 -0.0593185 
0.1647 -0.0592913 
0.1648 -0.0592642 
0.1649 -0.0592372 
0.165 -0.0592104 
0.1651 -0.0591836 
0.1652 -0.059157 
0.1653 -0.0591304 
0.1654 -0.059104 
0.1655 -0.0590777 
0.1656 -0.0590514 
0.1657 -0.0590253 
0.1658 -0.0589993 
0.1659 -0.0589733 
0.166 -0.0589475 
0.1661 -0.0589218 
0.1662 -0.0588961 
0.1663 -0.0588706 
0.1664 -0.0588451 
0.1665 -0.0588198 
0.1666 -0.0587945 
0.1667 -0.0587693 
0.1668 -0.0587442 
0.1669 -0.0587192 
0.167 -0.0586943 
0.1671 -0.0586695 
0.1672 -0.0586447 
0.1673 -0.0586201 
0.1674 -0.0585955 
0.1675 -0.058571 
0.1676 -0.0585466 
0.1677 -0.0585222 
0.1678 -0.058498 
0.1679 -0.0584738 
0.168 -0.0584496 
0.1681 -0.0584256 
0.1682 -0.0584016 
0.1683 -0.0583777 
0.1684 -0.0583539 
0.1685 -0.0583301 
0.1686 -0.0583064 
0.1687 -0.0582828 
0.1688 -0.0582592 
0.1689 -0.0582357 
0.169 -0.0582123 
0.1691 -0.0581889 
0.1692 -0.0581655 
0.1693 -0.0581423 
0.1694 -0.0581191 
0.1695 -0.0580959 
0.1696 -0.0580728 
0.1697 -0.0580497 
0.1698 -0.0580267 
0.1699 -0.0580037 
0.17 -0.0579808 
0.1701 -0.057958 
0.1702 -0.0579351 
0.1703 -0.0579123 
0.1704 -0.0578896 
0.1705 -0.0578669 
0.1706 -0.0578442 
0.1707 -0.0578216 
0.1708 -0.057799 
0.1709 -0.0577764 
0.171 -0.0577539 
0.1711 -0.0577314 
0.1712 -0.0577089 
0.1713 -0.0576865 
0.1714 -0.0576641 
0.1715 -0.0576416 
0.1716 -0.0576193 
0.1717 -0.0575969 
0.1718 -0.0575746 
0.1719 -0.0575522 
0.172 -0.0575299 
0.1721 -0.0575076 
0.1722 -0.0574853 
0.1723 -0.0574631 
0.1724 -0.0574408 
0.1725 -0.0574185 
0.1726 -0.0573962 
0.1727 -0.057374 
0.1728 -0.0573517 
0.1729 -0.0573294 
0.173 -0.0573072 
0.1731 -0.0572849 
0.1732 -0.0572626 
0.1733 -0.0572403 
0.1734 -0.057218 
0.1735 -0.0571957 
0.1736 -0.0571733 
0.1737 -0.057151 
0.1738 -0.0571286 
0.1739 -0.0571062 
0.174 -0.0570837 
0.1741 -0.0570613 
0.1742 -0.0570388 
0.1743 -0.0570162 
0.1744 -0.0569937 
0.1745 -0.0569711 
0.1746 -0.0569484 
0.1747 -0.0569257 
0.1748 -0.056903 
0.1749 -0.0568802 
0.175 -0.0568574 
0.1751 -0.0568345 
0.1752 -0.0568115 
0.1753 -0.0567885 
0.1754 -0.0567654 
0.1755 -0.0567423 
0.1756 -0.0567191 
0.1757 -0.0566958 
0.1758 -0.0566724 
0.1759 -0.056649 
0.176 -0.0566254 
0.1761 -0.0566018 
0.1762 -0.0565781 
0.1763 -0.0565543 
0.1764 -0.0565304 
0.1765 -0.0565064 
0.1766 -0.0564822 
0.1767 -0.056458 
0.1768 -0.0564337 
0.1769 -0.0564092 
0.177 -0.0563846 
0.1771 -0.0563599 
0.1772 -0.056335 
0.1773 -0.05631 
0.1774 -0.0562849 
0.1775 -0.0562596 
0.1776 -0.0562341 
0.1777 -0.0562085 
0.1778 -0.0561827 
0.1779 -0.0561567 
0.178 -0.0561306 
0.1781 -0.0561042 
0.1782 -0.0560777 
0.1783 -0.056051 
0.1784 -0.056024 
0.1785 -0.0559969 
0.1786 -0.0559695 
0.1787 -0.0559419 
0.1788 -0.055914 
0.1789 -0.0558859 
0.179 -0.0558575 
0.1791 -0.0558289 
0.1792 -0.0557999 
0.1793 -0.0557707 
0.1794 -0.0557412 
0.1795 -0.0557114 
0.1796 -0.0556812 
0.1797 -0.0556507 
0.1798 -0.0556198 
0.1799 -0.0555886 
0.18 -0.055557 
0.1801 -0.055525 
0.1802 -0.0554925 
0.1803 -0.0554597 
0.1804 -0.0554263 
0.1805 -0.0553926 
0.1806 -0.0553583 
0.1807 -0.0553235 
0.1808 -0.0552882 
0.1809 -0.0552523 
0.181 -0.0552158 
0.1811 -0.0551788 
0.1812 -0.055141 
0.1813 -0.0551026 
0.1814 -0.0550636 
0.1815 -0.0550237 
0.1816 -0.0549831 
0.1817 -0.0549417 
0.1818 -0.0548994 
0.1819 -0.0548562 
0.182 -0.0548121 
0.1821 -0.054767 
0.1822 -0.0547208 
0.1823 -0.0546734 
0.1824 -0.0546249 
0.1825 -0.0545751 
0.1826 -0.054524 
0.1827 -0.0544714 
0.1828 -0.0544173 
0.1829 -0.0543616 
0.183 -0.0543041 
0.1831 -0.0542448 
0.1832 -0.0541835 
0.1833 -0.05412 
0.1834 -0.0540541 
0.1835 -0.0539858 
0.1836 -0.0539147 
0.1837 -0.0538407 
0.1838 -0.0537634 
0.1839 -0.0536826 
0.184 -0.0535978 
0.1841 -0.0535088 
0.1842 -0.053415 
0.1843 -0.0533159 
0.1844 -0.0532109 
0.1845 -0.0530992 
0.1846 -0.05298 
0.1847 -0.0528522 
0.1848 -0.0527145 
0.1849 -0.0525654 
0.185 -0.052403 
0.1851 -0.0522247 
0.1852 -0.0520276 
0.1853 -0.0518077 
0.1854 -0.0515594 
0.1855 -0.0512756 
0.1856 -0.050946 
0.1857 -0.0505557 
0.1858 -0.0500821 
0.1859 -0.0494889 
0.186 -0.0487137 
0.1861 -0.0476386 
0.1862 -0.0460102 
0.1863 -0.0431679 
0.1864 -0.0367967 
0.1865 -0.0162807 
0.1866 0.015643 
0.1867 0.0219211 
0.1868 0.0173242 
0.1869 0.00929763 
0.187 0.00035911 
0.1871 -0.00823442 
0.1872 -0.0157772 
0.1873 -0.0218861 
0.1874 -0.0266195 
0.1875 -0.0303401 
0.1876 -0.0333941 
0.1877 -0.03602 
0.1878 -0.0383677 
0.1879 -0.0405254 
0.188 -0.0425378 
0.1881 -0.0444195 
0.1882 -0.046167 
0.1883 -0.0477696 
0.1884 -0.0492196 
0.1885 -0.0505166 
0.1886 -0.0516685 
0.1887 -0.0526888 
0.1888 -0.0535932 
0.1889 -0.0543975 
0.189 -0.0551162 
0.1891 -0.0557615 
0.1892 -0.056344 
0.1893 -0.0568723 
0.1894 -0.0573534 
0.1895 -0.0577932 
0.1896 -0.0581968 
0.1897 -0.0585682 
0.1898 -0.0589109 
0.1899 -0.059228 
0.19 -0.0595221 
0.1901 -0.0597954 
0.1902 -0.0600498 
0.1903 -0.0602872 
0.1904 -0.0605089 
0.1905 -0.0607163 
0.1906 -0.0609106 
0.1907 -0.0610928 
0.1908 -0.0612639 
0.1909 -0.0614245 
0.191 -0.0615755 
0.1911 -0.0617176 
0.1912 -0.0618512 
0.1913 -0.061977 
0.1914 -0.0620953 
0.1915 -0.0622067 
0.1916 -0.0623116 
0.1917 -0.0624103 
0.1918 -0.0625031 
0.1919 -0.0625903 
0.192 -0.0626723 
0.1921 -0.0627492 
0.1922 -0.0628214 
0.1923 -0.062889 
0.1924 -0.0629522 
0.1925 -0.0630114 
0.1926 -0.0630665 
0.1927 -0.0631179 
0.1928 -0.0631657 
0.1929 -0.0632099 
0.193 -0.0632509 
0.1931 -0.0632887 
0.1932 -0.0633234 
0.1933 -0.0633552 
0.1934 -0.0633842 
0.1935 -0.0634104 
0.1936 -0.0634341 
0.1937 -0.0634553 
0.1938 -0.0634741 
0.1939 -0.0634906 
0.194 -0.0635049 
0.1941 -0.0635171 
0.1942 -0.0635272 
0.1943 -0.0635354 
0.1944 -0.0635416 
0.1945 -0.0635461 
0.1946 -0.0635488 
0.1947 -0.0635498 
0.1948 -0.0635493 
0.1949 -0.0635471 
0.195 -0.0635435 
0.1951 -0.0635384 
0.1952 -0.063532 
0.1953 -0.0635242 
0.1954 -0.0635151 
0.1955 -0.0635048 
0.1956 -0.0634933 
0.1957 -0.0634807 
0.1958 -0.063467 
0.1959 -0.0634523 
0.196 -0.0634365 
0.1961 -0.0634198 
0.1962 -0.0634021 
0.1963 -0.0633836 
0.1964 -0.0633641 
0.1965 -0.0633439 
0.1966 -0.0633229 
0.1967 -0.0633011 
0.1968 -0.0632786 
0.1969 -0.0632554 
0.197 -0.0632315 
0.1971 -0.063207 
0.1972 -0.0631818 
0.1973 -0.0631561 
0.1974 -0.0631298 
0.1975 -0.063103 
0.1976 -0.0630757 
0.1977 -0.0630479 
0.1978 -0.0630196 
0.1979 -0.0629909 
0.198 -0.0629617 
0.1981 -0.0629321 
0.1982 -0.0629022 
0.1983 -0.0628719 
0.1984 -0.0628412 
0.1985 -0.0628103 
0.1986 -0.062779 
0.1987 -0.0627474 
0.1988 -0.0627155 
0.1989 -0.0626833 
0.199 -0.062651 
0.1991 -0.0626183 
0.1992 -0.0625855 
0.1993 -0.0625524 
0.1994 -0.0625192 
0.1995 -0.0624858 
0.1996 -0.0624522 
0.1997 -0.0624184 
0.1998 -0.0623845 
0.1999 -0.0623505 
0.2 -0.0623163 
0.2001 -0.062282 
0.2002 -0.0622476 
0.2003 -0.0622132 
0.2004 -0.0621786 
0.2005 -0.062144 
0.2006 -0.0621093 
0.2007 -0.0620745 
0.2008 -0.0620397 
0.2009 -0.0620049 
0.201 -0.06197 
0.2011 -0.0619351 
0.2012 -0.0619001 
0.2013 -0.0618652 
0.2014 -0.0618302 
0.2015 -0.0617953 
0.2016 -0.0617603 
0.2017 -0.0617254 
0.2018 -0.0616905 
0.2019 -0.0616556 
0.202 -0.0616207 
0.2021 -0.0615859 
0.2022 -0.0615511 
0.2023 -0.0615163 
0.2024 -0.0614816 
0.2025 -0.0614469 
0.2026 -0.0614123 
0.2027 -0.0613778 
0.2028 -0.0613433 
0.2029 -0.0613089 
0.203 -0.0612745 
0.2031 -0.0612402 
0.2032 -0.061206 
0.2033 -0.0611719 
0.2034 -0.0611379 
0.2035 -0.0611039 
0.2036 -0.0610701 
0.2037 -0.0610363 
0.2038 -0.0610026 
0.2039 -0.060969 
0.204 -0.0609355 
0.2041 -0.0609021 
0.2042 -0.0608688 
0.2043 -0.0608357 
0.2044 -0.0608026 
0.2045 -0.0607696 
0.2046 -0.0607367 
0.2047 -0.060704 
0.2048 -0.0606713 
0.2049 -0.0606388 
0.205 -0.0606064 
0.2051 -0.060574 
0.2052 -0.0605418 
0.2053 -0.0605098 
0.2054 -0.0604778 
0.2055 -0.060446 
0.2056 -0.0604142 
0.2057 -0.0603826 
0.2058 -0.0603511 
0.2059 -0.0603198 
0.206 -0.0602885 
0.2061 -0.0602574 
0.2062 -0.0602264 
0.2063 -0.0601955 
0.2064 -0.0601647 
0.2065 -0.0601341 
0.2066 -0.0601036 
0.2067 -0.0600732 
0.2068 -0.0600429 
0.2069 -0.0600128 
0.207 -0.0599827 
0.2071 -0.0599528 
0.2072 -0.059923 
0.2073 -0.0598934 
0.2074 -0.0598638 
0.2075 -0.0598344 
0.2076 -0.0598051 
0.2077 -0.0597759 
0.2078 -0.0597469 
0.2079 -0.0597179 
0.208 -0.0596891 
0.2081 -0.0596604 
0.2082 -0.0596318 
0.2083 -0.0596034 
0.2084 -0.059575 
0.2085 -0.0595468 
0.2086 -0.0595187 
0.2087 -0.0594907 
0.2088 -0.0594628 
0.2089 -0.059435 
0.209 -0.0594074 
0.2091 -0.0593798 
0.2092 -0.0593524 
0.2093 -0.0593251 
0.2094 -0.0592978 
0.2095 -0.0592707 
0.2096 -0.0592437 
0.2097 -0.0592168 
0.2098 -0.0591901 
0.2099 -0.0591634 
0.21 -0.0591368 
0.2101 -0.0591103 
0.2102 -0.059084 
0.2103 -0.0590577 
0.2104 -0.0590315 
0.2105 -0.0590055 
0.2106 -0.0589795 
0.2107 -0.0589536 
0.2108 -0.0589278 
0.2109 -0.0589022 
0.211 -0.0588766 
0.2111 -0.0588511 
0.2112 -0.0588257 
0.2113 -0.0588004 
0.2114 -0.0587751 
0.2115 -0.05875 
0.2116 -0.058725 
0.2117 -0.0587 
0.2118 -0.0586751 
0.2119 -0.0586504 
0.212 -0.0586256 
0.2121 -0.058601 
0.2122 -0.0585765 
0.2123 -0.058552 
0.2124 -0.0585276 
0.2125 -0.0585033 
0.2126 -0.0584791 
0.2127 -0.0584549 
0.2128 -0.0584308 
0.2129 -0.0584068 
0.213 -0.0583828 
0.2131 -0.058359 
0.2132 -0.0583351 
0.2133 -0.0583114 
0.2134 -0.0582877 
0.2135 -0.0582641 
0.2136 -0.0582405 
0.2137 -0.058217 
0.2138 -0.0581936 
0.2139 -0.0581702 
0.214 -0.0581469 
0.2141 -0.0581236 
0.2142 -0.0581004 
0.2143 -0.0580772 
0.2144 -0.0580541 
0.2145 -0.0580311 
0.2146 -0.058008 
0.2147 -0.0579851 
0.2148 -0.0579621 
0.2149 -0.0579393 
0.215 -0.0579164 
0.2151 -0.0578936 
0.2152 -0.0578709 
0.2153 -0.0578481 
0.2154 -0.0578254 
0.2155 -0.0578028 
0.2156 -0.0577802 
0.2157 -0.0577576 
0.2158 -0.057735 
0.2159 -0.0577125 
0.216 -0.05769 
0.2161 -0.0576675 
0.2162 -0.057645 
0.2163 -0.0576226 
0.2164 -0.0576001 
0.2165 -0.0575777 
0.2166 -0.0575553 
0.2167 -0.057533 
0.2168 -0.0575106 
0.2169 -0.0574882 
0.217 -0.0574659 
0.2171 -0.0574436 
0.2172 -0.0574212 
0.2173 -0.0573989 
0.2174 -0.0573765 
0.2175 -0.0573542 
0.2176 -0.0573319 
0.2177 -0.0573095 
0.2178 -0.0572872 
0.2179 -0.0572648 
0.218 -0.0572424 
0.2181 -0.0572201 
0.2182 -0.0571977 
0.2183 -0.0571752 
0.2184 -0.0571528 
0.2185 -0.0571303 
0.2186 -0.0571079 
0.2187 -0.0570853 
0.2188 -0.0570628 
0.2189 -0.0570402 
0.219 -0.0570176 
0.2191 -0.056995 
0.2192 -0.0569723 
0.2193 -0.0569495 
0.2194 -0.0569268 
0.2195 -0.0569039 
0.2196 -0.0568811 
0.2197 -0.0568581 
0.2198 -0.0568352 
0.2199 -0.0568121 
0.22 -0.056789 
0.2201 -0.0567658 
0.2202 -0.0567426 
0.2203 -0.0567193 
0.2204 -0.0566959 
0.2205 -0.0566724 
0.2206 -0.0566489 
0.2207 -0.0566253 
0.2208 -0.0566015 
0.2209 -0.0565777 
0.221 -0.0565538 
0.2211 -0.0565298 
0.2212 -0.0565057 
0.2213 -0.0564815 
0.2214 -0.0564571 
0.2215 -0.0564327 
0.2216 -0.0564081 
0.2217 -0.0563834 
0.2218 -0.0563585 
0.2219 -0.0563335 
0.222 -0.0563084 
0.2221 -0.0562831 
0.2222 -0.0562577 
0.2223 -0.0562321 
0.2224 -0.0562064 
0.2225 -0.0561805 
0.2226 -0.0561544 
0.2227 -0.0561281 
0.2228 -0.0561016 
0.2229 -0.0560749 
0.223 -0.0560481 
0.2231 -0.056021 
0.2232 -0.0559937 
0.2233 -0.0559661 
0.2234 -0.0559384 
0.2235 -0.0559103 
0.2236 -0.0558821 
0.2237 -0.0558535 
0.2238 -0.0558247 
0.2239 -0.0557956 
0.224 -0.0557662 
0.2241 -0.0557365 
0.2242 -0.0557065 
0.2243 -0.0556761 
0.2244 -0.0556454 
0.2245 -0.0556143 
0.2246 -0.0555829 
0.2247 -0.0555511 
0.2248 -0.0555188 
0.2249 -0.0554862 
0.225 -0.0554531 
0.2251 -0.0554195 
0.2252 -0.0553855 
0.2253 -0.055351 
0.2254 -0.0553159 
0.2255 -0.0552803 
0.2256 -0.0552442 
0.2257 -0.0552074 
0.2258 -0.05517 
0.2259 -0.055132 
0.226 -0.0550933 
0.2261 -0.0550539 
0.2262 -0.0550137 
0.2263 -0.0549727 
0.2264 -0.0549309 
0.2265 -0.0548883 
0.2266 -0.0548447 
0.2267 -0.0548001 
0.2268 -0.0547545 
0.2269 -0.0547078 
0.227 -0.05466 
0.2271 -0.054611 
0.2272 -0.0545606 
0.2273 -0.0545089 
0.2274 -0.0544557 
0.2275 -0.054401 
0.2276 -0.0543446 
0.2277 -0.0542864 
0.2278 -0.0542262 
0.2279 -0.0541641 
0.228 -0.0540997 
0.2281 -0.0540329 
0.2282 -0.0539635 
0.2283 -0.0538913 
0.2284 -0.0538161 
0.2285 -0.0537374 
0.2286 -0.0536552 
0.2287 -0.0535689 
0.2288 -0.0534781 
0.2289 -0.0533824 
0.229 -0.0532811 
0.2291 -0.0531737 
0.2292 -0.0530593 
0.2293 -0.0529371 
0.2294 -0.0528058 
0.2295 -0.0526641 
0.2296 -0.0525103 
0.2297 -0.0523424 
0.2298 -0.0521577 
0.2299 -0.0519528 
0.23 -0.0517232 
0.2301 -0.051463 
0.2302 -0.051164 
0.2303 -0.0508145 
0.2304 -0.0503972 
0.2305 -0.0498856 
0.2306 -0.0492358 
0.2307 -0.0483705 
0.2308 -0.047137 
0.2309 -0.0451867 
0.231 -0.0415231 
0.2311 -0.0321577 
0.2312 -0.00289664 
0.2313 0.0202047 
0.2314 0.0209254 
0.2315 0.0146498 
0.2316 0.00608874 
0.2317 -0.00284078 
0.2318 -0.0111285 
0.2319 -0.0181869 
0.232 -0.0237755 
0.2321 -0.0281044 
0.2322 -0.0315574 
0.2323 -0.034443 
0.2324 -0.0369635 
0.2325 -0.0392434 
0.2326 -0.0413524 
0.2327 -0.0433222 
0.2328 -0.0451586 
0.2329 -0.0468541 
0.233 -0.0483985 
0.2331 -0.0497871 
0.2332 -0.0510236 
0.2333 -0.0521191 
0.2334 -0.0530886 
0.2335 -0.0539486 
0.2336 -0.0547146 
0.2337 -0.0554003 
0.2338 -0.0560173 
0.2339 -0.0565752 
0.234 -0.0570821 
0.2341 -0.0575445 
0.2342 -0.057968 
0.2343 -0.058357 
0.2344 -0.0587155 
0.2345 -0.0590468 
0.2346 -0.0593535 
0.2347 -0.0596383 
0.2348 -0.0599032 
0.2349 -0.0601501 
0.235 -0.0603805 
0.2351 -0.0605959 
0.2352 -0.0607976 
0.2353 -0.0609865 
0.2354 -0.0611638 
0.2355 -0.0613303 
0.2356 -0.0614867 
0.2357 -0.0616338 
0.2358 -0.0617722 
0.2359 -0.0619024 
0.236 -0.062025 
0.2361 -0.0621403 
0.2362 -0.0622489 
0.2363 -0.0623511 
0.2364 -0.0624472 
0.2365 -0.0625376 
0.2366 -0.0626226 
0.2367 -0.0627023 
0.2368 -0.0627772 
0.2369 -0.0628474 
0.237 -0.0629131 
0.2371 -0.0629746 
0.2372 -0.063032 
0.2373 -0.0630855 
0.2374 -0.0631353 
0.2375 -0.0631816 
0.2376 -0.0632244 
0.2377 -0.063264 
0.2378 -0.0633005 
0.2379 -0.0633339 
0.238 -0.0633645 
0.2381 -0.0633923 
0.2382 -0.0634174 
0.2383 -0.06344 
0.2384 -0.0634601 
0.2385 -0.0634779 
0.2386 -0.0634934 
0.2387 -0.0635068 
0.2388 -0.0635181 
0.2389 -0.0635273 
0.239 -0.0635346 
0.2391 -0.0635401 
0.2392 -0.0635438 
0.2393 -0.0635457 
0.2394 -0.063546 
0.2395 -0.0635448 
0.2396 -0.0635419 
0.2397 -0.0635377 
0.2398 -0.063532 
0.2399 -0.0635249 
0.24 -0.0635165 
0.2401 -0.0635069 
0.2402 -0.0634961 
0.2403 -0.063484 
0.2404 -0.0634709 
0.2405 -0.0634567 
0.2406 -0.0634415 
0.2407 -0.0634253 
0.2408 -0.0634081 
0.2409 -0.06339 
0.241 -0.063371 
0.2411 -0.0633512 
0.2412 -0.0633306 
0.2413 -0.0633092 
0.2414 -0.063287 
0.2415 -0.0632642 
0.2416 -0.0632406 
0.2417 -0.0632164 
0.2418 -0.0631916 
0.2419 -0.0631661 
0.242 -0.0631401 
0.2421 -0.0631136 
0.2422 -0.0630865 
0.2423 -0.0630589 
0.2424 -0.0630308 
0.2425 -0.0630023 
0.2426 -0.0629733 
0.2427 -0.0629439 
0.2428 -0.0629141 
0.2429 -0.062884 
0.243 -0.0628535 
0.2431 -0.0628226 
0.2432 -0.0627914 
0.2433 -0.0627599 
0.2434 -0.0627282 
0.2435 -0.0626961 
0.2436 -0.0626638 
0.2437 -0.0626312 
0.2438 -0.0625985 
0.2439 -0.0625655 
0.244 -0.0625323 
0.2441 -0.0624989 
0.2442 -0.0624653 
0.2443 -0.0624316 
0.2444 -0.0623977 
0.2445 -0.0623636 
0.2446 -0.0623295 
0.2447 -0.0622952 
0.2448 -0.0622608 
0.2449 -0.0622263 
0.245 -0.0621917 
0.2451 -0.0621571 
0.2452 -0.0621223 
0.2453 -0.0620875 
0.2454 -0.0620527 
0.2455 -0.0620178 
0.2456 -0.0619828 
0.2457 -0.0619479 
0.2458 -0.0619129 
0.2459 -0.0618779 
0.246 -0.0618428 
0.2461 -0.0618078 
0.2462 -0.0617728 
0.2463 -0.0617377 
0.2464 -0.0617027 
0.2465 -0.0616677 
0.2466 -0.0616328 
0.2467 -0.0615978 
0.2468 -0.0615629 
0.2469 -0.0615281 
0.247 -0.0614932 
0.2471 -0.0614585 
0.2472 -0.0614237 
0.2473 -0.0613891 
0.2474 -0.0613545 
0.2475 -0.0613199 
0.2476 -0.0612855 
0.2477 -0.0612511 
0.2478 -0.0612167 
0.2479 -0.0611825 
0.248 -0.0611483 
0.2481 -0.0611142 
0.2482 -0.0610802 
0.2483 -0.0610463 
0.2484 -0.0610125 
0.2485 -0.0609787 
0.2486 -0.0609451 
0.2487 -0.0609116 
0.2488 -0.0608781 
0.2489 -0.0608448 
0.249 -0.0608115 
0.2491 -0.0607784 
0.2492 -0.0607454 
0.2493 -0.0607125 
0.2494 -0.0606797 
0.2495 -0.060647 
0.2496 -0.0606144 
0.2497 -0.0605819 
0.2498 -0.0605496 
0.2499 -0.0605173 
0.25 -0.0604852 
0.2501 -0.0604532 
0.2502 -0.0604213 
0.2503 -0.0603895 
0.2504 -0.0603579 
0.2505 -0.0603263 
0.2506 -0.0602949 
0.2507 -0.0602636 
0.2508 -0.0602324 
0.2509 -0.0602014 
0.251 -0.0601704 
0.2511 -0.0601396 
0.2512 -0.0601089 
0.2513 -0.0600784 
0.2514 -0.0600479 
0.2515 -0.0600176 
0.2516 -0.0599874 
0.2517 -0.0599573 
0.2518 -0.0599273 
0.2519 -0.0598975 
0.252 -0.0598678 
0.2521 -0.0598382 
0.2522 -0.0598087 
0.2523 -0.0597794 
0.2524 -0.0597501 
0.2525 -0.059721 
0.2526 -0.059692 
0.2527 -0.0596631 
0.2528 -0.0596343 
0.2529 -0.0596057 
0.253 -0.0595772 
0.2531 -0.0595488 
0.2532 -0.0595205 
0.2533 -0.0594923 
0.2534 -0.0594642 
0.2535 -0.0594362 
0.2536 -0.0594084 
0.2537 -0.0593807 
0.2538 -0.0593531 
0.2539 -0.0593255 
0.254 -0.0592981 
0.2541 -0.0592709 
0.2542 -0.0592437 
0.2543 -0.0592166 
0.2544 -0.0591896 
0.2545 -0.0591628 
0.2546 -0.059136 
0.2547 -0.0591093 
0.2548 -0.0590828 
0.2549 -0.0590563 
0.255 -0.05903 
0.2551 -0.0590037 
0.2552 -0.0589776 
0.2553 -0.0589515 
0.2554 -0.0589255 
0.2555 -0.0588997 
0.2556 -0.0588739 
0.2557 -0.0588482 
0.2558 -0.0588226 
0.2559 -0.0587971 
0.256 -0.0587717 
0.2561 -0.0587464 
0.2562 -0.0587211 
0.2563 -0.058696 
0.2564 -0.0586709 
0.2565 -0.0586459 
0.2566 -0.058621 
0.2567 -0.0585962 
0.2568 -0.0585715 
0.2569 -0.0585468 
0.257 -0.0585222 
0.2571 -0.0584977 
0.2572 -0.0584733 
0.2573 -0.0584489 
0.2574 -0.0584246 
0.2575 -0.0584004 
0.2576 -0.0583763 
0.2577 -0.0583522 
0.2578 -0.0583282 
0.2579 -0.0583042 
0.258 -0.0582803 
0.2581 -0.0582565 
0.2582 -0.0582328 
0.2583 -0.0582091 
0.2584 -0.0581854 
0.2585 -0.0581618 
0.2586 -0.0581383 
0.2587 -0.0581148 
0.2588 -0.0580914 
0.2589 -0.058068 
0.259 -0.0580447 
0.2591 -0.0580214 
0.2592 -0.0579982 
0.2593 -0.057975 
0.2594 -0.0579519 
0.2595 -0.0579288 
0.2596 -0.0579057 
0.2597 -0.0578827 
0.2598 -0.0578597 
0.2599 -0.0578368 
0.26 -0.0578139 
0.2601 -0.057791 
0.2602 -0.0577681 
0.2603 -0.0577453 
0.2604 -0.0577225 
0.2605 -0.0576998 
0.2606 -0.057677 
0.2607 -0.0576543 
0.2608 -0.0576316 
0.2609 -0.0576089 
0.261 -0.0575863 
0.2611 -0.0575636 
0.2612 -0.057541 
0.2613 -0.0575184 
0.2614 -0.0574958 
0.2615 -0.0574732 
0.2616 -0.0574506 
0.2617 -0.057428 
0.2618 -0.0574054 
0.2619 -0.0573828 
0.262 -0.0573603 
0.2621 -0.0573377 
0.2622 -0.0573151 
0.2623 -0.0572925 
0.2624 -0.0572699 
0.2625 -0.0572472 
0.2626 -0.0572246 
0.2627 -0.0572019 
0.2628 -0.0571793 
0.2629 -0.0571566 
0.263 -0.0571338 
0.2631 -0.0571111 
0.2632 -0.0570883 
0.2633 -0.0570655 
0.2634 -0.0570427 
0.2635 -0.0570198 
0.2636 -0.0569969 
0.2637 -0.056974 
0.2638 -0.056951 
0.2639 -0.0569279 
0.264 -0.0569048 
0.2641 -0.0568817 
0.2642 -0.0568585 
0.2643 -0.0568353 
0.2644 -0.0568119 
0.2645 -0.0567886 
0.2646 -0.0567651 
0.2647 -0.0567416 
0.2648 -0.056718 
0.2649 -0.0566944 
0.265 -0.0566706 
0.2651 -0.0566468 
0.2652 -0.0566229 
0.2653 -0.0565989 
0.2654 -0.0565748 
0.2655 -0.0565506 
0.2656 -0.0565262 
0.2657 -0.0565018 
0.2658 -0.0564773 
0.2659 -0.0564527 
0.266 -0.0564279 
0.2661 -0.056403 
0.2662 -0.056378 
0.2663 -0.0563528 
0.2664 -0.0563275 
0.2665 -0.0563021 
0.2666 -0.0562765 
0.2667 -0.0562507 
0.2668 -0.0562248 
0.2669 -0.0561987 
0.267 -0.0561725 
0.2671 -0.056146 
0.2672 -0.0561194 
0.2673 -0.0560926 
0.2674 -0.0560655 
0.2675 -0.0560383 
0.2676 -0.0560108 
0.2677 -0.0559831 
0.2678 -0.0559552 
0.2679 -0.055927 
0.268 -0.0558986 
0.2681 -0.0558699 
0.2682 -0.0558409 
0.2683 -0.0558117 
0.2684 -0.0557822 
0.2685 -0.0557523 
0.2686 -0.0557221 
0.2687 -0.0556916 
0.2688 -0.0556608 
0.2689 -0.0556296 
0.269 -0.055598 
0.2691 -0.0555661 
0.2692 -0.0555337 
0.2693 -0.055501 
0.2694 -0.0554677 
0.2695 -0.0554341 
0.2696 -0.0553999 
0.2697 -0.0553653 
0.2698 -0.0553301 
0.2699 -0.0552944 
0.27 -0.0552582 
0.2701 -0.0552213 
0.2702 -0.0551839 
0.2703 -0.0551457 
0.2704 -0.0551069 
0.2705 -0.0550674 
0.2706 -0.0550272 
0.2707 -0.0549861 
0.2708 -0.0549443 
0.2709 -0.0549015 
0.271 -0.0548579 
0.2711 -0.0548133 
0.2712 -0.0547676 
0.2713 -0.0547209 
0.2714 -0.0546731 
0.2715 -0.054624 
0.2716 -0.0545736 
0.2717 -0.0545219 
0.2718 -0.0544687 
0.2719 -0.054414 
0.272 -0.0543576 
0.2721 -0.0542995 
0.2722 -0.0542394 
0.2723 -0.0541773 
0.2724 -0.054113 
0.2725 -0.0540463 
0.2726 -0.0539771 
0.2727 -0.0539051 
0.2728 -0.05383 
0.2729 -0.0537516 
0.273 -0.0536696 
0.2731 -0.0535836 
0.2732 -0.0534931 
0.2733 -0.0533978 
0.2734 -0.0532971 
0.2735 -0.0531902 
0.2736 -0.0530765 
0.2737 -0.052955 
0.2738 -0.0528246 
0.2739 -0.0526839 
0.274 -0.0525314 
0.2741 -0.052365 
0.2742 -0.0521822 
0.2743 -0.0519795 
0.2744 -0.0517528 
0.2745 -0.0514961 
0.2746 -0.0512017 
0.2747 -0.0508583 
0.2748 -0.0504495 
0.2749 -0.0499499 
0.275 -0.0493183 
0.2751 -0.0484823 
0.2752 -0.0473012 
0.2753 -0.04546 
0.2754 -0.0420844 
0.2755 -0.0338175 
0.2756 -0.00710658 
0.2757 0.0191784 
0.2758 0.0213368 
0.2759 0.0155078 
0.276 0.00707683 
0.2761 -0.00187914 
0.2762 -0.0102796 
0.2763 -0.017501 
0.2764 -0.0232546 
0.2765 -0.0277092 
0.2766 -0.0312477 
0.2767 -0.0341907 
0.2768 -0.036751 
0.2769 -0.0390596 
0.277 -0.041191 
0.2771 -0.0431794 
0.2772 -0.0450326 
0.2773 -0.0467436 
0.2774 -0.0483022 
0.2775 -0.0497036 
0.2776 -0.0509513 
0.2777 -0.0520561 
0.2778 -0.0530334 
0.2779 -0.0538997 
0.278 -0.0546708 
0.2781 -0.0553607 
0.2782 -0.0559812 
0.2783 -0.0565421 
0.2784 -0.0570515 
0.2785 -0.0575162 
0.2786 -0.0579415 
0.2787 -0.0583323 
0.2788 -0.0586923 
0.2789 -0.0590249 
0.279 -0.0593329 
0.2791 -0.0596188 
0.2792 -0.0598847 
0.2793 -0.0601325 
0.2794 -0.0603638 
0.2795 -0.06058 
0.2796 -0.0607824 
0.2797 -0.0609721 
0.2798 -0.06115 
0.2799 -0.0613171 
0.28 -0.0614741 
0.2801 -0.0616217 
0.2802 -0.0617606 
0.2803 -0.0618913 
0.2804 -0.0620142 
0.2805 -0.06213 
0.2806 -0.062239 
0.2807 -0.0623415 
0.2808 -0.062438 
0.2809 -0.0625287 
0.281 -0.062614 
0.2811 -0.0626941 
0.2812 -0.0627692 
0.2813 -0.0628397 
0.2814 -0.0629057 
0.2815 -0.0629674 
0.2816 -0.063025 
0.2817 -0.0630787 
0.2818 -0.0631288 
0.2819 -0.0631752 
0.282 -0.0632182 
0.2821 -0.063258 
0.2822 -0.0632946 
0.2823 -0.0633282 
0.2824 -0.0633589 
0.2825 -0.0633868 
0.2826 -0.0634121 
0.2827 -0.0634348 
0.2828 -0.0634551 
0.2829 -0.063473 
0.283 -0.0634886 
0.2831 -0.0635021 
0.2832 -0.0635134 
0.2833 -0.0635228 
0.2834 -0.0635302 
0.2835 -0.0635357 
0.2836 -0.0635395 
0.2837 -0.0635415 
0.2838 -0.0635418 
0.2839 -0.0635406 
0.284 -0.0635378 
0.2841 -0.0635336 
0.2842 -0.063528 
0.2843 -0.0635209 
0.2844 -0.0635126 
0.2845 -0.063503 
0.2846 -0.0634922 
0.2847 -0.0634802 
0.2848 -0.0634671 
0.2849 -0.0634529 
0.285 -0.0634377 
0.2851 -0.0634215 
0.2852 -0.0634043 
0.2853 -0.0633862 
0.2854 -0.0633673 
0.2855 -0.0633474 
0.2856 -0.0633268 
0.2857 -0.0633054 
0.2858 -0.0632832 
0.2859 -0.0632604 
0.286 -0.0632368 
0.2861 -0.0632126 
0.2862 -0.0631877 
0.2863 -0.0631623 
0.2864 -0.0631362 
0.2865 -0.0631097 
0.2866 -0.0630825 
0.2867 -0.0630549 
0.2868 -0.0630268 
0.2869 -0.0629982 
0.287 -0.0629692 
0.2871 -0.0629398 
0.2872 -0.06291 
0.2873 -0.0628798 
0.2874 -0.0628492 
0.2875 -0.0628183 
0.2876 -0.0627871 
0.2877 -0.0627556 
0.2878 -0.0627237 
0.2879 -0.0626916 
0.288 -0.0626593 
0.2881 -0.0626267 
0.2882 -0.0625938 
0.2883 -0.0625608 
0.2884 -0.0625275 
0.2885 -0.0624941 
0.2886 -0.0624604 
0.2887 -0.0624266 
0.2888 -0.0623927 
0.2889 -0.0623586 
0.289 -0.0623244 
0.2891 -0.06229 
0.2892 -0.0622556 
0.2893 -0.062221 
0.2894 -0.0621864 
0.2895 -0.0621516 
0.2896 -0.0621168 
0.2897 -0.062082 
0.2898 -0.062047 
0.2899 -0.0620121 
0.29 -0.061977 
0.2901 -0.061942 
0.2902 -0.0619069 
0.2903 -0.0618718 
0.2904 -0.0618367 
0.2905 -0.0618016 
0.2906 -0.0617665 
0.2907 -0.0617314 
0.2908 -0.0616963 
0.2909 -0.0616612 
0.291 -0.0616262 
0.2911 -0.0615912 
0.2912 -0.0615562 
0.2913 -0.0615212 
0.2914 -0.0614863 
0.2915 -0.0614515 
0.2916 -0.0614167 
0.2917 -0.0613819 
0.2918 -0.0613472 
0.2919 -0.0613126 
0.292 -0.061278 
0.2921 -0.0612435 
0.2922 -0.0612091 
0.2923 -0.0611748 
0.2924 -0.0611405 
0.2925 -0.0611063 
0.2926 -0.0610722 
0.2927 -0.0610382 
0.2928 -0.0610043 
0.2929 -0.0609705 
0.293 -0.0609367 
0.2931 -0.0609031 
0.2932 -0.0608696 
0.2933 -0.0608361 
0.2934 -0.0608028 
0.2935 -0.0607696 
0.2936 -0.0607365 
0.2937 -0.0607034 
0.2938 -0.0606705 
0.2939 -0.0606377 
0.294 -0.0606051 
0.2941 -0.0605725 
0.2942 -0.06054 
0.2943 -0.0605077 
0.2944 -0.0604754 
0.2945 -0.0604433 
0.2946 -0.0604113 
0.2947 -0.0603795 
0.2948 -0.0603477 
0.2949 -0.0603161 
0.295 -0.0602845 
0.2951 -0.0602531 
0.2952 -0.0602219 
0.2953 -0.0601907 
0.2954 -0.0601597 
0.2955 -0.0601287 
0.2956 -0.0600979 
0.2957 -0.0600673 
0.2958 -0.0600367 
0.2959 -0.0600063 
0.296 -0.059976 
0.2961 -0.0599458 
0.2962 -0.0599157 
0.2963 -0.0598857 
0.2964 -0.0598559 
0.2965 -0.0598262 
0.2966 -0.0597966 
0.2967 -0.0597671 
0.2968 -0.0597378 
0.2969 -0.0597086 
0.297 -0.0596794 
0.2971 -0.0596504 
0.2972 -0.0596216 
0.2973 -0.0595928 
0.2974 -0.0595642 
0.2975 -0.0595356 
0.2976 -0.0595072 
0.2977 -0.0594789 
0.2978 -0.0594507 
0.2979 -0.0594226 
0.298 -0.0593947 
0.2981 -0.0593668 
0.2982 -0.0593391 
0.2983 -0.0593114 
0.2984 -0.0592839 
0.2985 -0.0592565 
0.2986 -0.0592292 
0.2987 -0.059202 
0.2988 -0.0591749 
0.2989 -0.0591479 
0.299 -0.059121 
0.2991 -0.0590942 
0.2992 -0.0590675 
0.2993 -0.059041 
0.2994 -0.0590145 
0.2995 -0.0589881 
0.2996 -0.0589618 
0.2997 -0.0589356 
0.2998 -0.0589095 
0.2999 -0.0588835 
0.3 -0.0588576 
0.3001 -0.0588318 
0.3002 -0.058806 
0.3003 -0.0587804 
0.3004 -0.0587549 
0.3005 -0.0587294 
0.3006 -0.058704 
0.3007 -0.0586787 
0.3008 -0.0586535 
0.3009 -0.0586284 
0.301 -0.0586033 
0.3011 -0.0585784 
0.3012 -0.0585535 
0.3013 -0.0585287 
0.3014 -0.0585039 
0.3015 -0.0584793 
0.3016 -0.0584547 
0.3017 -0.0584302 
0.3018 -0.0584057 
0.3019 -0.0583814 
0.302 -0.0583571 
0.3021 -0.0583328 
0.3022 -0.0583087 
0.3023 -0.0582846 
0.3024 -0.0582605 
0.3025 -0.0582365 
0.3026 -0.0582126 
0.3027 -0.0581887 
0.3028 -0.0581649 
0.3029 -0.0581412 
0.303 -0.0581175 
0.3031 -0.0580938 
0.3032 -0.0580702 
0.3033 -0.0580467 
0.3034 -0.0580232 
0.3035 -0.0579997 
0.3036 -0.0579763 
0.3037 -0.057953 
0.3038 -0.0579296 
0.3039 -0.0579064 
0.304 -0.0578831 
0.3041 -0.0578599 
0.3042 -0.0578367 
0.3043 -0.0578136 
0.3044 -0.0577905 
0.3045 -0.0577674 
0.3046 -0.0577444 
0.3047 -0.0577214 
0.3048 -0.0576984 
0.3049 -0.0576754 
0.305 -0.0576525 
0.3051 -0.0576295 
0.3052 -0.0576066 
0.3053 -0.0575837 
0.3054 -0.0575609 
0.3055 -0.057538 
0.3056 -0.0575152 
0.3057 -0.0574923 
0.3058 -0.0574695 
0.3059 -0.0574467 
0.306 -0.0574238 
0.3061 -0.057401 
0.3062 -0.0573782 
0.3063 -0.0573554 
0.3064 -0.0573325 
0.3065 -0.0573097 
0.3066 -0.0572869 
0.3067 -0.057264 
0.3068 -0.0572411 
0.3069 -0.0572182 
0.307 -0.0571953 
0.3071 -0.0571724 
0.3072 -0.0571495 
0.3073 -0.0571265 
0.3074 -0.0571035 
0.3075 -0.0570805 
0.3076 -0.0570574 
0.3077 -0.0570343 
0.3078 -0.0570112 
0.3079 -0.056988 
0.308 -0.0569648 
0.3081 -0.0569415 
0.3082 -0.0569182 
0.3083 -0.0568949 
0.3084 -0.0568715 
0.3085 -0.056848 
0.3086 -0.0568244 
0.3087 -0.0568009 
0.3088 -0.0567772 
0.3089 -0.0567535 
0.309 -0.0567297 
0.3091 -0.0567058 
0.3092 -0.0566818 
0.3093 -0.0566578 
0.3094 -0.0566336 
0.3095 -0.0566094 
0.3096 -0.0565851 
0.3097 -0.0565607 
0.3098 -0.0565361 
0.3099 -0.0565115 
0.31 -0.0564868 
0.3101 -0.0564619 
0.3102 -0.0564369 
0.3103 -0.0564118 
0.3104 -0.0563866 
0.3105 -0.0563612 
0.3106 -0.0563357 
0.3107 -0.05631 
0.3108 -0.0562842 
0.3109 -0.0562582 
0.311 -0.0562321 
0.3111 -0.0562058 
0.3112 -0.0561793 
0.3113 -0.0561526 
0.3114 -0.0561258 
0.3115 -0.0560987 
0.3116 -0.0560714 
0.3117 -0.056044 
0.3118 -0.0560163 
0.3119 -0.0559884 
0.312 -0.0559602 
0.3121 -0.0559318 
0.3122 -0.0559031 
0.3123 -0.0558742 
0.3124 -0.055845 
0.3125 -0.0558155 
0.3126 -0.0557857 
0.3127 -0.0557556 
0.3128 -0.0557252 
0.3129 -0.0556945 
0.313 -0.0556634 
0.3131 -0.0556319 
0.3132 -0.0556001 
0.3133 -0.0555679 
0.3134 -0.0555353 
0.3135 -0.0555022 
0.3136 -0.0554687 
0.3137 -0.0554348 
0.3138 -0.0554003 
0.3139 -0.0553654 
0.314 -0.05533 
0.3141 -0.055294 
0.3142 -0.0552574 
0.3143 -0.0552202 
0.3144 -0.0551824 
0.3145 -0.055144 
0.3146 -0.0551048 
0.3147 -0.055065 
0.3148 -0.0550244 
0.3149 -0.054983 
0.315 -0.0549407 
0.3151 -0.0548976 
0.3152 -0.0548535 
0.3153 -0.0548085 
0.3154 -0.0547624 
0.3155 -0.0547153 
0.3156 -0.0546669 
0.3157 -0.0546174 
0.3158 -0.0545665 
0.3159 -0.0545143 
0.316 -0.0544605 
0.3161 -0.0544052 
0.3162 -0.0543482 
0.3163 -0.0542894 
0.3164 -0.0542287 
0.3165 -0.0541658 
0.3166 -0.0541008 
0.3167 -0.0540333 
0.3168 -0.0539631 
0.3169 -0.0538902 
0.317 -0.0538141 
0.3171 -0.0537346 
0.3172 -0.0536514 
0.3173 -0.0535641 
0.3174 -0.0534722 
0.3175 -0.0533754 
0.3176 -0.0532729 
0.3177 -0.0531641 
0.3178 -0.0530482 
0.3179 -0.0529243 
0.318 -0.0527911 
0.3181 -0.0526473 
0.3182 -0.0524911 
0.3183 -0.0523204 
0.3184 -0.0521324 
0.3185 -0.0519235 
0.3186 -0.0516892 
0.3187 -0.0514231 
0.3188 -0.0511166 
0.3189 -0.0507573 
0.319 -0.0503268 
0.3191 -0.0497964 
0.3192 -0.0491185 
0.3193 -0.0482075 
0.3194 -0.0468914 
0.3195 -0.0447712 
0.3196 -0.0406323 
0.3197 -0.0293644 
0.3198 0.00279209 
0.3199 0.0212141 
0.32 0.0202262 
0.3201 0.0133947 
0.3202 0.00467166 
0.3203 -0.0042217 
0.3204 -0.0123616 
0.3205 -0.0192054 
0.3206 -0.0245828 
0.3207 -0.0287589 
0.3208 -0.032116 
0.3209 -0.0349447 
0.321 -0.0374328 
0.3211 -0.0396935 
0.3212 -0.0417886 
0.3213 -0.0437436 
0.3214 -0.0455605 
0.3215 -0.0472308 
0.3216 -0.0487452 
0.3217 -0.0501009 
0.3218 -0.0513046 
0.3219 -0.0523692 
0.322 -0.0533109 
0.3221 -0.0541463 
0.3222 -0.0548909 
0.3223 -0.0555581 
0.3224 -0.056159 
0.3225 -0.0567029 
0.3226 -0.0571977 
0.3227 -0.0576494 
0.3228 -0.0580634 
0.3229 -0.0584441 
0.323 -0.0587952 
0.3231 -0.0591198 
0.3232 -0.0594206 
0.3233 -0.0597001 
0.3234 -0.0599602 
0.3235 -0.0602026 
0.3236 -0.0604291 
0.3237 -0.0606409 
0.3238 -0.0608392 
0.3239 -0.0610251 
0.324 -0.0611996 
0.3241 -0.0613635 
0.3242 -0.0615175 
0.3243 -0.0616624 
0.3244 -0.0617986 
0.3245 -0.0619269 
0.3246 -0.0620476 
0.3247 -0.0621612 
0.3248 -0.0622682 
0.3249 -0.0623688 
0.325 -0.0624635 
0.3251 -0.0625525 
0.3252 -0.0626361 
0.3253 -0.0627146 
0.3254 -0.0627883 
0.3255 -0.0628573 
0.3256 -0.062922 
0.3257 -0.0629824 
0.3258 -0.0630388 
0.3259 -0.0630914 
0.326 -0.0631403 
0.3261 -0.0631856 
0.3262 -0.0632276 
0.3263 -0.0632663 
0.3264 -0.063302 
0.3265 -0.0633347 
0.3266 -0.0633645 
0.3267 -0.0633916 
0.3268 -0.063416 
0.3269 -0.063438 
0.327 -0.0634575 
0.3271 -0.0634746 
0.3272 -0.0634896 
0.3273 -0.0635023 
0.3274 -0.063513 
0.3275 -0.0635218 
0.3276 -0.0635285 
0.3277 -0.0635335 
0.3278 -0.0635367 
0.3279 -0.0635382 
0.328 -0.063538 
0.3281 -0.0635363 
0.3282 -0.063533 
0.3283 -0.0635283 
0.3284 -0.0635222 
0.3285 -0.0635147 
0.3286 -0.0635059 
0.3287 -0.0634959 
0.3288 -0.0634847 
0.3289 -0.0634723 
0.329 -0.0634589 
0.3291 -0.0634443 
0.3292 -0.0634287 
0.3293 -0.0634122 
0.3294 -0.0633947 
0.3295 -0.0633763 
0.3296 -0.063357 
0.3297 -0.0633369 
0.3298 -0.063316 
0.3299 -0.0632943 
0.33 -0.0632719 
0.3301 -0.0632487 
0.3302 -0.0632249 
0.3303 -0.0632004 
0.3304 -0.0631754 
0.3305 -0.0631497 
0.3306 -0.0631234 
0.3307 -0.0630966 
0.3308 -0.0630693 
0.3309 -0.0630415 
0.331 -0.0630132 
0.3311 -0.0629844 
0.3312 -0.0629552 
0.3313 -0.0629256 
0.3314 -0.0628956 
0.3315 -0.0628653 
0.3316 -0.0628345 
0.3317 -0.0628035 
0.3318 -0.0627721 
0.3319 -0.0627404 
0.332 -0.0627084 
0.3321 -0.0626762 
0.3322 -0.0626437 
0.3323 -0.062611 
0.3324 -0.062578 
0.3325 -0.0625448 
0.3326 -0.0625115 
0.3327 -0.0624779 
0.3328 -0.0624441 
0.3329 -0.0624102 
0.333 -0.0623762 
0.3331 -0.062342 
0.3332 -0.0623077 
0.3333 -0.0622732 
0.3334 -0.0622387 
0.3335 -0.062204 
0.3336 -0.0621693 
0.3337 -0.0621345 
0.3338 -0.0620996 
0.3339 -0.0620646 
0.334 -0.0620296 
0.3341 -0.0619946 
0.3342 -0.0619595 
0.3343 -0.0619244 
0.3344 -0.0618892 
0.3345 -0.0618541 
0.3346 -0.0618189 
0.3347 -0.0617837 
0.3348 -0.0617485 
0.3349 -0.0617134 
0.335 -0.0616782 
0.3351 -0.0616431 
0.3352 -0.061608 
0.3353 -0.0615729 
0.3354 -0.0615378 
0.3355 -0.0615028 
0.3356 -0.0614679 
0.3357 -0.061433 
0.3358 -0.0613981 
0.3359 -0.0613633 
0.336 -0.0613286 
0.3361 -0.0612939 
0.3362 -0.0612593 
0.3363 -0.0612247 
0.3364 -0.0611902 
0.3365 -0.0611559 
0.3366 -0.0611215 
0.3367 -0.0610873 
0.3368 -0.0610532 
0.3369 -0.0610191 
0.337 -0.0609852 
0.3371 -0.0609513 
0.3372 -0.0609175 
0.3373 -0.0608838 
0.3374 -0.0608503 
0.3375 -0.0608168 
0.3376 -0.0607834 
0.3377 -0.0607501 
0.3378 -0.060717 
0.3379 -0.0606839 
0.338 -0.060651 
0.3381 -0.0606181 
0.3382 -0.0605854 
0.3383 -0.0605528 
0.3384 -0.0605203 
0.3385 -0.0604879 
0.3386 -0.0604556 
0.3387 -0.0604235 
0.3388 -0.0603914 
0.3389 -0.0603595 
0.339 -0.0603277 
0.3391 -0.060296 
0.3392 -0.0602644 
0.3393 -0.060233 
0.3394 -0.0602017 
0.3395 -0.0601705 
0.3396 -0.0601394 
0.3397 -0.0601084 
0.3398 -0.0600776 
0.3399 -0.0600468 
0.34 -0.0600162 
0.3401 -0.0599858 
0.3402 -0.0599554 
0.3403 -0.0599251 
0.3404 -0.059895 
0.3405 -0.059865 
0.3406 -0.0598351 
0.3407 -0.0598054 
0.3408 -0.0597757 
0.3409 -0.0597462 
0.341 -0.0597168 
0.3411 -0.0596875 
0.3412 -0.0596584 
0.3413 -0.0596293 
0.3414 -0.0596004 
0.3415 -0.0595716 
0.3416 -0.0595428 
0.3417 -0.0595143 
0.3418 -0.0594858 
0.3419 -0.0594574 
0.342 -0.0594292 
0.3421 -0.059401 
0.3422 -0.059373 
0.3423 -0.0593451 
0.3424 -0.0593173 
0.3425 -0.0592896 
0.3426 -0.059262 
0.3427 -0.0592345 
0.3428 -0.0592071 
0.3429 -0.0591799 
0.343 -0.0591527 
0.3431 -0.0591257 
0.3432 -0.0590987 
0.3433 -0.0590718 
0.3434 -0.0590451 
0.3435 -0.0590184 
0.3436 -0.0589919 
0.3437 -0.0589654 
0.3438 -0.058939 
0.3439 -0.0589128 
0.344 -0.0588866 
0.3441 -0.0588605 
0.3442 -0.0588345 
0.3443 -0.0588086 
0.3444 -0.0587828 
0.3445 -0.0587571 
0.3446 -0.0587314 
0.3447 -0.0587059 
0.3448 -0.0586804 
0.3449 -0.058655 
0.345 -0.0586297 
0.3451 -0.0586045 
0.3452 -0.0585794 
0.3453 -0.0585543 
0.3454 -0.0585293 
0.3455 -0.0585044 
0.3456 -0.0584796 
0.3457 -0.0584548 
0.3458 -0.0584302 
0.3459 -0.0584055 
0.346 -0.058381 
0.3461 -0.0583565 
0.3462 -0.0583321 
0.3463 -0.0583078 
0.3464 -0.0582835 
0.3465 -0.0582593 
0.3466 -0.0582351 
0.3467 -0.058211 
0.3468 -0.058187 
0.3469 -0.058163 
0.347 -0.058139 
0.3471 -0.0581152 
0.3472 -0.0580913 
0.3473 -0.0580676 
0.3474 -0.0580439 
0.3475 -0.0580202 
0.3476 -0.0579965 
0.3477 -0.057973 
0.3478 -0.0579494 
0.3479 -0.0579259 
0.348 -0.0579025 
0.3481 -0.057879 
0.3482 -0.0578556 
0.3483 -0.0578323 
0.3484 -0.057809 
0.3485 -0.0577857 
0.3486 -0.0577624 
0.3487 -0.0577392 
0.3488 -0.057716 
0.3489 -0.0576928 
0.349 -0.0576697 
0.3491 -0.0576466 
0.3492 -0.0576234 
0.3493 -0.0576003 
0.3494 -0.0575773 
0.3495 -0.0575542 
0.3496 -0.0575312 
0.3497 -0.0575081 
0.3498 -0.0574851 
0.3499 -0.0574621 
0.35 -0.057439 
0.3501 -0.057416 
0.3502 -0.057393 
0.3503 -0.05737 
0.3504 -0.0573469 
0.3505 -0.0573239 
0.3506 -0.0573009 
0.3507 -0.0572778 
0.3508 -0.0572548 
0.3509 -0.0572317 
0.351 -0.0572086 
0.3511 -0.0571855 
0.3512 -0.0571623 
0.3513 -0.0571392 
0.3514 -0.057116 
0.3515 -0.0570928 
0.3516 -0.0570695 
0.3517 -0.0570462 
0.3518 -0.0570229 
0.3519 -0.0569996 
0.352 -0.0569762 
0.3521 -0.0569527 
0.3522 -0.0569292 
0.3523 -0.0569057 
0.3524 -0.0568821 
0.3525 -0.0568584 
0.3526 -0.0568347 
0.3527 -0.0568109 
0.3528 -0.0567871 
0.3529 -0.0567632 
0.353 -0.0567392 
0.3531 -0.0567151 
0.3532 -0.056691 
0.3533 -0.0566668 
0.3534 -0.0566425 
0.3535 -0.056618 
0.3536 -0.0565935 
0.3537 -0.0565689 
0.3538 -0.0565442 
0.3539 -0.0565194 
0.354 -0.0564945 
0.3541 -0.0564695 
0.3542 -0.0564443 
0.3543 -0.056419 
0.3544 -0.0563936 
0.3545 -0.056368 
0.3546 -0.0563423 
0.3547 -0.0563165 
0.3548 -0.0562905 
0.3549 -0.0562643 
0.355 -0.056238 
0.3551 -0.0562115 
0.3552 -0.0561848 
0.3553 -0.056158 
0.3554 -0.0561309 
0.3555 -0.0561037 
0.3556 -0.0560762 
0.3557 -0.0560486 
0.3558 -0.0560207 
0.3559 -0.0559926 
0.356 -0.0559642 
0.3561 -0.0559356 
0.3562 -0.0559068 
0.3563 -0.0558776 
0.3564 -0.0558482 
0.3565 -0.0558185 
0.3566 -0.0557886 
0.3567 -0.0557583 
0.3568 -0.0557276 
0.3569 -0.0556967 
0.357 -0.0556654 
0.3571 -0.0556337 
0.3572 -0.0556017 
0.3573 -0.0555692 
0.3574 -0.0555364 
0.3575 -0.0555031 
0.3576 -0.0554694 
0.3577 -0.0554352 
0.3578 -0.0554005 
0.3579 -0.0553653 
0.358 -0.0553296 
0.3581 -0.0552934 
0.3582 -0.0552565 
0.3583 -0.0552191 
0.3584 -0.0551811 
0.3585 -0.0551423 
0.3586 -0.0551029 
0.3587 -0.0550628 
0.3588 -0.0550218 
0.3589 -0.0549801 
0.359 -0.0549376 
0.3591 -0.0548941 
0.3592 -0.0548497 
0.3593 -0.0548043 
0.3594 -0.0547579 
0.3595 -0.0547103 
0.3596 -0.0546616 
0.3597 -0.0546116 
0.3598 -0.0545603 
0.3599 -0.0545076 
0.36 -0.0544534 
0.3601 -0.0543976 
0.3602 -0.0543401 
0.3603 -0.0542808 
0.3604 -0.0542194 
0.3605 -0.054156 
0.3606 -0.0540903 
0.3607 -0.0540221 
0.3608 -0.0539512 
0.3609 -0.0538774 
0.361 -0.0538005 
0.3611 -0.0537201 
0.3612 -0.0536358 
0.3613 -0.0535474 
0.3614 -0.0534544 
0.3615 -0.0533561 
0.3616 -0.0532522 
0.3617 -0.0531417 
0.3618 -0.053024 
0.3619 -0.0528979 
0.362 -0.0527624 
0.3621 -0.0526158 
0.3622 -0.0524564 
0.3623 -0.0522819 
0.3624 -0.0520894 
0.3625 -0.0518751 
0.3626 -0.0516341 
0.3627 -0.0513596 
0.3628 -0.0510423 
0.3629 -0.0506687 
0.363 -0.0502185 
0.3631 -0.0496597 
0.3632 -0.0489385 
0.3633 -0.0479557 
0.3634 -0.046506 
0.3635 -0.0440839 
0.3636 -0.0390663 
0.3637 -0.0241066 
0.3638 0.00989512 
0.3639 0.0219269 
0.364 0.0189779 
0.3641 0.0114914 
0.3642 0.00261298 
0.3643 -0.00617637 
0.3644 -0.014063 
0.3645 -0.0205734 
0.3646 -0.0256466 
0.3647 -0.0296078 
0.3648 -0.0328267 
0.3649 -0.0355685 
0.365 -0.038001 
0.3651 -0.0402239 
0.3652 -0.0422889 
0.3653 -0.0442145 
0.3654 -0.0459991 
0.3655 -0.047633 
0.3656 -0.0491085 
0.3657 -0.0504256 
0.3658 -0.0515929 
0.3659 -0.0526246 
0.366 -0.0535374 
0.3661 -0.0543478 
0.3662 -0.055071 
0.3663 -0.0557197 
0.3664 -0.0563048 
0.3665 -0.0568351 
0.3666 -0.0573178 
0.3667 -0.0577591 
0.3668 -0.0581639 
0.3669 -0.0585364 
0.367 -0.0588802 
0.3671 -0.0591983 
0.3672 -0.0594933 
0.3673 -0.0597674 
0.3674 -0.0600227 
0.3675 -0.0602608 
0.3676 -0.0604832 
0.3677 -0.0606914 
0.3678 -0.0608863 
0.3679 -0.0610692 
0.368 -0.0612408 
0.3681 -0.061402 
0.3682 -0.0615536 
0.3683 -0.0616962 
0.3684 -0.0618303 
0.3685 -0.0619565 
0.3686 -0.0620754 
0.3687 -0.0621872 
0.3688 -0.0622925 
0.3689 -0.0623915 
0.369 -0.0624847 
0.3691 -0.0625722 
0.3692 -0.0626545 
0.3693 -0.0627317 
0.3694 -0.0628042 
0.3695 -0.0628721 
0.3696 -0.0629356 
0.3697 -0.0629949 
0.3698 -0.0630503 
0.3699 -0.0631019 
0.37 -0.0631498 
0.3701 -0.0631943 
0.3702 -0.0632354 
0.3703 -0.0632733 
0.3704 -0.0633082 
0.3705 -0.0633401 
0.3706 -0.0633691 
0.3707 -0.0633955 
0.3708 -0.0634193 
0.3709 -0.0634406 
0.371 -0.0634594 
0.3711 -0.063476 
0.3712 -0.0634903 
0.3713 -0.0635025 
0.3714 -0.0635127 
0.3715 -0.0635209 
0.3716 -0.0635271 
0.3717 -0.0635316 
0.3718 -0.0635343 
0.3719 -0.0635353 
0.372 -0.0635347 
0.3721 -0.0635326 
0.3722 -0.0635289 
0.3723 -0.0635238 
0.3724 -0.0635173 
0.3725 -0.0635094 
0.3726 -0.0635003 
0.3727 -0.0634899 
0.3728 -0.0634784 
0.3729 -0.0634657 
0.373 -0.0634519 
0.3731 -0.0634371 
0.3732 -0.0634212 
0.3733 -0.0634044 
0.3734 -0.0633866 
0.3735 -0.0633679 
0.3736 -0.0633484 
0.3737 -0.063328 
0.3738 -0.0633069 
0.3739 -0.063285 
0.374 -0.0632623 
0.3741 -0.0632389 
0.3742 -0.0632149 
0.3743 -0.0631902 
0.3744 -0.063165 
0.3745 -0.0631391 
0.3746 -0.0631126 
0.3747 -0.0630857 
0.3748 -0.0630582 
0.3749 -0.0630302 
0.375 -0.0630017 
0.3751 -0.0629728 
0.3752 -0.0629435 
0.3753 -0.0629137 
0.3754 -0.0628836 
0.3755 -0.0628531 
0.3756 -0.0628222 
0.3757 -0.062791 
0.3758 -0.0627595 
0.3759 -0.0627277 
0.376 -0.0626956 
0.3761 -0.0626633 
0.3762 -0.0626307 
0.3763 -0.0625978 
0.3764 -0.0625648 
0.3765 -0.0625315 
0.3766 -0.062498 
0.3767 -0.0624643 
0.3768 -0.0624305 
0.3769 -0.0623965 
0.377 -0.0623624 
0.3771 -0.0623281 
0.3772 -0.0622937 
0.3773 -0.0622592 
0.3774 -0.0622245 
0.3775 -0.0621898 
0.3776 -0.062155 
0.3777 -0.0621201 
0.3778 -0.0620852 
0.3779 -0.0620502 
0.378 -0.0620151 
0.3781 -0.06198 
0.3782 -0.0619448 
0.3783 -0.0619096 
0.3784 -0.0618744 
0.3785 -0.0618392 
0.3786 -0.061804 
0.3787 -0.0617688 
0.3788 -0.0617335 
0.3789 -0.0616983 
0.379 -0.0616631 
0.3791 -0.0616279 
0.3792 -0.0615928 
0.3793 -0.0615576 
0.3794 -0.0615225 
0.3795 -0.0614875 
0.3796 -0.0614525 
0.3797 -0.0614175 
0.3798 -0.0613826 
0.3799 -0.0613478 
0.38 -0.061313 
0.3801 -0.0612783 
0.3802 -0.0612436 
0.3803 -0.061209 
0.3804 -0.0611745 
0.3805 -0.0611401 
0.3806 -0.0611057 
0.3807 -0.0610715 
0.3808 -0.0610373 
0.3809 -0.0610032 
0.381 -0.0609692 
0.3811 -0.0609353 
0.3812 -0.0609015 
0.3813 -0.0608678 
0.3814 -0.0608342 
0.3815 -0.0608007 
0.3816 -0.0607672 
0.3817 -0.0607339 
0.3818 -0.0607007 
0.3819 -0.0606676 
0.382 -0.0606347 
0.3821 -0.0606018 
0.3822 -0.060569 
0.3823 -0.0605364 
0.3824 -0.0605038 
0.3825 -0.0604714 
0.3826 -0.0604391 
0.3827 -0.0604069 
0.3828 -0.0603748 
0.3829 -0.0603429 
0.383 -0.060311 
0.3831 -0.0602793 
0.3832 -0.0602477 
0.3833 -0.0602162 
0.3834 -0.0601849 
0.3835 -0.0601536 
0.3836 -0.0601225 
0.3837 -0.0600915 
0.3838 -0.0600606 
0.3839 -0.0600299 
0.384 -0.0599992 
0.3841 -0.0599687 
0.3842 -0.0599383 
0.3843 -0.059908 
0.3844 -0.0598779 
0.3845 -0.0598478 
0.3846 -0.0598179 
0.3847 -0.0597881 
0.3848 -0.0597584 
0.3849 -0.0597288 
0.385 -0.0596994 
0.3851 -0.0596701 
0.3852 -0.0596409 
0.3853 -0.0596118 
0.3854 -0.0595828 
0.3855 -0.0595539 
0.3856 -0.0595252 
0.3857 -0.0594965 
0.3858 -0.059468 
0.3859 -0.0594396 
0.386 -0.0594113 
0.3861 -0.0593831 
0.3862 -0.059355 
0.3863 -0.0593271 
0.3864 -0.0592992 
0.3865 -0.0592715 
0.3866 -0.0592438 
0.3867 -0.0592163 
0.3868 -0.0591889 
0.3869 -0.0591615 
0.387 -0.0591343 
0.3871 -0.0591072 
0.3872 -0.0590802 
0.3873 -0.0590533 
0.3874 -0.0590265 
0.3875 -0.0589997 
0.3876 -0.0589731 
0.3877 -0.0589466 
0.3878 -0.0589202 
0.3879 -0.0588938 
0.388 -0.0588676 
0.3881 -0.0588414 
0.3882 -0.0588154 
0.3883 -0.0587894 
0.3884 -0.0587635 
0.3885 -0.0587378 
0.3886 -0.058712 
0.3887 -0.0586864 
0.3888 -0.0586609 
0.3889 -0.0586354 
0.389 -0.0586101 
0.3891 -0.0585848 
0.3892 -0.0585596 
0.3893 -0.0585344 
0.3894 -0.0585094 
0.3895 -0.0584844 
0.3896 -0.0584595 
0.3897 -0.0584346 
0.3898 -0.0584099 
0.3899 -0.0583852 
0.39 -0.0583605 
0.3901 -0.058336 
0.3902 -0.0583115 
0.3903 -0.058287 
0.3904 -0.0582627 
0.3905 -0.0582383 
0.3906 -0.0582141 
0.3907 -0.0581899 
0.3908 -0.0581658 
0.3909 -0.0581417 
0.391 -0.0581176 
0.3911 -0.0580937 
0.3912 -0.0580697 
0.3913 -0.0580459 
0.3914 -0.058022 
0.3915 -0.0579983 
0.3916 -0.0579745 
0.3917 -0.0579508 
0.3918 -0.0579272 
0.3919 -0.0579036 
0.392 -0.05788 
0.3921 -0.0578564 
0.3922 -0.0578329 
0.3923 -0.0578095 
0.3924 -0.057786 
0.3925 -0.0577626 
0.3926 -0.0577392 
0.3927 -0.0577159 
0.3928 -0.0576926 
0.3929 -0.0576692 
0.393 -0.057646 
0.3931 -0.0576227 
0.3932 -0.0575994 
0.3933 -0.0575762 
0.3934 -0.057553 
0.3935 -0.0575298 
0.3936 -0.0575066 
0.3937 -0.0574834 
0.3938 -0.0574602 
0.3939 -0.057437 
0.394 -0.0574138 
0.3941 -0.0573907 
0.3942 -0.0573675 
0.3943 -0.0573443 
0.3944 -0.0573211 
0.3945 -0.0572979 
0.3946 -0.0572747 
0.3947 -0.0572514 
0.3948 -0.0572282 
0.3949 -0.0572049 
0.395 -0.0571817 
0.3951 -0.0571584 
0.3952 -0.057135 
0.3953 -0.0571117 
0.3954 -0.0570883 
0.3955 -0.0570649 
0.3956 -0.0570414 
0.3957 -0.0570179 
0.3958 -0.0569944 
0.3959 -0.0569708 
0.396 -0.0569472 
0.3961 -0.0569235 
0.3962 -0.0568998 
0.3963 -0.056876 
0.3964 -0.0568522 
0.3965 -0.0568283 
0.3966 -0.0568043 
0.3967 -0.0567803 
0.3968 -0.0567561 
0.3969 -0.056732 
0.397 -0.0567077 
0.3971 -0.0566834 
0.3972 -0.0566589 
0.3973 -0.0566344 
0.3974 -0.0566098 
0.3975 -0.0565851 
0.3976 -0.0565603 
0.3977 -0.0565354 
0.3978 -0.0565103 
0.3979 -0.0564852 
0.398 -0.0564599 
0.3981 -0.0564345 
0.3982 -0.056409 
0.3983 -0.0563834 
0.3984 -0.0563576 
0.3985 -0.0563316 
0.3986 -0.0563056 
0.3987 -0.0562793 
0.3988 -0.0562529 
0.3989 -0.0562263 
0.399 -0.0561996 
0.3991 -0.0561726 
0.3992 -0.0561455 
0.3993 -0.0561182 
0.3994 -0.0560907 
0.3995 -0.0560629 
0.3996 -0.056035 
0.3997 -0.0560068 
0.3998 -0.0559784 
0.3999 -0.0559497 
0.4 -0.0559208 
0.4001 -0.0558916 
0.4002 -0.0558621 
0.4003 -0.0558324 
0.4004 -0.0558024 
0.4005 -0.055772 
0.4006 -0.0557414 
0.4007 -0.0557104 
0.4008 -0.055679 
0.4009 -0.0556473 
0.401 -0.0556152 
0.4011 -0.0555828 
0.4012 -0.0555499 
0.4013 -0.0555166 
0.4014 -0.0554829 
0.4015 -0.0554487 
0.4016 -0.055414 
0.4017 -0.0553788 
0.4018 -0.0553431 
0.4019 -0.0553069 
0.402 -0.05527 
0.4021 -0.0552326 
0.4022 -0.0551946 
0.4023 -0.0551559 
0.4024 -0.0551165 
0.4025 -0.0550764 
0.4026 -0.0550355 
0.4027 -0.0549939 
0.4028 -0.0549514 
0.4029 -0.054908 
0.403 -0.0548637 
0.4031 -0.0548184 
0.4032 -0.0547721 
0.4033 -0.0547247 
0.4034 -0.0546761 
0.4035 -0.0546263 
0.4036 -0.0545751 
0.4037 -0.0545226 
0.4038 -0.0544686 
0.4039 -0.054413 
0.404 -0.0543558 
0.4041 -0.0542967 
0.4042 -0.0542357 
0.4043 -0.0541726 
0.4044 -0.0541072 
0.4045 -0.0540394 
0.4046 -0.053969 
0.4047 -0.0538957 
0.4048 -0.0538193 
0.4049 -0.0537395 
0.405 -0.053656 
0.4051 -0.0535683 
0.4052 -0.0534761 
0.4053 -0.0533789 
0.4054 -0.053276 
0.4055 -0.0531668 
0.4056 -0.0530505 
0.4057 -0.0529261 
0.4058 -0.0527924 
0.4059 -0.052648 
0.406 -0.0524912 
0.4061 -0.0523198 
0.4062 -0.0521311 
0.4063 -0.0519213 
0.4064 -0.051686 
0.4065 -0.0514187 
0.4066 -0.0511107 
0.4067 -0.0507495 
0.4068 -0.0503164 
0.4069 -0.0497825 
0.407 -0.0490994 
0.4071 -0.0481799 
0.4072 -0.0468486 
0.4073 -0.0446899 
0.4074 -0.0404508 
0.4075 -0.0287722 
0.4076 0.00380215 
0.4077 0.0213562 
0.4078 0.0200826 
0.4079 0.0131538 
0.408 0.00440056 
0.4081 -0.00448915 
0.4082 -0.0126057 
0.4083 -0.0194136 
0.4084 -0.0247563 
0.4085 -0.0289091 
0.4086 -0.0322537 
0.4087 -0.0350774 
0.4088 -0.037565 
0.4089 -0.0398272 
0.409 -0.0419237 
0.4091 -0.0438782 
0.4092 -0.045692 
0.4093 -0.0473558 
0.4094 -0.0488612 
0.4095 -0.0502069 
0.4096 -0.0514002 
0.4097 -0.0524547 
0.4098 -0.053387 
0.4099 -0.0542141 
0.41 -0.0549513 
0.4101 -0.0556119 
0.4102 -0.0562072 
0.4103 -0.0567462 
0.4104 -0.0572365 
0.4105 -0.0576845 
0.4106 -0.0580951 
0.4107 -0.0584728 
0.4108 -0.0588212 
0.4109 -0.0591434 
0.411 -0.0594421 
0.4111 -0.0597197 
0.4112 -0.059978 
0.4113 -0.060219 
0.4114 -0.060444 
0.4115 -0.0606545 
0.4116 -0.0608516 
0.4117 -0.0610365 
0.4118 -0.06121 
0.4119 -0.0613729 
0.412 -0.0615261 
0.4121 -0.0616702 
0.4122 -0.0618057 
0.4123 -0.0619333 
0.4124 -0.0620533 
0.4125 -0.0621663 
0.4126 -0.0622727 
0.4127 -0.0623728 
0.4128 -0.0624669 
0.4129 -0.0625555 
0.413 -0.0626386 
0.4131 -0.0627167 
0.4132 -0.06279 
0.4133 -0.0628586 
0.4134 -0.0629228 
0.4135 -0.0629829 
0.4136 -0.0630389 
0.4137 -0.0630911 
0.4138 -0.0631397 
0.4139 -0.0631847 
0.414 -0.0632264 
0.4141 -0.0632648 
0.4142 -0.0633002 
0.4143 -0.0633326 
0.4144 -0.0633622 
0.4145 -0.063389 
0.4146 -0.0634132 
0.4147 -0.0634349 
0.4148 -0.0634541 
0.4149 -0.0634711 
0.415 -0.0634857 
0.4151 -0.0634983 
0.4152 -0.0635088 
0.4153 -0.0635173 
0.4154 -0.0635239 
0.4155 -0.0635286 
0.4156 -0.0635316 
0.4157 -0.0635329 
0.4158 -0.0635325 
0.4159 -0.0635306 
0.416 -0.0635272 
0.4161 -0.0635223 
0.4162 -0.063516 
0.4163 -0.0635084 
0.4164 -0.0634994 
0.4165 -0.0634893 
0.4166 -0.0634779 
0.4167 -0.0634654 
0.4168 -0.0634517 
0.4169 -0.063437 
0.417 -0.0634213 
0.4171 -0.0634046 
0.4172 -0.063387 
0.4173 -0.0633684 
0.4174 -0.063349 
0.4175 -0.0633288 
0.4176 -0.0633077 
0.4177 -0.0632859 
0.4178 -0.0632633 
0.4179 -0.0632401 
0.418 -0.0632161 
0.4181 -0.0631915 
0.4182 -0.0631663 
0.4183 -0.0631405 
0.4184 -0.0631141 
0.4185 -0.0630872 
0.4186 -0.0630598 
0.4187 -0.0630318 
0.4188 -0.0630034 
0.4189 -0.0629745 
0.419 -0.0629452 
0.4191 -0.0629155 
0.4192 -0.0628854 
0.4193 -0.062855 
0.4194 -0.0628241 
0.4195 -0.062793 
0.4196 -0.0627615 
0.4197 -0.0627297 
0.4198 -0.0626976 
0.4199 -0.0626653 
0.42 -0.0626327 
0.4201 -0.0625998 
0.4202 -0.0625667 
0.4203 -0.0625335 
0.4204 -0.0625 
0.4205 -0.0624663 
0.4206 -0.0624325 
0.4207 -0.0623985 
0.4208 -0.0623643 
0.4209 -0.06233 
0.421 -0.0622956 
0.4211 -0.062261 
0.4212 -0.0622264 
0.4213 -0.0621916 
0.4214 -0.0621568 
0.4215 -0.0621219 
0.4216 -0.0620869 
0.4217 -0.0620519 
0.4218 -0.0620168 
0.4219 -0.0619816 
0.422 -0.0619464 
0.4221 -0.0619112 
0.4222 -0.0618759 
0.4223 -0.0618407 
0.4224 -0.0618054 
0.4225 -0.0617701 
0.4226 -0.0617349 
0.4227 -0.0616996 
0.4228 -0.0616644 
0.4229 -0.0616291 
0.423 -0.0615939 
0.4231 -0.0615587 
0.4232 -0.0615236 
0.4233 -0.0614885 
0.4234 -0.0614534 
0.4235 -0.0614184 
0.4236 -0.0613835 
0.4237 -0.0613486 
0.4238 -0.0613137 
0.4239 -0.0612789 
0.424 -0.0612442 
0.4241 -0.0612096 
0.4242 -0.061175 
0.4243 -0.0611405 
0.4244 -0.0611061 
0.4245 -0.0610718 
0.4246 -0.0610375 
0.4247 -0.0610034 
0.4248 -0.0609693 
0.4249 -0.0609353 
0.425 -0.0609015 
0.4251 -0.0608677 
0.4252 -0.060834 
0.4253 -0.0608004 
0.4254 -0.0607669 
0.4255 -0.0607336 
0.4256 -0.0607003 
0.4257 -0.0606671 
0.4258 -0.0606341 
0.4259 -0.0606011 
0.426 -0.0605683 
0.4261 -0.0605356 
0.4262 -0.060503 
0.4263 -0.0604705 
0.4264 -0.0604381 
0.4265 -0.0604058 
0.4266 -0.0603737 
0.4267 -0.0603417 
0.4268 -0.0603097 
0.4269 -0.060278 
0.427 -0.0602463 
0.4271 -0.0602147 
0.4272 -0.0601833 
0.4273 -0.060152 
0.4274 -0.0601208 
0.4275 -0.0600897 
0.4276 -0.0600587 
0.4277 -0.0600279 
0.4278 -0.0599972 
0.4279 -0.0599666 
0.428 -0.0599361 
0.4281 -0.0599057 
0.4282 -0.0598755 
0.4283 -0.0598454 
0.4284 -0.0598154 
0.4285 -0.0597855 
0.4286 -0.0597557 
0.4287 -0.0597261 
0.4288 -0.0596966 
0.4289 -0.0596671 
0.429 -0.0596379 
0.4291 -0.0596087 
0.4292 -0.0595796 
0.4293 -0.0595507 
0.4294 -0.0595218 
0.4295 -0.0594931 
0.4296 -0.0594645 
0.4297 -0.059436 
0.4298 -0.0594077 
0.4299 -0.0593794 
0.43 -0.0593512 
0.4301 -0.0593232 
0.4302 -0.0592952 
0.4303 -0.0592674 
0.4304 -0.0592397 
0.4305 -0.0592121 
0.4306 -0.0591846 
0.4307 -0.0591571 
0.4308 -0.0591298 
0.4309 -0.0591026 
0.431 -0.0590755 
0.4311 -0.0590485 
0.4312 -0.0590216 
0.4313 -0.0589948 
0.4314 -0.0589681 
0.4315 -0.0589415 
0.4316 -0.058915 
0.4317 -0.0588886 
0.4318 -0.0588623 
0.4319 -0.058836 
0.432 -0.0588099 
0.4321 -0.0587838 
0.4322 -0.0587578 
0.4323 -0.058732 
0.4324 -0.0587062 
0.4325 -0.0586805 
0.4326 -0.0586548 
0.4327 -0.0586293 
0.4328 -0.0586038 
0.4329 -0.0585784 
0.433 -0.0585531 
0.4331 -0.0585279 
0.4332 -0.0585028 
0.4333 -0.0584777 
0.4334 -0.0584527 
0.4335 -0.0584277 
0.4336 -0.0584029 
0.4337 -0.0583781 
0.4338 -0.0583534 
0.4339 -0.0583287 
0.434 -0.0583041 
0.4341 -0.0582796 
0.4342 -0.0582551 
0.4343 -0.0582307 
0.4344 -0.0582063 
0.4345 -0.058182 
0.4346 -0.0581578 
0.4347 -0.0581336 
0.4348 -0.0581095 
0.4349 -0.0580854 
0.435 -0.0580614 
0.4351 -0.0580374 
0.4352 -0.0580135 
0.4353 -0.0579896 
0.4354 -0.0579657 
0.4355 -0.0579419 
0.4356 -0.0579182 
0.4357 -0.0578945 
0.4358 -0.0578708 
0.4359 -0.0578471 
0.436 -0.0578235 
0.4361 -0.0577999 
0.4362 -0.0577764 
0.4363 -0.0577529 
0.4364 -0.0577294 
0.4365 -0.0577059 
0.4366 -0.0576825 
0.4367 -0.057659 
0.4368 -0.0576356 
0.4369 -0.0576122 
0.437 -0.0575889 
0.4371 -0.0575655 
0.4372 -0.0575422 
0.4373 -0.0575188 
0.4374 -0.0574955 
0.4375 -0.0574722 
0.4376 -0.0574489 
0.4377 -0.0574256 
0.4378 -0.0574023 
0.4379 -0.057379 
0.438 -0.0573556 
0.4381 -0.0573323 
0.4382 -0.057309 
0.4383 -0.0572856 
0.4384 -0.0572623 
0.4385 -0.0572389 
0.4386 -0.0572155 
0.4387 -0.0571921 
0.4388 -0.0571687 
0.4389 -0.0571453 
0.439 -0.0571218 
0.4391 -0.0570983 
0.4392 -0.0570747 
0.4393 -0.0570512 
0.4394 -0.0570275 
0.4395 -0.0570039 
0.4396 -0.0569802 
0.4397 -0.0569565 
0.4398 -0.0569327 
0.4399 -0.0569088 
0.44 -0.0568849 
0.4401 -0.056861 
0.4402 -0.056837 
0.4403 -0.0568129 
0.4404 -0.0567887 
0.4405 -0.0567645 
0.4406 -0.0567402 
0.4407 -0.0567158 
0.4408 -0.0566914 
0.4409 -0.0566669 
0.441 -0.0566422 
0.4411 -0.0566175 
0.4412 -0.0565927 
0.4413 -0.0565678 
0.4414 -0.0565427 
0.4415 -0.0565176 
0.4416 -0.0564923 
0.4417 -0.056467 
0.4418 -0.0564415 
0.4419 -0.0564158 
0.442 -0.0563901 
0.4421 -0.0563642 
0.4422 -0.0563381 
0.4423 -0.0563119 
0.4424 -0.0562856 
0.4425 -0.0562591 
0.4426 -0.0562324 
0.4427 -0.0562055 
0.4428 -0.0561785 
0.4429 -0.0561513 
0.443 -0.0561238 
0.4431 -0.0560962 
0.4432 -0.0560684 
0.4433 -0.0560403 
0.4434 -0.056012 
0.4435 -0.0559835 
0.4436 -0.0559547 
0.4437 -0.0559257 
0.4438 -0.0558964 
0.4439 -0.0558668 
0.444 -0.055837 
0.4441 -0.0558068 
0.4442 -0.0557764 
0.4443 -0.0557456 
0.4444 -0.0557145 
0.4445 -0.055683 
0.4446 -0.0556512 
0.4447 -0.055619 
0.4448 -0.0555865 
0.4449 -0.0555535 
0.445 -0.0555201 
0.4451 -0.0554862 
0.4452 -0.0554519 
0.4453 -0.0554171 
0.4454 -0.0553818 
0.4455 -0.055346 
0.4456 -0.0553096 
0.4457 -0.0552727 
0.4458 -0.0552352 
0.4459 -0.055197 
0.446 -0.0551582 
0.4461 -0.0551187 
0.4462 -0.0550784 
0.4463 -0.0550374 
0.4464 -0.0549956 
0.4465 -0.054953 
0.4466 -0.0549095 
0.4467 -0.054865 
0.4468 -0.0548196 
0.4469 -0.0547731 
0.447 -0.0547256 
0.4471 -0.0546768 
0.4472 -0.0546268 
0.4473 -0.0545756 
0.4474 -0.0545229 
0.4475 -0.0544687 
0.4476 -0.0544129 
0.4477 -0.0543555 
0.4478 -0.0542962 
0.4479 -0.054235 
0.448 -0.0541717 
0.4481 -0.0541061 
0.4482 -0.054038 
0.4483 -0.0539674 
0.4484 -0.0538938 
0.4485 -0.0538171 
0.4486 -0.053737 
0.4487 -0.0536532 
0.4488 -0.0535652 
0.4489 -0.0534726 
0.449 -0.0533749 
0.4491 -0.0532716 
0.4492 -0.0531619 
0.4493 -0.053045 
0.4494 -0.0529199 
0.4495 -0.0527856 
0.4496 -0.0526404 
0.4497 -0.0524827 
0.4498 -0.0523102 
0.4499 -0.0521202 
0.45 -0.0519089 
0.4501 -0.0516717 
0.4502 -0.0514021 
0.4503 -0.0510911 
0.4504 -0.0507259 
0.4505 -0.0502875 
0.4506 -0.0497459 
0.4507 -0.0490511 
0.4508 -0.0481124 
0.4509 -0.0467456 
0.451 -0.0445095 
0.4511 -0.0400474 
0.4512 -0.0274398 
0.4513 0.00585074 
0.4514 0.0216007 
0.4515 0.0197582 
0.4516 0.0126397 
0.4517 0.00383762 
0.4518 -0.00502816 
0.4519 -0.013079 
0.452 -0.0197979 
0.4521 -0.0250577 
0.4522 -0.0291518 
0.4523 -0.0324592 
0.4524 -0.0352602 
0.4525 -0.0377338 
0.4526 -0.0399869 
0.4527 -0.0420761 
0.4528 -0.0440233 
0.4529 -0.0458283 
0.453 -0.0474817 
0.4531 -0.0489756 
0.4532 -0.0503096 
0.4533 -0.0514916 
0.4534 -0.0525358 
0.4535 -0.053459 
0.4536 -0.0542781 
0.4537 -0.0550084 
0.4538 -0.0556631 
0.4539 -0.0562532 
0.454 -0.0567878 
0.4541 -0.0572743 
0.4542 -0.0577188 
0.4543 -0.0581265 
0.4544 -0.0585015 
0.4545 -0.0588476 
0.4546 -0.0591677 
0.4547 -0.0594645 
0.4548 -0.0597404 
0.4549 -0.0599972 
0.455 -0.0602367 
0.4551 -0.0604604 
0.4552 -0.0606698 
0.4553 -0.0608658 
0.4554 -0.0610497 
0.4555 -0.0612223 
0.4556 -0.0613844 
0.4557 -0.0615368 
0.4558 -0.0616801 
0.4559 -0.0618149 
0.456 -0.0619419 
0.4561 -0.0620613 
0.4562 -0.0621738 
0.4563 -0.0622796 
0.4564 -0.0623792 
0.4565 -0.0624728 
0.4566 -0.0625609 
0.4567 -0.0626436 
0.4568 -0.0627213 
0.4569 -0.0627942 
0.457 -0.0628624 
0.4571 -0.0629263 
0.4572 -0.062986 
0.4573 -0.0630417 
0.4574 -0.0630936 
0.4575 -0.0631419 
0.4576 -0.0631866 
0.4577 -0.063228 
0.4578 -0.0632662 
0.4579 -0.0633013 
0.458 -0.0633334 
0.4581 -0.0633627 
0.4582 -0.0633893 
0.4583 -0.0634133 
0.4584 -0.0634348 
0.4585 -0.0634538 
0.4586 -0.0634705 
0.4587 -0.063485 
0.4588 -0.0634974 
0.4589 -0.0635077 
0.459 -0.063516 
0.4591 -0.0635225 
0.4592 -0.063527 
0.4593 -0.0635299 
0.4594 -0.063531 
0.4595 -0.0635305 
0.4596 -0.0635284 
0.4597 -0.0635248 
0.4598 -0.0635198 
0.4599 -0.0635134 
0.46 -0.0635056 
0.4601 -0.0634966 
0.4602 -0.0634863 
0.4603 -0.0634748 
0.4604 -0.0634622 
0.4605 -0.0634484 
0.4606 -0.0634336 
0.4607 -0.0634178 
0.4608 -0.063401 
0.4609 -0.0633833 
0.461 -0.0633646 
0.4611 -0.0633451 
0.4612 -0.0633248 
0.4613 -0.0633036 
0.4614 -0.0632817 
0.4615 -0.0632591 
0.4616 -0.0632357 
0.4617 -0.0632117 
0.4618 -0.063187 
0.4619 -0.0631617 
0.462 -0.0631359 
0.4621 -0.0631094 
0.4622 -0.0630824 
0.4623 -0.0630549 
0.4624 -0.0630269 
0.4625 -0.0629984 
0.4626 -0.0629695 
0.4627 -0.0629401 
0.4628 -0.0629103 
0.4629 -0.0628802 
0.463 -0.0628496 
0.4631 -0.0628188 
0.4632 -0.0627875 
0.4633 -0.062756 
0.4634 -0.0627241 
0.4635 -0.062692 
0.4636 -0.0626596 
0.4637 -0.062627 
0.4638 -0.0625941 
0.4639 -0.062561 
0.464 -0.0625276 
0.4641 -0.0624941 
0.4642 -0.0624604 
0.4643 -0.0624265 
0.4644 -0.0623924 
0.4645 -0.0623582 
0.4646 -0.0623239 
0.4647 -0.0622894 
0.4648 -0.0622549 
0.4649 -0.0622202 
0.465 -0.0621854 
0.4651 -0.0621505 
0.4652 -0.0621155 
0.4653 -0.0620805 
0.4654 -0.0620454 
0.4655 -0.0620103 
0.4656 -0.0619751 
0.4657 -0.0619399 
0.4658 -0.0619046 
0.4659 -0.0618693 
0.466 -0.061834 
0.4661 -0.0617987 
0.4662 -0.0617634 
0.4663 -0.0617281 
0.4664 -0.0616928 
0.4665 -0.0616575 
0.4666 -0.0616223 
0.4667 -0.061587 
0.4668 -0.0615518 
0.4669 -0.0615166 
0.467 -0.0614815 
0.4671 -0.0614464 
0.4672 -0.0614114 
0.4673 -0.0613764 
0.4674 -0.0613414 
0.4675 -0.0613066 
0.4676 -0.0612717 
0.4677 -0.061237 
0.4678 -0.0612023 
0.4679 -0.0611677 
0.468 -0.0611332 
0.4681 -0.0610988 
0.4682 -0.0610644 
0.4683 -0.0610301 
0.4684 -0.0609959 
0.4685 -0.0609618 
0.4686 -0.0609278 
0.4687 -0.0608939 
0.4688 -0.0608601 
0.4689 -0.0608264 
0.469 -0.0607928 
0.4691 -0.0607593 
0.4692 -0.0607259 
0.4693 -0.0606926 
0.4694 -0.0606594 
0.4695 -0.0606263 
0.4696 -0.0605933 
0.4697 -0.0605604 
0.4698 -0.0605277 
0.4699 -0.060495 
0.47 -0.0604625 
0.4701 -0.0604301 
0.4702 -0.0603978 
0.4703 -0.0603656 
0.4704 -0.0603336 
0.4705 -0.0603016 
0.4706 -0.0602698 
0.4707 -0.0602381 
0.4708 -0.0602065 
0.4709 -0.060175 
0.471 -0.0601437 
0.4711 -0.0601124 
0.4712 -0.0600813 
0.4713 -0.0600503 
0.4714 -0.0600194 
0.4715 -0.0599887 
0.4716 -0.0599581 
0.4717 -0.0599275 
0.4718 -0.0598971 
0.4719 -0.0598669 
0.472 -0.0598367 
0.4721 -0.0598067 
0.4722 -0.0597768 
0.4723 -0.059747 
0.4724 -0.0597173 
0.4725 -0.0596877 
0.4726 -0.0596583 
0.4727 -0.0596289 
0.4728 -0.0595997 
0.4729 -0.0595706 
0.473 -0.0595416 
0.4731 -0.0595128 
0.4732 -0.059484 
0.4733 -0.0594554 
0.4734 -0.0594268 
0.4735 -0.0593984 
0.4736 -0.0593701 
0.4737 -0.0593419 
0.4738 -0.0593138 
0.4739 -0.0592858 
0.474 -0.0592579 
0.4741 -0.0592302 
0.4742 -0.0592025 
0.4743 -0.059175 
0.4744 -0.0591475 
0.4745 -0.0591202 
0.4746 -0.0590929 
0.4747 -0.0590658 
0.4748 -0.0590387 
0.4749 -0.0590118 
0.475 -0.0589849 
0.4751 -0.0589582 
0.4752 -0.0589315 
0.4753 -0.0589049 
0.4754 -0.0588785 
0.4755 -0.0588521 
0.4756 -0.0588258 
0.4757 -0.0587996 
0.4758 -0.0587735 
0.4759 -0.0587475 
0.476 -0.0587215 
0.4761 -0.0586957 
0.4762 -0.0586699 
0.4763 -0.0586442 
0.4764 -0.0586186 
0.4765 -0.0585931 
0.4766 -0.0585677 
0.4767 -0.0585423 
0.4768 -0.058517 
0.4769 -0.0584918 
0.477 -0.0584667 
0.4771 -0.0584416 
0.4772 -0.0584166 
0.4773 -0.0583917 
0.4774 -0.0583669 
0.4775 -0.0583421 
0.4776 -0.0583173 
0.4777 -0.0582927 
0.4778 -0.0582681 
0.4779 -0.0582435 
0.478 -0.0582191 
0.4781 -0.0581947 
0.4782 -0.0581703 
0.4783 -0.058146 
0.4784 -0.0581217 
0.4785 -0.0580975 
0.4786 -0.0580734 
0.4787 -0.0580493 
0.4788 -0.0580252 
0.4789 -0.0580012 
0.479 -0.0579773 
0.4791 -0.0579533 
0.4792 -0.0579295 
0.4793 -0.0579056 
0.4794 -0.0578818 
0.4795 -0.0578581 
0.4796 -0.0578343 
0.4797 -0.0578106 
0.4798 -0.057787 
0.4799 -0.0577633 
0.48 -0.0577397 
0.4801 -0.0577162 
0.4802 -0.0576926 
0.4803 -0.0576691 
0.4804 -0.0576456 
0.4805 -0.0576221 
0.4806 -0.0575986 
0.4807 -0.0575751 
0.4808 -0.0575517 
0.4809 -0.0575282 
0.481 -0.0575048 
0.4811 -0.0574814 
0.4812 -0.057458 
0.4813 -0.0574345 
0.4814 -0.0574111 
0.4815 -0.0573877 
0.4816 -0.0573643 
0.4817 -0.0573409 
0.4818 -0.0573174 
0.4819 -0.057294 
0.482 -0.0572705 
0.4821 -0.0572471 
0.4822 -0.0572236 
0.4823 -0.0572001 
0.4824 -0.0571766 
0.4825 -0.057153 
0.4826 -0.0571294 
0.4827 -0.0571058 
0.4828 -0.0570822 
0.4829 -0.0570585 
0.483 -0.0570348 
0.4831 -0.0570111 
0.4832 -0.0569873 
0.4833 -0.0569634 
0.4834 -0.0569395 
0.4835 -0.0569156 
0.4836 -0.0568916 
0.4837 -0.0568676 
0.4838 -0.0568434 
0.4839 -0.0568193 
0.484 -0.056795 
0.4841 -0.0567707 
0.4842 -0.0567463 
0.4843 -0.0567219 
0.4844 -0.0566973 
0.4845 -0.0566727 
0.4846 -0.056648 
0.4847 -0.0566232 
0.4848 -0.0565982 
0.4849 -0.0565732 
0.485 -0.0565481 
0.4851 -0.0565229 
0.4852 -0.0564975 
0.4853 -0.0564721 
0.4854 -0.0564465 
0.4855 -0.0564208 
0.4856 -0.0563949 
0.4857 -0.0563689 
0.4858 -0.0563428 
0.4859 -0.0563165 
0.486 -0.0562901 
0.4861 -0.0562635 
0.4862 -0.0562367 
0.4863 -0.0562097 
0.4864 -0.0561826 
0.4865 -0.0561553 
0.4866 -0.0561278 
0.4867 -0.0561 
0.4868 -0.0560721 
0.4869 -0.0560439 
0.487 -0.0560156 
0.4871 -0.0559869 
0.4872 -0.0559581 
0.4873 -0.055929 
0.4874 -0.0558996 
0.4875 -0.0558699 
0.4876 -0.05584 
0.4877 -0.0558097 
0.4878 -0.0557792 
0.4879 -0.0557483 
0.488 -0.0557171 
0.4881 -0.0556856 
0.4882 -0.0556537 
0.4883 -0.0556214 
0.4884 -0.0555887 
0.4885 -0.0555556 
0.4886 -0.0555221 
0.4887 -0.0554881 
0.4888 -0.0554537 
0.4889 -0.0554188 
0.489 -0.0553834 
0.4891 -0.0553475 
0.4892 -0.055311 
0.4893 -0.055274 
0.4894 -0.0552363 
0.4895 -0.0551981 
0.4896 -0.0551591 
0.4897 -0.0551195 
0.4898 -0.0550791 
0.4899 -0.055038 
0.49 -0.0549961 
0.4901 -0.0549533 
0.4902 -0.0549097 
0.4903 -0.0548651 
0.4904 -0.0548195 
0.4905 -0.0547729 
0.4906 -0.0547252 
0.4907 -0.0546763 
0.4908 -0.0546262 
0.4909 -0.0545747 
0.491 -0.0545219 
0.4911 -0.0544675 
0.4912 -0.0544116 
0.4913 -0.0543539 
0.4914 -0.0542944 
0.4915 -0.054233 
0.4916 -0.0541694 
0.4917 -0.0541036 
0.4918 -0.0540353 
0.4919 -0.0539644 
0.492 -0.0538906 
0.4921 -0.0538136 
0.4922 -0.0537331 
0.4923 -0.0536489 
0.4924 -0.0535605 
0.4925 -0.0534675 
0.4926 -0.0533694 
0.4927 -0.0532656 
0.4928 -0.0531553 
0.4929 -0.0530378 
0.493 -0.052912 
0.4931 -0.0527769 
0.4932 -0.0526308 
0.4933 -0.052472 
0.4934 -0.0522983 
0.4935 -0.0521068 
0.4936 -0.0518937 
0.4937 -0.0516543 
0.4938 -0.0513819 
0.4939 -0.0510674 
0.494 -0.0506976 
0.4941 -0.0502528 
0.4942 -0.0497019 
0.4943 -0.0489931 
0.4944 -0.0480311 
0.4945 -0.046621 
0.4946 -0.0442884 
0.4947 -0.0395421 
0.4948 -0.0257355 
0.4949 0.00809069 
0.495 0.0218107 
0.4951 0.0193548 
0.4952 0.0120301 
0.4953 0.00317927 
0.4954 -0.00565339 
0.4955 -0.0136237 
0.4956 -0.0202366 
0.4957 -0.0254002 
0.4958 -0.0294269 
0.4959 -0.0326913 
0.496 -0.0354656 
0.4961 -0.0379224 
0.4962 -0.0401641 
0.4963 -0.0422442 
0.4964 -0.0441821 
0.4965 -0.0459765 
0.4966 -0.0476179 
0.4967 -0.0490989 
0.4968 -0.0504198 
0.4969 -0.0515895 
0.497 -0.0526225 
0.4971 -0.0535359 
0.4972 -0.0543465 
0.4973 -0.0550695 
0.4974 -0.0557179 
0.4975 -0.0563026 
0.4976 -0.0568325 
0.4977 -0.057315 
0.4978 -0.0577559 
0.4979 -0.0581604 
0.498 -0.0585326 
0.4981 -0.0588762 
0.4982 -0.0591941 
0.4983 -0.0594889 
0.4984 -0.0597629 
0.4985 -0.0600181 
0.4986 -0.0602561 
0.4987 -0.0604785 
0.4988 -0.0606865 
0.4989 -0.0608815 
0.499 -0.0610643 
0.4991 -0.0612359 
0.4992 -0.0613971 
0.4993 -0.0615486 
0.4994 -0.0616912 
0.4995 -0.0618253 
0.4996 -0.0619515 
0.4997 -0.0620703 
0.4998 -0.0621822 
0.4999 -0.0622874 
