0 -0.0692059 
0.0001 -0.0679766 
0.0002 -0.0668525 
0.0003 -0.0657722 
0.0004 -0.064724 
0.0005 -0.0636981 
0.0006 -0.062684 
0.0007 -0.0616686 
0.0008 -0.0606366 
0.0009 -0.059569 
0.001 -0.0584415 
0.0011 -0.0572229 
0.0012 -0.055872 
0.0013 -0.0543316 
0.0014 -0.0525211 
0.0015 -0.0503217 
0.0016 -0.0475525 
0.0017 -0.0439279 
0.0018 -0.0389861 
0.0019 -0.0319791 
0.002 -0.0217905 
0.0021 -0.00732061 
0.0022 0.0103669 
0.0023 0.0255073 
0.0024 0.0334349 
0.0025 0.0360925 
0.0026 0.0364543 
0.0027 0.0358607 
0.0028 0.0347789 
0.0029 0.0333787 
0.003 0.0317345 
0.0031 0.0298894 
0.0032 0.0278754 
0.0033 0.02572 
0.0034 0.0234481 
0.0035 0.0210827 
0.0036 0.0186446 
0.0037 0.0161527 
0.0038 0.0136236 
0.0039 0.0110718 
0.004 0.00850985 
0.0041 0.00594826 
0.0042 0.00339571 
0.0043 0.000859229 
0.0044 -0.00165565 
0.0045 -0.00414473 
0.0046 -0.00660498 
0.0047 -0.00903439 
0.0048 -0.0114318 
0.0049 -0.013797 
0.005 -0.0161302 
0.0051 -0.0184326 
0.0052 -0.0207059 
0.0053 -0.0229525 
0.0054 -0.0251759 
0.0055 -0.0273805 
0.0056 -0.0295722 
0.0057 -0.0317586 
0.0058 -0.0339493 
0.0059 -0.0361568 
0.006 -0.0383965 
0.0061 -0.0406876 
0.0062 -0.0430534 
0.0063 -0.045521 
0.0064 -0.0481212 
0.0065 -0.0508859 
0.0066 -0.0538432 
0.0067 -0.0570073 
0.0068 -0.0603624 
0.0069 -0.0638394 
0.007 -0.0672969 
0.0071 -0.0705255 
0.0072 -0.0733009 
0.0073 -0.0754709 
0.0074 -0.0770151 
0.0075 -0.0780259 
0.0076 -0.0786426 
0.0077 -0.0789951 
0.0078 -0.079181 
0.0079 -0.0792655 
0.008 -0.0792895 
0.0081 -0.0792774 
0.0082 -0.0792438 
0.0083 -0.079197 
0.0084 -0.079142 
0.0085 -0.0790816 
0.0086 -0.0790175 
0.0087 -0.0789507 
0.0088 -0.0788817 
0.0089 -0.078811 
0.009 -0.0787386 
0.0091 -0.0786648 
0.0092 -0.0785896 
0.0093 -0.0785131 
0.0094 -0.0784352 
0.0095 -0.0783561 
0.0096 -0.0782757 
0.0097 -0.078194 
0.0098 -0.078111 
0.0099 -0.0780267 
0.01 -0.0779412 
0.0101 -0.0778544 
0.0102 -0.0777664 
0.0103 -0.0776771 
0.0104 -0.0775866 
0.0105 -0.0774949 
0.0106 -0.0774019 
0.0107 -0.0773076 
0.0108 -0.0772122 
0.0109 -0.0771155 
0.011 -0.0770177 
0.0111 -0.0769186 
0.0112 -0.0768184 
0.0113 -0.076717 
0.0114 -0.0766144 
0.0115 -0.0765107 
0.0116 -0.0764059 
0.0117 -0.0763 
0.0118 -0.076193 
0.0119 -0.0760849 
0.012 -0.0759757 
0.0121 -0.0758655 
0.0122 -0.0757543 
0.0123 -0.0756421 
0.0124 -0.0755289 
0.0125 -0.0754147 
0.0126 -0.0752996 
0.0127 -0.0751836 
0.0128 -0.0750667 
0.0129 -0.074949 
0.013 -0.0748304 
0.0131 -0.0747111 
0.0132 -0.0745909 
0.0133 -0.07447 
0.0134 -0.0743484 
0.0135 -0.074226 
0.0136 -0.074103 
0.0137 -0.0739794 
0.0138 -0.0738551 
0.0139 -0.0737303 
0.014 -0.073605 
0.0141 -0.0734791 
0.0142 -0.0733527 
0.0143 -0.0732259 
0.0144 -0.0730986 
0.0145 -0.0729709 
0.0146 -0.0728429 
0.0147 -0.0727146 
0.0148 -0.0725859 
0.0149 -0.072457 
0.015 -0.0723278 
0.0151 -0.0721984 
0.0152 -0.0720689 
0.0153 -0.0719392 
0.0154 -0.0718093 
0.0155 -0.0716794 
0.0156 -0.0715494 
0.0157 -0.0714193 
0.0158 -0.0712893 
0.0159 -0.0711592 
0.016 -0.0710292 
0.0161 -0.0708993 
0.0162 -0.0707694 
0.0163 -0.0706396 
0.0164 -0.07051 
0.0165 -0.0703805 
0.0166 -0.0702512 
0.0167 -0.0701221 
0.0168 -0.0699932 
0.0169 -0.0698645 
0.017 -0.069736 
0.0171 -0.0696078 
0.0172 -0.0694799 
0.0173 -0.0693522 
0.0174 -0.0692249 
0.0175 -0.0690978 
0.0176 -0.0689711 
0.0177 -0.0688446 
0.0178 -0.0687185 
0.0179 -0.0685927 
0.018 -0.0684673 
0.0181 -0.0683421 
0.0182 -0.0682173 
0.0183 -0.0680929 
0.0184 -0.0679687 
0.0185 -0.0678449 
0.0186 -0.0677214 
0.0187 -0.0675982 
0.0188 -0.0674754 
0.0189 -0.0673528 
0.019 -0.0672305 
0.0191 -0.0671085 
0.0192 -0.0669867 
0.0193 -0.0668652 
0.0194 -0.0667438 
0.0195 -0.0666227 
0.0196 -0.0665018 
0.0197 -0.0663811 
0.0198 -0.0662604 
0.0199 -0.0661399 
0.02 -0.0660194 
0.0201 -0.065899 
0.0202 -0.0657786 
0.0203 -0.0656582 
0.0204 -0.0655377 
0.0205 -0.0654171 
0.0206 -0.0652964 
0.0207 -0.0651754 
0.0208 -0.0650543 
0.0209 -0.0649328 
0.021 -0.0648109 
0.0211 -0.0646886 
0.0212 -0.0645659 
0.0213 -0.0644425 
0.0214 -0.0643186 
0.0215 -0.0641939 
0.0216 -0.0640684 
0.0217 -0.063942 
0.0218 -0.0638146 
0.0219 -0.0636861 
0.022 -0.0635563 
0.0221 -0.0634252 
0.0222 -0.0632925 
0.0223 -0.0631582 
0.0224 -0.063022 
0.0225 -0.0628839 
0.0226 -0.0627435 
0.0227 -0.0626006 
0.0228 -0.0624551 
0.0229 -0.0623066 
0.023 -0.0621548 
0.0231 -0.0619995 
0.0232 -0.0618401 
0.0233 -0.0616764 
0.0234 -0.0615078 
0.0235 -0.0613338 
0.0236 -0.0611539 
0.0237 -0.0609672 
0.0238 -0.0607732 
0.0239 -0.0605709 
0.024 -0.0603593 
0.0241 -0.0601371 
0.0242 -0.0599032 
0.0243 -0.0596559 
0.0244 -0.0593933 
0.0245 -0.0591133 
0.0246 -0.0588134 
0.0247 -0.0584904 
0.0248 -0.0581406 
0.0249 -0.0577596 
0.025 -0.0573419 
0.0251 -0.0568806 
0.0252 -0.0563673 
0.0253 -0.0557914 
0.0254 -0.0551393 
0.0255 -0.0543934 
0.0256 -0.0535307 
0.0257 -0.0525208 
0.0258 -0.0513225 
0.0259 -0.0498795 
0.026 -0.0481134 
0.0261 -0.045914 
0.0262 -0.0431243 
0.0263 -0.039522 
0.0264 -0.0348008 
0.0265 -0.0285739 
0.0266 -0.0204671 
0.0267 -0.0104427 
0.0268 0.000591771 
0.0269 0.010583 
0.027 0.0176251 
0.0271 0.0214123 
0.0272 0.0227932 
0.0273 0.0226808 
0.0274 0.0216701 
0.0275 0.0200973 
0.0276 0.0181533 
0.0277 0.0159543 
0.0278 0.0135777 
0.0279 0.011079 
0.028 0.00849975 
0.0281 0.00587214 
0.0282 0.003221 
0.0283 0.000565528 
0.0284 -0.00207963 
0.0285 -0.00470353 
0.0286 -0.00729824 
0.0287 -0.00985827 
0.0288 -0.0123801 
0.0289 -0.0148619 
0.029 -0.0173031 
0.0291 -0.0197043 
0.0292 -0.0220672 
0.0293 -0.0243946 
0.0294 -0.0266905 
0.0295 -0.0289604 
0.0296 -0.0312113 
0.0297 -0.0334524 
0.0298 -0.0356951 
0.0299 -0.0379542 
0.03 -0.0402471 
0.0301 -0.0425953 
0.0302 -0.0450235 
0.0303 -0.04756 
0.0304 -0.0502327 
0.0305 -0.053068 
0.0306 -0.0560815 
0.0307 -0.0592657 
0.0308 -0.0625729 
0.0309 -0.0658978 
0.031 -0.0690745 
0.0311 -0.0719069 
0.0312 -0.0742324 
0.0313 -0.075984 
0.0314 -0.077202 
0.0315 -0.0779925 
0.0316 -0.0784756 
0.0317 -0.0787527 
0.0318 -0.0788979 
0.0319 -0.0789607 
0.032 -0.0789724 
0.0321 -0.0789527 
0.0322 -0.0789132 
0.0323 -0.0788613 
0.0324 -0.0788013 
0.0325 -0.0787358 
0.0326 -0.0786664 
0.0327 -0.0785941 
0.0328 -0.0785195 
0.0329 -0.078443 
0.033 -0.0783648 
0.0331 -0.0782851 
0.0332 -0.0782039 
0.0333 -0.0781214 
0.0334 -0.0780375 
0.0335 -0.0779523 
0.0336 -0.0778658 
0.0337 -0.077778 
0.0338 -0.0776889 
0.0339 -0.0775986 
0.034 -0.077507 
0.0341 -0.0774142 
0.0342 -0.0773202 
0.0343 -0.0772249 
0.0344 -0.0771285 
0.0345 -0.0770308 
0.0346 -0.0769319 
0.0347 -0.0768319 
0.0348 -0.0767307 
0.0349 -0.0766283 
0.035 -0.0765248 
0.0351 -0.0764202 
0.0352 -0.0763144 
0.0353 -0.0762076 
0.0354 -0.0760996 
0.0355 -0.0759907 
0.0356 -0.0758806 
0.0357 -0.0757696 
0.0358 -0.0756576 
0.0359 -0.0755445 
0.036 -0.0754306 
0.0361 -0.0753157 
0.0362 -0.0751999 
0.0363 -0.0750832 
0.0364 -0.0749656 
0.0365 -0.0748472 
0.0366 -0.074728 
0.0367 -0.074608 
0.0368 -0.0744873 
0.0369 -0.0743659 
0.037 -0.0742437 
0.0371 -0.0741209 
0.0372 -0.0739975 
0.0373 -0.0738734 
0.0374 -0.0737488 
0.0375 -0.0736236 
0.0376 -0.0734979 
0.0377 -0.0733717 
0.0378 -0.0732451 
0.0379 -0.073118 
0.038 -0.0729906 
0.0381 -0.0728628 
0.0382 -0.0727347 
0.0383 -0.0726062 
0.0384 -0.0724775 
0.0385 -0.0723486 
0.0386 -0.0722195 
0.0387 -0.0720901 
0.0388 -0.0719607 
0.0389 -0.0718311 
0.039 -0.0717014 
0.0391 -0.0715717 
0.0392 -0.071442 
0.0393 -0.0713122 
0.0394 -0.0711825 
0.0395 -0.0710528 
0.0396 -0.0709232 
0.0397 -0.0707936 
0.0398 -0.0706642 
0.0399 -0.070535 
0.04 -0.0704059 
0.0401 -0.070277 
0.0402 -0.0701483 
0.0403 -0.0700198 
0.0404 -0.0698916 
0.0405 -0.0697636 
0.0406 -0.0696359 
0.0407 -0.0695085 
0.0408 -0.0693814 
0.0409 -0.0692546 
0.041 -0.0691281 
0.0411 -0.069002 
0.0412 -0.0688762 
0.0413 -0.0687508 
0.0414 -0.0686257 
0.0415 -0.068501 
0.0416 -0.0683766 
0.0417 -0.0682526 
0.0418 -0.068129 
0.0419 -0.0680058 
0.042 -0.0678829 
0.0421 -0.0677603 
0.0422 -0.0676382 
0.0423 -0.0675163 
0.0424 -0.0673949 
0.0425 -0.0672737 
0.0426 -0.0671529 
0.0427 -0.0670324 
0.0428 -0.0669122 
0.0429 -0.0667923 
0.043 -0.0666726 
0.0431 -0.0665532 
0.0432 -0.066434 
0.0433 -0.066315 
0.0434 -0.0661962 
0.0435 -0.0660776 
0.0436 -0.0659591 
0.0437 -0.0658407 
0.0438 -0.0657224 
0.0439 -0.0656041 
0.044 -0.0654858 
0.0441 -0.0653675 
0.0442 -0.0652491 
0.0443 -0.0651306 
0.0444 -0.0650119 
0.0445 -0.064893 
0.0446 -0.0647738 
0.0447 -0.0646544 
0.0448 -0.0645345 
0.0449 -0.0644142 
0.045 -0.0642934 
0.0451 -0.064172 
0.0452 -0.0640499 
0.0453 -0.0639271 
0.0454 -0.0638034 
0.0455 -0.0636788 
0.0456 -0.0635532 
0.0457 -0.0634264 
0.0458 -0.0632983 
0.0459 -0.0631688 
0.046 -0.0630378 
0.0461 -0.062905 
0.0462 -0.0627704 
0.0463 -0.0626337 
0.0464 -0.0624946 
0.0465 -0.0623531 
0.0466 -0.0622088 
0.0467 -0.0620615 
0.0468 -0.0619107 
0.0469 -0.0617563 
0.047 -0.0615979 
0.0471 -0.0614349 
0.0472 -0.0612669 
0.0473 -0.0610933 
0.0474 -0.0609137 
0.0475 -0.0607271 
0.0476 -0.060533 
0.0477 -0.0603303 
0.0478 -0.060118 
0.0479 -0.0598948 
0.048 -0.0596595 
0.0481 -0.0594104 
0.0482 -0.0591455 
0.0483 -0.0588626 
0.0484 -0.058559 
0.0485 -0.0582316 
0.0486 -0.0578764 
0.0487 -0.0574887 
0.0488 -0.0570629 
0.0489 -0.0565917 
0.049 -0.0560664 
0.0491 -0.0554757 
0.0492 -0.0548053 
0.0493 -0.0540367 
0.0494 -0.0531458 
0.0495 -0.0521002 
0.0496 -0.0508566 
0.0497 -0.0493553 
0.0498 -0.0475137 
0.0499 -0.0452154 
0.05 -0.042296 
0.0501 -0.0385248 
0.0502 -0.0335909 
0.0503 -0.0271191 
0.0504 -0.0187923 
0.0505 -0.00871362 
0.0506 0.002028 
0.0507 0.0113896 
0.0508 0.0177598 
0.0509 0.0210675 
0.051 0.0221638 
0.0511 0.0218826 
0.0512 0.0207613 
0.0513 0.0191079 
0.0514 0.0171009 
0.0515 0.0148513 
0.0516 0.012434 
0.0517 0.00990307 
0.0518 0.00729903 
0.0519 0.00465307 
0.052 0.00198921 
0.0521 -0.000674121 
0.0522 -0.00332304 
0.0523 -0.0059473 
0.0524 -0.0085396 
0.0525 -0.011095 
0.0526 -0.0136106 
0.0527 -0.0160848 
0.0528 -0.0185177 
0.0529 -0.0209103 
0.053 -0.0232647 
0.0531 -0.0255845 
0.0532 -0.0278741 
0.0533 -0.03014 
0.0534 -0.0323902 
0.0535 -0.034635 
0.0536 -0.0368875 
0.0537 -0.0391638 
0.0538 -0.0414833 
0.0539 -0.0438692 
0.054 -0.0463478 
0.0541 -0.0489473 
0.0542 -0.0516955 
0.0543 -0.0546137 
0.0544 -0.0577073 
0.0545 -0.0609503 
0.0546 -0.0642677 
0.0547 -0.0675235 
0.0548 -0.0705329 
0.0549 -0.0731109 
0.055 -0.0751399 
0.0551 -0.0766093 
0.0552 -0.0775979 
0.0553 -0.0782222 
0.0554 -0.0785939 
0.0555 -0.0787999 
0.0556 -0.078901 
0.0557 -0.0789365 
0.0558 -0.0789315 
0.0559 -0.0789012 
0.056 -0.0788551 
0.0561 -0.0787986 
0.0562 -0.0787354 
0.0563 -0.0786675 
0.0564 -0.0785962 
0.0565 -0.0785222 
0.0566 -0.0784462 
0.0567 -0.0783683 
0.0568 -0.0782888 
0.0569 -0.0782078 
0.057 -0.0781254 
0.0571 -0.0780416 
0.0572 -0.0779565 
0.0573 -0.0778701 
0.0574 -0.0777824 
0.0575 -0.0776934 
0.0576 -0.0776032 
0.0577 -0.0775117 
0.0578 -0.0774189 
0.0579 -0.077325 
0.058 -0.0772298 
0.0581 -0.0771334 
0.0582 -0.0770358 
0.0583 -0.076937 
0.0584 -0.076837 
0.0585 -0.0767358 
0.0586 -0.0766335 
0.0587 -0.0765301 
0.0588 -0.0764255 
0.0589 -0.0763198 
0.059 -0.076213 
0.0591 -0.0761051 
0.0592 -0.0759962 
0.0593 -0.0758862 
0.0594 -0.0757753 
0.0595 -0.0756633 
0.0596 -0.0755503 
0.0597 -0.0754364 
0.0598 -0.0753215 
0.0599 -0.0752058 
0.06 -0.0750891 
0.0601 -0.0749716 
0.0602 -0.0748533 
0.0603 -0.0747341 
0.0604 -0.0746142 
0.0605 -0.0744935 
0.0606 -0.0743721 
0.0607 -0.07425 
0.0608 -0.0741273 
0.0609 -0.0740039 
0.061 -0.0738798 
0.0611 -0.0737553 
0.0612 -0.0736301 
0.0613 -0.0735045 
0.0614 -0.0733783 
0.0615 -0.0732517 
0.0616 -0.0731247 
0.0617 -0.0729973 
0.0618 -0.0728695 
0.0619 -0.0727414 
0.062 -0.072613 
0.0621 -0.0724844 
0.0622 -0.0723555 
0.0623 -0.0722264 
0.0624 -0.0720971 
0.0625 -0.0719677 
0.0626 -0.0718381 
0.0627 -0.0717085 
0.0628 -0.0715788 
0.0629 -0.071449 
0.063 -0.0713193 
0.0631 -0.0711896 
0.0632 -0.07106 
0.0633 -0.0709304 
0.0634 -0.0708009 
0.0635 -0.0706715 
0.0636 -0.0705423 
0.0637 -0.0704132 
0.0638 -0.0702844 
0.0639 -0.0701557 
0.064 -0.0700273 
0.0641 -0.0698991 
0.0642 -0.0697711 
0.0643 -0.0696435 
0.0644 -0.0695161 
0.0645 -0.069389 
0.0646 -0.0692623 
0.0647 -0.0691359 
0.0648 -0.0690098 
0.0649 -0.0688841 
0.065 -0.0687587 
0.0651 -0.0686337 
0.0652 -0.068509 
0.0653 -0.0683847 
0.0654 -0.0682608 
0.0655 -0.0681372 
0.0656 -0.0680141 
0.0657 -0.0678912 
0.0658 -0.0677688 
0.0659 -0.0676467 
0.066 -0.067525 
0.0661 -0.0674036 
0.0662 -0.0672826 
0.0663 -0.0671619 
0.0664 -0.0670415 
0.0665 -0.0669214 
0.0666 -0.0668016 
0.0667 -0.0666821 
0.0668 -0.0665628 
0.0669 -0.0664438 
0.067 -0.066325 
0.0671 -0.0662063 
0.0672 -0.0660879 
0.0673 -0.0659696 
0.0674 -0.0658514 
0.0675 -0.0657332 
0.0676 -0.0656152 
0.0677 -0.0654971 
0.0678 -0.065379 
0.0679 -0.0652609 
0.068 -0.0651426 
0.0681 -0.0650242 
0.0682 -0.0649057 
0.0683 -0.0647868 
0.0684 -0.0646677 
0.0685 -0.0645482 
0.0686 -0.0644282 
0.0687 -0.0643078 
0.0688 -0.0641868 
0.0689 -0.0640652 
0.069 -0.0639429 
0.0691 -0.0638197 
0.0692 -0.0636957 
0.0693 -0.0635706 
0.0694 -0.0634444 
0.0695 -0.063317 
0.0696 -0.0631882 
0.0697 -0.0630579 
0.0698 -0.062926 
0.0699 -0.0627922 
0.07 -0.0626564 
0.0701 -0.0625183 
0.0702 -0.0623779 
0.0703 -0.0622347 
0.0704 -0.0620886 
0.0705 -0.0619393 
0.0706 -0.0617864 
0.0707 -0.0616295 
0.0708 -0.0614682 
0.0709 -0.0613021 
0.071 -0.0611307 
0.0711 -0.0609533 
0.0712 -0.0607694 
0.0713 -0.060578 
0.0714 -0.0603784 
0.0715 -0.0601696 
0.0716 -0.0599505 
0.0717 -0.0597196 
0.0718 -0.0594754 
0.0719 -0.0592162 
0.072 -0.0589398 
0.0721 -0.0586437 
0.0722 -0.0583248 
0.0723 -0.0579795 
0.0724 -0.0576034 
0.0725 -0.0571912 
0.0726 -0.0567362 
0.0727 -0.0562303 
0.0728 -0.055663 
0.0729 -0.0550213 
0.073 -0.0542881 
0.0731 -0.0534415 
0.0732 -0.0524522 
0.0733 -0.051281 
0.0734 -0.0498745 
0.0735 -0.0481589 
0.0736 -0.0460308 
0.0737 -0.0433442 
0.0738 -0.0398935 
0.0739 -0.0353965 
0.074 -0.0294958 
0.0741 -0.0218316 
0.0742 -0.0123072 
0.0743 -0.00162152 
0.0744 0.00842413 
0.0745 0.0158859 
0.0746 0.0201604 
0.0747 0.021906 
0.0748 0.0220213 
0.0749 0.0211435 
0.075 0.0196462 
0.0751 0.0177437 
0.0752 0.0155655 
0.0753 0.0131969 
0.0754 0.0106979 
0.0755 0.00811342 
0.0756 0.00547742 
0.0757 0.00281624 
0.0758 0.000150071 
0.0759 -0.00250577 
0.076 -0.00513988 
0.0761 -0.00774404 
0.0762 -0.0103126 
0.0763 -0.012842 
0.0764 -0.0153303 
0.0765 -0.017777 
0.0766 -0.0201829 
0.0767 -0.0225498 
0.0768 -0.0248807 
0.0769 -0.0271798 
0.077 -0.0294529 
0.0771 -0.0317075 
0.0772 -0.0339531 
0.0773 -0.0362021 
0.0774 -0.0384695 
0.0775 -0.0407737 
0.0776 -0.0431368 
0.0777 -0.045584 
0.0778 -0.0481432 
0.0779 -0.0508429 
0.078 -0.053707 
0.0781 -0.056747 
0.0782 -0.0599485 
0.0783 -0.0632531 
0.0784 -0.0665438 
0.0785 -0.0696478 
0.0786 -0.072373 
0.0787 -0.0745752 
0.0788 -0.0762103 
0.0789 -0.0773345 
0.079 -0.0780579 
0.0791 -0.0784967 
0.0792 -0.0787462 
0.0793 -0.0788746 
0.0794 -0.0789272 
0.0795 -0.0789327 
0.0796 -0.078909 
0.0797 -0.078867 
0.0798 -0.0788133 
0.0799 -0.0787519 
0.08 -0.0786852 
0.0801 -0.0786148 
0.0802 -0.0785415 
0.0803 -0.078466 
0.0804 -0.0783886 
0.0805 -0.0783096 
0.0806 -0.0782289 
0.0807 -0.0781469 
0.0808 -0.0780635 
0.0809 -0.0779787 
0.081 -0.0778926 
0.0811 -0.0778053 
0.0812 -0.0777166 
0.0813 -0.0776267 
0.0814 -0.0775355 
0.0815 -0.0774431 
0.0816 -0.0773495 
0.0817 -0.0772546 
0.0818 -0.0771585 
0.0819 -0.0770612 
0.082 -0.0769627 
0.0821 -0.0768631 
0.0822 -0.0767622 
0.0823 -0.0766602 
0.0824 -0.076557 
0.0825 -0.0764527 
0.0826 -0.0763473 
0.0827 -0.0762408 
0.0828 -0.0761333 
0.0829 -0.0760246 
0.083 -0.0759149 
0.0831 -0.0758042 
0.0832 -0.0756925 
0.0833 -0.0755798 
0.0834 -0.0754661 
0.0835 -0.0753515 
0.0836 -0.0752359 
0.0837 -0.0751195 
0.0838 -0.0750022 
0.0839 -0.0748841 
0.084 -0.0747652 
0.0841 -0.0746455 
0.0842 -0.074525 
0.0843 -0.0744037 
0.0844 -0.0742818 
0.0845 -0.0741592 
0.0846 -0.074036 
0.0847 -0.0739121 
0.0848 -0.0737877 
0.0849 -0.0736627 
0.085 -0.0735372 
0.0851 -0.0734111 
0.0852 -0.0732847 
0.0853 -0.0731578 
0.0854 -0.0730305 
0.0855 -0.0729028 
0.0856 -0.0727748 
0.0857 -0.0726464 
0.0858 -0.0725178 
0.0859 -0.072389 
0.086 -0.07226 
0.0861 -0.0721307 
0.0862 -0.0720013 
0.0863 -0.0718718 
0.0864 -0.0717422 
0.0865 -0.0716125 
0.0866 -0.0714828 
0.0867 -0.0713531 
0.0868 -0.0712234 
0.0869 -0.0710937 
0.087 -0.0709641 
0.0871 -0.0708346 
0.0872 -0.0707052 
0.0873 -0.0705759 
0.0874 -0.0704468 
0.0875 -0.0703179 
0.0876 -0.0701892 
0.0877 -0.0700607 
0.0878 -0.0699324 
0.0879 -0.0698044 
0.088 -0.0696767 
0.0881 -0.0695493 
0.0882 -0.0694221 
0.0883 -0.0692953 
0.0884 -0.0691688 
0.0885 -0.0690427 
0.0886 -0.0689168 
0.0887 -0.0687914 
0.0888 -0.0686663 
0.0889 -0.0685415 
0.089 -0.0684171 
0.0891 -0.0682931 
0.0892 -0.0681695 
0.0893 -0.0680462 
0.0894 -0.0679233 
0.0895 -0.0678008 
0.0896 -0.0676786 
0.0897 -0.0675568 
0.0898 -0.0674354 
0.0899 -0.0673143 
0.09 -0.0671935 
0.0901 -0.067073 
0.0902 -0.0669529 
0.0903 -0.066833 
0.0904 -0.0667134 
0.0905 -0.0665941 
0.0906 -0.0664751 
0.0907 -0.0663562 
0.0908 -0.0662375 
0.0909 -0.0661191 
0.091 -0.0660007 
0.0911 -0.0658825 
0.0912 -0.0657644 
0.0913 -0.0656463 
0.0914 -0.0655283 
0.0915 -0.0654103 
0.0916 -0.0652922 
0.0917 -0.065174 
0.0918 -0.0650557 
0.0919 -0.0649372 
0.092 -0.0648184 
0.0921 -0.0646994 
0.0922 -0.06458 
0.0923 -0.0644602 
0.0924 -0.06434 
0.0925 -0.0642192 
0.0926 -0.0640978 
0.0927 -0.0639757 
0.0928 -0.0638528 
0.0929 -0.0637291 
0.093 -0.0636043 
0.0931 -0.0634785 
0.0932 -0.0633515 
0.0933 -0.0632231 
0.0934 -0.0630933 
0.0935 -0.0629619 
0.0936 -0.0628286 
0.0937 -0.0626935 
0.0938 -0.0625561 
0.0939 -0.0624164 
0.094 -0.0622741 
0.0941 -0.0621289 
0.0942 -0.0619805 
0.0943 -0.0618287 
0.0944 -0.061673 
0.0945 -0.0615131 
0.0946 -0.0613485 
0.0947 -0.0611787 
0.0948 -0.0610031 
0.0949 -0.0608211 
0.095 -0.060632 
0.0951 -0.0604349 
0.0952 -0.0602289 
0.0953 -0.0600129 
0.0954 -0.0597855 
0.0955 -0.0595454 
0.0956 -0.0592907 
0.0957 -0.0590195 
0.0958 -0.0587293 
0.0959 -0.0584173 
0.096 -0.05808 
0.0961 -0.0577133 
0.0962 -0.0573122 
0.0963 -0.0568703 
0.0964 -0.05638 
0.0965 -0.0558316 
0.0966 -0.0552128 
0.0967 -0.054508 
0.0968 -0.0536967 
0.0969 -0.052752 
0.097 -0.051638 
0.0971 -0.0503058 
0.0972 -0.0486884 
0.0973 -0.0466921 
0.0974 -0.0441846 
0.0975 -0.0409796 
0.0976 -0.0368184 
0.0977 -0.0313626 
0.0978 -0.0242375 
0.0979 -0.0152267 
0.098 -0.00473832 
0.0981 0.00571565 
0.0982 0.0140584 
0.0983 0.0192205 
0.0984 0.0215984 
0.0985 0.022105 
0.0986 0.0214659 
0.0987 0.0201201 
0.0988 0.0183184 
0.0989 0.0162094 
0.099 0.0138886 
0.0991 0.0114219 
0.0992 0.00885802 
0.0993 0.00623372 
0.0994 0.00357736 
0.0995 0.00091076 
0.0996 -0.00174947 
0.0997 -0.00439088 
0.0998 -0.00700442 
0.0999 -0.00958373 
0.1 -0.0121247 
0.1001 -0.014625 
0.1002 -0.0170837 
0.1003 -0.0195012 
0.1004 -0.021879 
0.1005 -0.0242199 
0.1006 -0.0265276 
0.1007 -0.0288076 
0.1008 -0.0310666 
0.1009 -0.0333137 
0.101 -0.0355604 
0.1011 -0.0378209 
0.1012 -0.0401125 
0.1013 -0.0424564 
0.1014 -0.0448768 
0.1015 -0.0474012 
0.1016 -0.050058 
0.1017 -0.0528733 
0.1018 -0.0558631 
0.1019 -0.0590221 
0.102 -0.0623064 
0.1021 -0.0656164 
0.1022 -0.0687932 
0.1023 -0.0716444 
0.1024 -0.0740049 
0.1025 -0.0757997 
0.1026 -0.0770596 
0.1027 -0.0778849 
0.1028 -0.0783941 
0.1029 -0.0786895 
0.103 -0.0788469 
0.1031 -0.0789176 
0.1032 -0.0789343 
0.1033 -0.0789177 
0.1034 -0.0788801 
0.1035 -0.0788292 
0.1036 -0.0787696 
0.1037 -0.0787043 
0.1038 -0.0786348 
0.1039 -0.0785623 
0.104 -0.0784874 
0.1041 -0.0784105 
0.1042 -0.0783319 
0.1043 -0.0782517 
0.1044 -0.07817 
0.1045 -0.078087 
0.1046 -0.0780026 
0.1047 -0.0779169 
0.1048 -0.0778299 
0.1049 -0.0777416 
0.105 -0.077652 
0.1051 -0.0775612 
0.1052 -0.0774692 
0.1053 -0.0773759 
0.1054 -0.0772813 
0.1055 -0.0771856 
0.1056 -0.0770886 
0.1057 -0.0769905 
0.1058 -0.0768911 
0.1059 -0.0767906 
0.106 -0.0766889 
0.1061 -0.0765861 
0.1062 -0.0764821 
0.1063 -0.076377 
0.1064 -0.0762708 
0.1065 -0.0761635 
0.1066 -0.0760552 
0.1067 -0.0759458 
0.1068 -0.0758353 
0.1069 -0.0757239 
0.107 -0.0756114 
0.1071 -0.075498 
0.1072 -0.0753837 
0.1073 -0.0752684 
0.1074 -0.0751522 
0.1075 -0.0750352 
0.1076 -0.0749173 
0.1077 -0.0747986 
0.1078 -0.0746791 
0.1079 -0.0745588 
0.108 -0.0744378 
0.1081 -0.0743161 
0.1082 -0.0741937 
0.1083 -0.0740706 
0.1084 -0.0739469 
0.1085 -0.0738226 
0.1086 -0.0736978 
0.1087 -0.0735724 
0.1088 -0.0734465 
0.1089 -0.0733202 
0.109 -0.0731934 
0.1091 -0.0730662 
0.1092 -0.0729386 
0.1093 -0.0728107 
0.1094 -0.0726824 
0.1095 -0.0725539 
0.1096 -0.0724251 
0.1097 -0.0722961 
0.1098 -0.072167 
0.1099 -0.0720376 
0.11 -0.0719081 
0.1101 -0.0717785 
0.1102 -0.0716489 
0.1103 -0.0715192 
0.1104 -0.0713894 
0.1105 -0.0712597 
0.1106 -0.07113 
0.1107 -0.0710004 
0.1108 -0.0708709 
0.1109 -0.0707414 
0.111 -0.0706121 
0.1111 -0.070483 
0.1112 -0.070354 
0.1113 -0.0702252 
0.1114 -0.0700967 
0.1115 -0.0699684 
0.1116 -0.0698403 
0.1117 -0.0697125 
0.1118 -0.069585 
0.1119 -0.0694578 
0.112 -0.0693308 
0.1121 -0.0692042 
0.1122 -0.069078 
0.1123 -0.0689521 
0.1124 -0.0688265 
0.1125 -0.0687013 
0.1126 -0.0685765 
0.1127 -0.068452 
0.1128 -0.0683279 
0.1129 -0.0682041 
0.113 -0.0680808 
0.1131 -0.0679578 
0.1132 -0.0678351 
0.1133 -0.0677129 
0.1134 -0.067591 
0.1135 -0.0674694 
0.1136 -0.0673482 
0.1137 -0.0672273 
0.1138 -0.0671068 
0.1139 -0.0669866 
0.114 -0.0668666 
0.1141 -0.066747 
0.1142 -0.0666276 
0.1143 -0.0665084 
0.1144 -0.0663895 
0.1145 -0.0662708 
0.1146 -0.0661523 
0.1147 -0.0660339 
0.1148 -0.0659157 
0.1149 -0.0657976 
0.115 -0.0656795 
0.1151 -0.0655615 
0.1152 -0.0654434 
0.1153 -0.0653253 
0.1154 -0.0652072 
0.1155 -0.0650889 
0.1156 -0.0649705 
0.1157 -0.0648518 
0.1158 -0.0647329 
0.1159 -0.0646136 
0.116 -0.0644939 
0.1161 -0.0643738 
0.1162 -0.0642532 
0.1163 -0.064132 
0.1164 -0.0640101 
0.1165 -0.0638875 
0.1166 -0.063764 
0.1167 -0.0636395 
0.1168 -0.063514 
0.1169 -0.0633873 
0.117 -0.0632594 
0.1171 -0.06313 
0.1172 -0.062999 
0.1173 -0.0628663 
0.1174 -0.0627317 
0.1175 -0.062595 
0.1176 -0.062456 
0.1177 -0.0623144 
0.1178 -0.0621701 
0.1179 -0.0620227 
0.118 -0.0618719 
0.1181 -0.0617173 
0.1182 -0.0615586 
0.1183 -0.0613954 
0.1184 -0.0612271 
0.1185 -0.0610532 
0.1186 -0.0608732 
0.1187 -0.0606862 
0.1188 -0.0604914 
0.1189 -0.0602881 
0.119 -0.060075 
0.1191 -0.059851 
0.1192 -0.0596146 
0.1193 -0.0593643 
0.1194 -0.059098 
0.1195 -0.0588135 
0.1196 -0.058508 
0.1197 -0.0581783 
0.1198 -0.0578205 
0.1199 -0.0574297 
0.12 -0.0570001 
0.1201 -0.0565245 
0.1202 -0.0559937 
0.1203 -0.0553964 
0.1204 -0.0547179 
0.1205 -0.0539392 
0.1206 -0.0530356 
0.1207 -0.051974 
0.1208 -0.0507098 
0.1209 -0.0491817 
0.121 -0.0473045 
0.1211 -0.0449586 
0.1212 -0.0419752 
0.1213 -0.0381172 
0.1214 -0.0330682 
0.1215 -0.0264531 
0.1216 -0.0179762 
0.1217 -0.00780632 
0.1218 0.0028705 
0.1219 0.0119928 
0.122 0.0180706 
0.1221 0.0211503 
0.1222 0.0221019 
0.1223 0.0217331 
0.1224 0.0205566 
0.1225 0.0188662 
0.1226 0.0168332 
0.1227 0.0145649 
0.1228 0.0121342 
0.1229 0.00959373 
0.123 0.0069834 
0.1231 0.00433368 
0.1232 0.00166808 
0.1233 -0.000995394 
0.1234 -0.00364322 
0.1235 -0.00626543 
0.1236 -0.00885499 
0.1237 -0.0114072 
0.1238 -0.0139192 
0.1239 -0.0163897 
0.124 -0.0188188 
0.1241 -0.0212077 
0.1242 -0.0235588 
0.1243 -0.0258755 
0.1244 -0.0281626 
0.1245 -0.0304268 
0.1246 -0.0326763 
0.1247 -0.0349218 
0.1248 -0.0371767 
0.1249 -0.0394575 
0.125 -0.0417842 
0.1251 -0.0441802 
0.1252 -0.0466722 
0.1253 -0.0492886 
0.1254 -0.0520566 
0.1255 -0.0549962 
0.1256 -0.0581096 
0.1257 -0.0613657 
0.1258 -0.0646821 
0.1259 -0.0679158 
0.126 -0.0708787 
0.1261 -0.0733909 
0.1262 -0.0753475 
0.1263 -0.076751 
0.1264 -0.0776877 
0.1265 -0.0782752 
0.1266 -0.0786224 
0.1267 -0.0788128 
0.1268 -0.0789041 
0.1269 -0.0789337 
0.127 -0.0789249 
0.1271 -0.0788923 
0.1272 -0.0788446 
0.1273 -0.0787872 
0.1274 -0.0787233 
0.1275 -0.0786548 
0.1276 -0.0785831 
0.1277 -0.0785088 
0.1278 -0.0784325 
0.1279 -0.0783543 
0.128 -0.0782746 
0.1281 -0.0781933 
0.1282 -0.0781107 
0.1283 -0.0780266 
0.1284 -0.0779413 
0.1285 -0.0778547 
0.1286 -0.0777667 
0.1287 -0.0776775 
0.1288 -0.0775871 
0.1289 -0.0774954 
0.129 -0.0774024 
0.1291 -0.0773082 
0.1292 -0.0772128 
0.1293 -0.0771162 
0.1294 -0.0770184 
0.1295 -0.0769194 
0.1296 -0.0768192 
0.1297 -0.0767178 
0.1298 -0.0766153 
0.1299 -0.0765117 
0.13 -0.0764069 
0.1301 -0.076301 
0.1302 -0.076194 
0.1303 -0.076086 
0.1304 -0.0759769 
0.1305 -0.0758667 
0.1306 -0.0757556 
0.1307 -0.0756434 
0.1308 -0.0755303 
0.1309 -0.0754162 
0.131 -0.0753012 
0.1311 -0.0751853 
0.1312 -0.0750685 
0.1313 -0.0749508 
0.1314 -0.0748323 
0.1315 -0.074713 
0.1316 -0.074593 
0.1317 -0.0744722 
0.1318 -0.0743506 
0.1319 -0.0742284 
0.132 -0.0741055 
0.1321 -0.073982 
0.1322 -0.0738579 
0.1323 -0.0737332 
0.1324 -0.073608 
0.1325 -0.0734822 
0.1326 -0.073356 
0.1327 -0.0732294 
0.1328 -0.0731023 
0.1329 -0.0729748 
0.133 -0.072847 
0.1331 -0.0727188 
0.1332 -0.0725904 
0.1333 -0.0724617 
0.1334 -0.0723327 
0.1335 -0.0722036 
0.1336 -0.0720743 
0.1337 -0.0719448 
0.1338 -0.0718153 
0.1339 -0.0716856 
0.134 -0.0715559 
0.1341 -0.0714262 
0.1342 -0.0712965 
0.1343 -0.0711668 
0.1344 -0.0710371 
0.1345 -0.0709076 
0.1346 -0.0707781 
0.1347 -0.0706488 
0.1348 -0.0705196 
0.1349 -0.0703906 
0.135 -0.0702617 
0.1351 -0.0701331 
0.1352 -0.0700047 
0.1353 -0.0698766 
0.1354 -0.0697487 
0.1355 -0.0696211 
0.1356 -0.0694938 
0.1357 -0.0693668 
0.1358 -0.0692401 
0.1359 -0.0691137 
0.136 -0.0689877 
0.1361 -0.0688621 
0.1362 -0.0687368 
0.1363 -0.0686118 
0.1364 -0.0684872 
0.1365 -0.068363 
0.1366 -0.0682392 
0.1367 -0.0681157 
0.1368 -0.0679926 
0.1369 -0.0678699 
0.137 -0.0677475 
0.1371 -0.0676255 
0.1372 -0.0675038 
0.1373 -0.0673825 
0.1374 -0.0672616 
0.1375 -0.0671409 
0.1376 -0.0670206 
0.1377 -0.0669006 
0.1378 -0.0667809 
0.1379 -0.0666614 
0.138 -0.0665422 
0.1381 -0.0664232 
0.1382 -0.0663045 
0.1383 -0.0661859 
0.1384 -0.0660675 
0.1385 -0.0659492 
0.1386 -0.065831 
0.1387 -0.0657129 
0.1388 -0.0655949 
0.1389 -0.0654769 
0.139 -0.0653588 
0.1391 -0.0652407 
0.1392 -0.0651225 
0.1393 -0.0650041 
0.1394 -0.0648855 
0.1395 -0.0647666 
0.1396 -0.0646474 
0.1397 -0.0645279 
0.1398 -0.0644079 
0.1399 -0.0642875 
0.14 -0.0641664 
0.1401 -0.0640447 
0.1402 -0.0639223 
0.1403 -0.0637991 
0.1404 -0.0636749 
0.1405 -0.0635497 
0.1406 -0.0634234 
0.1407 -0.0632958 
0.1408 -0.0631668 
0.1409 -0.0630363 
0.141 -0.0629041 
0.1411 -0.0627701 
0.1412 -0.062634 
0.1413 -0.0624957 
0.1414 -0.0623549 
0.1415 -0.0622113 
0.1416 -0.0620648 
0.1417 -0.061915 
0.1418 -0.0617615 
0.1419 -0.0616041 
0.142 -0.0614422 
0.1421 -0.0612754 
0.1422 -0.0611032 
0.1423 -0.0609249 
0.1424 -0.0607399 
0.1425 -0.0605475 
0.1426 -0.0603467 
0.1427 -0.0601365 
0.1428 -0.0599157 
0.1429 -0.059683 
0.143 -0.0594368 
0.1431 -0.0591753 
0.1432 -0.0588962 
0.1433 -0.058597 
0.1434 -0.0582745 
0.1435 -0.0579251 
0.1436 -0.0575441 
0.1437 -0.0571262 
0.1438 -0.0566645 
0.1439 -0.0561504 
0.144 -0.0555732 
0.1441 -0.0549194 
0.1442 -0.0541714 
0.1443 -0.0533062 
0.1444 -0.0522933 
0.1445 -0.0510919 
0.1446 -0.049646 
0.1447 -0.0478782 
0.1448 -0.0456799 
0.1449 -0.0428976 
0.145 -0.0393157 
0.1451 -0.0346405 
0.1452 -0.0285069 
0.1453 -0.0205706 
0.1454 -0.0108123 
0.1455 -8.98135e-05 
0.1456 0.00968177 
0.1457 0.0166815 
0.1458 0.0205358 
0.1459 0.0219962 
0.146 0.021937 
0.1461 0.020952 
0.1462 0.0193858 
0.1463 0.0174369 
0.1464 0.0152267 
0.1465 0.0128359 
0.1466 0.010322 
0.1467 0.00772799 
0.1468 0.00508676 
0.1469 0.00242361 
0.147 -0.000242015 
0.1471 -0.00289543 
0.1472 -0.00552573 
0.1473 -0.00812511 
0.1474 -0.0106882 
0.1475 -0.0132118 
0.1476 -0.0156941 
0.1477 -0.0181349 
0.1478 -0.020535 
0.1479 -0.0228965 
0.148 -0.0252225 
0.1481 -0.0275174 
0.1482 -0.0297874 
0.1483 -0.03204 
0.1484 -0.0342854 
0.1485 -0.0365361 
0.1486 -0.0388077 
0.1487 -0.0411192 
0.1488 -0.043493 
0.1489 -0.045955 
0.149 -0.0485332 
0.1491 -0.0512558 
0.1492 -0.0541455 
0.1493 -0.0572111 
0.1494 -0.0604325 
0.1495 -0.0637438 
0.1496 -0.0670187 
0.1497 -0.0700782 
0.1498 -0.0727331 
0.1499 -0.0748514 
0.15 -0.0764056 
0.1501 -0.077463 
0.1502 -0.0781375 
0.1503 -0.078543 
0.1504 -0.078771 
0.1505 -0.0788858 
0.1506 -0.07893 
0.1507 -0.0789303 
0.1508 -0.0789034 
0.1509 -0.0788593 
0.151 -0.0788042 
0.1511 -0.0787419 
0.1512 -0.0786746 
0.1513 -0.0786037 
0.1514 -0.0785301 
0.1515 -0.0784543 
0.1516 -0.0783766 
0.1517 -0.0782973 
0.1518 -0.0782165 
0.1519 -0.0781342 
0.152 -0.0780506 
0.1521 -0.0779656 
0.1522 -0.0778793 
0.1523 -0.0777918 
0.1524 -0.0777029 
0.1525 -0.0776128 
0.1526 -0.0775215 
0.1527 -0.0774289 
0.1528 -0.077335 
0.1529 -0.07724 
0.153 -0.0771437 
0.1531 -0.0770462 
0.1532 -0.0769475 
0.1533 -0.0768477 
0.1534 -0.0767467 
0.1535 -0.0766445 
0.1536 -0.0765411 
0.1537 -0.0764367 
0.1538 -0.0763311 
0.1539 -0.0762244 
0.154 -0.0761167 
0.1541 -0.0760079 
0.1542 -0.075898 
0.1543 -0.0757872 
0.1544 -0.0756753 
0.1545 -0.0755624 
0.1546 -0.0754486 
0.1547 -0.0753338 
0.1548 -0.0752182 
0.1549 -0.0751016 
0.155 -0.0749842 
0.1551 -0.074866 
0.1552 -0.0747469 
0.1553 -0.0746271 
0.1554 -0.0745065 
0.1555 -0.0743851 
0.1556 -0.0742631 
0.1557 -0.0741404 
0.1558 -0.0740171 
0.1559 -0.0738931 
0.156 -0.0737686 
0.1561 -0.0736435 
0.1562 -0.0735179 
0.1563 -0.0733918 
0.1564 -0.0732653 
0.1565 -0.0731383 
0.1566 -0.0730109 
0.1567 -0.0728832 
0.1568 -0.0727551 
0.1569 -0.0726268 
0.157 -0.0724981 
0.1571 -0.0723693 
0.1572 -0.0722402 
0.1573 -0.0721109 
0.1574 -0.0719815 
0.1575 -0.071852 
0.1576 -0.0717224 
0.1577 -0.0715927 
0.1578 -0.0714629 
0.1579 -0.0713332 
0.158 -0.0712035 
0.1581 -0.0710738 
0.1582 -0.0709443 
0.1583 -0.0708148 
0.1584 -0.0706854 
0.1585 -0.0705561 
0.1586 -0.0704271 
0.1587 -0.0702982 
0.1588 -0.0701695 
0.1589 -0.0700411 
0.159 -0.0699128 
0.1591 -0.0697849 
0.1592 -0.0696572 
0.1593 -0.0695298 
0.1594 -0.0694027 
0.1595 -0.0692759 
0.1596 -0.0691495 
0.1597 -0.0690234 
0.1598 -0.0688976 
0.1599 -0.0687722 
0.16 -0.0686472 
0.1601 -0.0685225 
0.1602 -0.0683982 
0.1603 -0.0682742 
0.1604 -0.0681506 
0.1605 -0.0680274 
0.1606 -0.0679046 
0.1607 -0.0677821 
0.1608 -0.06766 
0.1609 -0.0675383 
0.161 -0.0674169 
0.1611 -0.0672958 
0.1612 -0.0671751 
0.1613 -0.0670547 
0.1614 -0.0669346 
0.1615 -0.0668147 
0.1616 -0.0666952 
0.1617 -0.0665759 
0.1618 -0.0664569 
0.1619 -0.0663381 
0.162 -0.0662194 
0.1621 -0.066101 
0.1622 -0.0659827 
0.1623 -0.0658645 
0.1624 -0.0657464 
0.1625 -0.0656283 
0.1626 -0.0655103 
0.1627 -0.0653923 
0.1628 -0.0652742 
0.1629 -0.065156 
0.163 -0.0650376 
0.1631 -0.0649191 
0.1632 -0.0648003 
0.1633 -0.0646812 
0.1634 -0.0645618 
0.1635 -0.064442 
0.1636 -0.0643216 
0.1637 -0.0642008 
0.1638 -0.0640793 
0.1639 -0.0639571 
0.164 -0.0638341 
0.1641 -0.0637102 
0.1642 -0.0635853 
0.1643 -0.0634593 
0.1644 -0.0633321 
0.1645 -0.0632035 
0.1646 -0.0630735 
0.1647 -0.0629418 
0.1648 -0.0628083 
0.1649 -0.0626728 
0.165 -0.0625351 
0.1651 -0.062395 
0.1652 -0.0622523 
0.1653 -0.0621066 
0.1654 -0.0619578 
0.1655 -0.0618054 
0.1656 -0.0616491 
0.1657 -0.0614885 
0.1658 -0.0613232 
0.1659 -0.0611525 
0.166 -0.060976 
0.1661 -0.0607931 
0.1662 -0.0606028 
0.1663 -0.0604045 
0.1664 -0.060197 
0.1665 -0.0599794 
0.1666 -0.0597502 
0.1667 -0.059508 
0.1668 -0.059251 
0.1669 -0.0589771 
0.167 -0.0586839 
0.1671 -0.0583684 
0.1672 -0.058027 
0.1673 -0.0576555 
0.1674 -0.0572487 
0.1675 -0.0568001 
0.1676 -0.0563018 
0.1677 -0.0557437 
0.1678 -0.0551132 
0.1679 -0.0543939 
0.168 -0.0535646 
0.1681 -0.0525972 
0.1682 -0.051454 
0.1683 -0.0500841 
0.1684 -0.0484168 
0.1685 -0.0463537 
0.1686 -0.0437555 
0.1687 -0.0404261 
0.1688 -0.0360949 
0.1689 -0.0304132 
0.169 -0.0230119 
0.1691 -0.0137314 
0.1692 -0.00312482 
0.1693 0.00713894 
0.1694 0.0150337 
0.1695 0.0197297 
0.1696 0.0217706 
0.1697 0.0220679 
0.1698 0.0213012 
0.1699 0.0198747 
0.17 0.0180194 
0.1701 0.0158736 
0.1702 0.0135273 
0.1703 0.0110433 
0.1704 0.00846828 
0.1705 0.00583756 
0.1706 0.00317842 
0.1707 0.000511813 
0.1708 -0.00214631 
0.1709 -0.00478407 
0.171 -0.00739284 
0.1711 -0.00996665 
0.1712 -0.0125016 
0.1713 -0.0149957 
0.1714 -0.0174482 
0.1715 -0.0198597 
0.1716 -0.0222318 
0.1717 -0.0245675 
0.1718 -0.0268707 
0.1719 -0.029147 
0.172 -0.0314036 
0.1721 -0.0336499 
0.1722 -0.0358977 
0.1723 -0.0381616 
0.1724 -0.0404597 
0.1725 -0.0428133 
0.1726 -0.0452476 
0.1727 -0.04779 
0.1728 -0.050469 
0.1729 -0.0533097 
0.173 -0.056326 
0.1731 -0.0595077 
0.1732 -0.0628036 
0.1733 -0.0661051 
0.1734 -0.0692455 
0.1735 -0.0720321 
0.1736 -0.07431 
0.1737 -0.0760204 
0.1738 -0.0772078 
0.1739 -0.0779785 
0.174 -0.0784497 
0.1741 -0.0787203 
0.1742 -0.078862 
0.1743 -0.0789229 
0.1744 -0.0789336 
0.1745 -0.0789131 
0.1746 -0.0788731 
0.1747 -0.0788207 
0.1748 -0.0787601 
0.1749 -0.0786941 
0.175 -0.0786241 
0.1751 -0.0785512 
0.1752 -0.0784759 
0.1753 -0.0783988 
0.1754 -0.0783199 
0.1755 -0.0782395 
0.1756 -0.0781576 
0.1757 -0.0780744 
0.1758 -0.0779898 
0.1759 -0.0779039 
0.176 -0.0778167 
0.1761 -0.0777282 
0.1762 -0.0776385 
0.1763 -0.0775475 
0.1764 -0.0774552 
0.1765 -0.0773617 
0.1766 -0.077267 
0.1767 -0.0771711 
0.1768 -0.0770739 
0.1769 -0.0769756 
0.177 -0.0768761 
0.1771 -0.0767754 
0.1772 -0.0766735 
0.1773 -0.0765705 
0.1774 -0.0764664 
0.1775 -0.0763611 
0.1776 -0.0762547 
0.1777 -0.0761473 
0.1778 -0.0760388 
0.1779 -0.0759292 
0.178 -0.0758186 
0.1781 -0.075707 
0.1782 -0.0755945 
0.1783 -0.0754809 
0.1784 -0.0753664 
0.1785 -0.075251 
0.1786 -0.0751347 
0.1787 -0.0750175 
0.1788 -0.0748995 
0.1789 -0.0747807 
0.179 -0.0746611 
0.1791 -0.0745407 
0.1792 -0.0744195 
0.1793 -0.0742977 
0.1794 -0.0741752 
0.1795 -0.074052 
0.1796 -0.0739283 
0.1797 -0.0738039 
0.1798 -0.073679 
0.1799 -0.0735535 
0.18 -0.0734276 
0.1801 -0.0733011 
0.1802 -0.0731743 
0.1803 -0.073047 
0.1804 -0.0729194 
0.1805 -0.0727914 
0.1806 -0.0726631 
0.1807 -0.0725346 
0.1808 -0.0724058 
0.1809 -0.0722767 
0.181 -0.0721475 
0.1811 -0.0720182 
0.1812 -0.0718887 
0.1813 -0.0717591 
0.1814 -0.0716294 
0.1815 -0.0714997 
0.1816 -0.0713699 
0.1817 -0.0712402 
0.1818 -0.0711105 
0.1819 -0.0709809 
0.182 -0.0708514 
0.1821 -0.070722 
0.1822 -0.0705927 
0.1823 -0.0704636 
0.1824 -0.0703347 
0.1825 -0.0702059 
0.1826 -0.0700774 
0.1827 -0.0699491 
0.1828 -0.0698211 
0.1829 -0.0696933 
0.183 -0.0695658 
0.1831 -0.0694387 
0.1832 -0.0693118 
0.1833 -0.0691853 
0.1834 -0.069059 
0.1835 -0.0689332 
0.1836 -0.0688077 
0.1837 -0.0686825 
0.1838 -0.0685577 
0.1839 -0.0684333 
0.184 -0.0683092 
0.1841 -0.0681856 
0.1842 -0.0680623 
0.1843 -0.0679393 
0.1844 -0.0678167 
0.1845 -0.0676945 
0.1846 -0.0675727 
0.1847 -0.0674512 
0.1848 -0.06733 
0.1849 -0.0672092 
0.185 -0.0670887 
0.1851 -0.0669685 
0.1852 -0.0668486 
0.1853 -0.066729 
0.1854 -0.0666097 
0.1855 -0.0664906 
0.1856 -0.0663717 
0.1857 -0.066253 
0.1858 -0.0661345 
0.1859 -0.0660162 
0.186 -0.0658979 
0.1861 -0.0657798 
0.1862 -0.0656618 
0.1863 -0.0655437 
0.1864 -0.0654257 
0.1865 -0.0653076 
0.1866 -0.0651894 
0.1867 -0.0650711 
0.1868 -0.0649527 
0.1869 -0.064834 
0.187 -0.064715 
0.1871 -0.0645957 
0.1872 -0.0644759 
0.1873 -0.0643558 
0.1874 -0.0642351 
0.1875 -0.0641137 
0.1876 -0.0639917 
0.1877 -0.063869 
0.1878 -0.0637453 
0.1879 -0.0636207 
0.188 -0.0634951 
0.1881 -0.0633682 
0.1882 -0.06324 
0.1883 -0.0631104 
0.1884 -0.0629792 
0.1885 -0.0628462 
0.1886 -0.0627113 
0.1887 -0.0625743 
0.1888 -0.0624349 
0.1889 -0.062293 
0.189 -0.0621482 
0.1891 -0.0620003 
0.1892 -0.0618489 
0.1893 -0.0616938 
0.1894 -0.0615344 
0.1895 -0.0613705 
0.1896 -0.0612014 
0.1897 -0.0610266 
0.1898 -0.0608456 
0.1899 -0.0606574 
0.19 -0.0604615 
0.1901 -0.0602567 
0.1902 -0.0600421 
0.1903 -0.0598164 
0.1904 -0.059578 
0.1905 -0.0593254 
0.1906 -0.0590566 
0.1907 -0.0587691 
0.1908 -0.0584603 
0.1909 -0.0581266 
0.191 -0.0577642 
0.1911 -0.057368 
0.1912 -0.056932 
0.1913 -0.0564487 
0.1914 -0.0559088 
0.1915 -0.0553003 
0.1916 -0.0546082 
0.1917 -0.0538126 
0.1918 -0.0528877 
0.1919 -0.0517989 
0.192 -0.0504995 
0.1921 -0.0489253 
0.1922 -0.0469866 
0.1923 -0.0445573 
0.1924 -0.0414595 
0.1925 -0.0374449 
0.1926 -0.0321853 
0.1927 -0.0253044 
0.1928 -0.0165438 
0.1929 -0.00619244 
0.193 0.00438933 
0.1931 0.0131141 
0.1932 0.0187059 
0.1933 0.0214058 
0.1934 0.0221151 
0.1935 0.0215991 
0.1936 0.0203307 
0.1937 0.0185801 
0.1938 0.016506 
0.1939 0.0142093 
0.194 0.0117591 
0.1941 0.00920593 
0.1942 0.00658793 
0.1943 0.00393448 
0.1944 0.00126818 
0.1945 -0.00139372 
0.1946 -0.00403826 
0.1947 -0.00665597 
0.1948 -0.00924017 
0.1949 -0.0117865 
0.195 -0.0142923 
0.1951 -0.0167566 
0.1952 -0.0191796 
0.1953 -0.0215626 
0.1954 -0.0239082 
0.1955 -0.0262202 
0.1956 -0.0285035 
0.1957 -0.0307648 
0.1958 -0.033013 
0.1959 -0.0352589 
0.196 -0.0375166 
0.1961 -0.039803 
0.1962 -0.0421385 
0.1963 -0.0445471 
0.1964 -0.0470559 
0.1965 -0.0496934 
0.1966 -0.0524861 
0.1967 -0.0554523 
0.1968 -0.0585901 
0.1969 -0.0618619 
0.197 -0.0651765 
0.1971 -0.0683821 
0.1972 -0.0712878 
0.1973 -0.0737208 
0.1974 -0.0755918 
0.1975 -0.0769185 
0.1976 -0.0777951 
0.1977 -0.0783402 
0.1978 -0.0786592 
0.1979 -0.0788317 
0.198 -0.0789118 
0.1981 -0.0789344 
0.1982 -0.0789213 
0.1983 -0.078886 
0.1984 -0.0788365 
0.1985 -0.078778 
0.1986 -0.0787133 
0.1987 -0.0786443 
0.1988 -0.0785721 
0.1989 -0.0784975 
0.199 -0.0784209 
0.1991 -0.0783425 
0.1992 -0.0782625 
0.1993 -0.078181 
0.1994 -0.0780981 
0.1995 -0.0780139 
0.1996 -0.0779284 
0.1997 -0.0778416 
0.1998 -0.0777534 
0.1999 -0.0776641 
0.2 -0.0775734 
0.2001 -0.0774815 
0.2002 -0.0773884 
0.2003 -0.077294 
0.2004 -0.0771984 
0.2005 -0.0771016 
0.2006 -0.0770036 
0.2007 -0.0769044 
0.2008 -0.0768041 
0.2009 -0.0767025 
0.201 -0.0765998 
0.2011 -0.076496 
0.2012 -0.0763911 
0.2013 -0.076285 
0.2014 -0.0761779 
0.2015 -0.0760697 
0.2016 -0.0759604 
0.2017 -0.0758501 
0.2018 -0.0757388 
0.2019 -0.0756265 
0.202 -0.0755132 
0.2021 -0.075399 
0.2022 -0.0752838 
0.2023 -0.0751678 
0.2024 -0.0750509 
0.2025 -0.0749331 
0.2026 -0.0748145 
0.2027 -0.0746951 
0.2028 -0.0745749 
0.2029 -0.074454 
0.203 -0.0743323 
0.2031 -0.07421 
0.2032 -0.074087 
0.2033 -0.0739634 
0.2034 -0.0738392 
0.2035 -0.0737145 
0.2036 -0.0735892 
0.2037 -0.0734633 
0.2038 -0.0733371 
0.2039 -0.0732103 
0.204 -0.0730832 
0.2041 -0.0729556 
0.2042 -0.0728278 
0.2043 -0.0726996 
0.2044 -0.0725711 
0.2045 -0.0724423 
0.2046 -0.0723134 
0.2047 -0.0721842 
0.2048 -0.0720549 
0.2049 -0.0719254 
0.205 -0.0717958 
0.2051 -0.0716662 
0.2052 -0.0715365 
0.2053 -0.0714067 
0.2054 -0.071277 
0.2055 -0.0711473 
0.2056 -0.0710177 
0.2057 -0.0708881 
0.2058 -0.0707587 
0.2059 -0.0706294 
0.206 -0.0705002 
0.2061 -0.0703712 
0.2062 -0.0702424 
0.2063 -0.0701138 
0.2064 -0.0699855 
0.2065 -0.0698574 
0.2066 -0.0697295 
0.2067 -0.069602 
0.2068 -0.0694747 
0.2069 -0.0693478 
0.207 -0.0692211 
0.2071 -0.0690948 
0.2072 -0.0689689 
0.2073 -0.0688432 
0.2074 -0.068718 
0.2075 -0.0685931 
0.2076 -0.0684686 
0.2077 -0.0683444 
0.2078 -0.0682206 
0.2079 -0.0680972 
0.208 -0.0679742 
0.2081 -0.0678515 
0.2082 -0.0677292 
0.2083 -0.0676072 
0.2084 -0.0674856 
0.2085 -0.0673644 
0.2086 -0.0672435 
0.2087 -0.0671229 
0.2088 -0.0670026 
0.2089 -0.0668826 
0.209 -0.0667629 
0.2091 -0.0666435 
0.2092 -0.0665243 
0.2093 -0.0664054 
0.2094 -0.0662867 
0.2095 -0.0661681 
0.2096 -0.0660497 
0.2097 -0.0659315 
0.2098 -0.0658133 
0.2099 -0.0656952 
0.21 -0.0655772 
0.2101 -0.0654592 
0.2102 -0.0653411 
0.2103 -0.065223 
0.2104 -0.0651047 
0.2105 -0.0649863 
0.2106 -0.0648677 
0.2107 -0.0647488 
0.2108 -0.0646295 
0.2109 -0.0645099 
0.211 -0.0643899 
0.2111 -0.0642694 
0.2112 -0.0641482 
0.2113 -0.0640264 
0.2114 -0.0639039 
0.2115 -0.0637805 
0.2116 -0.0636562 
0.2117 -0.0635308 
0.2118 -0.0634043 
0.2119 -0.0632766 
0.212 -0.0631474 
0.2121 -0.0630166 
0.2122 -0.0628842 
0.2123 -0.0627498 
0.2124 -0.0626134 
0.2125 -0.0624747 
0.2126 -0.0623335 
0.2127 -0.0621896 
0.2128 -0.0620426 
0.2129 -0.0618922 
0.213 -0.0617382 
0.2131 -0.0615801 
0.2132 -0.0614175 
0.2133 -0.0612499 
0.2134 -0.0610768 
0.2135 -0.0608976 
0.2136 -0.0607116 
0.2137 -0.0605179 
0.2138 -0.0603158 
0.2139 -0.0601041 
0.214 -0.0598816 
0.2141 -0.059647 
0.2142 -0.0593986 
0.2143 -0.0591345 
0.2144 -0.0588526 
0.2145 -0.05855 
0.2146 -0.0582238 
0.2147 -0.0578699 
0.2148 -0.0574838 
0.2149 -0.0570597 
0.215 -0.0565906 
0.2151 -0.0560678 
0.2152 -0.0554801 
0.2153 -0.0548133 
0.2154 -0.0540492 
0.2155 -0.0531639 
0.2156 -0.0521256 
0.2157 -0.0508913 
0.2158 -0.0494025 
0.2159 -0.0475777 
0.216 -0.0453025 
0.2161 -0.0424152 
0.2162 -0.0386894 
0.2163 -0.033819 
0.2164 -0.0274326 
0.2165 -0.0192084 
0.2166 -0.00922089 
0.2167 0.00149874 
0.2168 0.0109427 
0.2169 0.0174527 
0.217 0.0208856 
0.2171 0.0220667 
0.2172 0.0218372 
0.2173 0.0207472 
0.2174 0.0191132 
0.2175 0.0171184 
0.2176 0.0148765 
0.2177 0.0124639 
0.2178 0.00993543 
0.2179 0.00733242 
0.218 0.00468643 
0.2181 0.00202179 
0.2182 -0.000642837 
0.2183 -0.00329338 
0.2184 -0.00591946 
0.2185 -0.00851367 
0.2186 -0.011071 
0.2187 -0.0135884 
0.2188 -0.0160645 
0.2189 -0.0184991 
0.219 -0.0208932 
0.2191 -0.0232491 
0.2192 -0.0255701 
0.2193 -0.0278608 
0.2194 -0.0301276 
0.2195 -0.0323785 
0.2196 -0.0346238 
0.2197 -0.0368766 
0.2198 -0.0391529 
0.2199 -0.0414722 
0.22 -0.0438576 
0.2201 -0.0463352 
0.2202 -0.0489335 
0.2203 -0.05168 
0.2204 -0.0545962 
0.2205 -0.0576874 
0.2206 -0.060928 
0.2207 -0.0642434 
0.2208 -0.0674982 
0.2209 -0.0705083 
0.221 -0.0730885 
0.2211 -0.0751209 
0.2212 -0.0765942 
0.2213 -0.0775862 
0.2214 -0.0782132 
0.2215 -0.0785869 
0.2216 -0.0787943 
0.2217 -0.0788962 
0.2218 -0.0789323 
0.2219 -0.0789277 
0.222 -0.0788976 
0.2221 -0.0788516 
0.2222 -0.0787952 
0.2223 -0.078732 
0.2224 -0.0786641 
0.2225 -0.0785928 
0.2226 -0.0785188 
0.2227 -0.0784427 
0.2228 -0.0783648 
0.2229 -0.0782852 
0.223 -0.0782042 
0.2231 -0.0781217 
0.2232 -0.0780379 
0.2233 -0.0779527 
0.2234 -0.0778662 
0.2235 -0.0777785 
0.2236 -0.0776894 
0.2237 -0.0775991 
0.2238 -0.0775076 
0.2239 -0.0774148 
0.224 -0.0773208 
0.2241 -0.0772256 
0.2242 -0.0771291 
0.2243 -0.0770314 
0.2244 -0.0769326 
0.2245 -0.0768325 
0.2246 -0.0767313 
0.2247 -0.076629 
0.2248 -0.0765255 
0.2249 -0.0764209 
0.225 -0.0763151 
0.2251 -0.0762083 
0.2252 -0.0761004 
0.2253 -0.0759914 
0.2254 -0.0758814 
0.2255 -0.0757704 
0.2256 -0.0756583 
0.2257 -0.0755453 
0.2258 -0.0754314 
0.2259 -0.0753165 
0.226 -0.0752007 
0.2261 -0.075084 
0.2262 -0.0749665 
0.2263 -0.0748481 
0.2264 -0.0747289 
0.2265 -0.0746089 
0.2266 -0.0744882 
0.2267 -0.0743668 
0.2268 -0.0742447 
0.2269 -0.0741219 
0.227 -0.0739984 
0.2271 -0.0738744 
0.2272 -0.0737498 
0.2273 -0.0736246 
0.2274 -0.0734989 
0.2275 -0.0733728 
0.2276 -0.0732462 
0.2277 -0.0731191 
0.2278 -0.0729917 
0.2279 -0.0728639 
0.228 -0.0727358 
0.2281 -0.0726074 
0.2282 -0.0724787 
0.2283 -0.0723498 
0.2284 -0.0722207 
0.2285 -0.0720914 
0.2286 -0.071962 
0.2287 -0.0718325 
0.2288 -0.0717028 
0.2289 -0.0715731 
0.229 -0.0714434 
0.2291 -0.0713137 
0.2292 -0.071184 
0.2293 -0.0710543 
0.2294 -0.0709247 
0.2295 -0.0707953 
0.2296 -0.0706659 
0.2297 -0.0705367 
0.2298 -0.0704076 
0.2299 -0.0702788 
0.23 -0.0701501 
0.2301 -0.0700217 
0.2302 -0.0698935 
0.2303 -0.0697656 
0.2304 -0.069638 
0.2305 -0.0695106 
0.2306 -0.0693836 
0.2307 -0.0692569 
0.2308 -0.0691305 
0.2309 -0.0690044 
0.231 -0.0688787 
0.2311 -0.0687533 
0.2312 -0.0686284 
0.2313 -0.0685037 
0.2314 -0.0683795 
0.2315 -0.0682556 
0.2316 -0.068132 
0.2317 -0.0680089 
0.2318 -0.0678861 
0.2319 -0.0677637 
0.232 -0.0676416 
0.2321 -0.0675199 
0.2322 -0.0673986 
0.2323 -0.0672776 
0.2324 -0.0671569 
0.2325 -0.0670365 
0.2326 -0.0669165 
0.2327 -0.0667967 
0.2328 -0.0666772 
0.2329 -0.066558 
0.233 -0.066439 
0.2331 -0.0663202 
0.2332 -0.0662016 
0.2333 -0.0660832 
0.2334 -0.0659649 
0.2335 -0.0658467 
0.2336 -0.0657286 
0.2337 -0.0656106 
0.2338 -0.0654925 
0.2339 -0.0653745 
0.234 -0.0652564 
0.2341 -0.0651381 
0.2342 -0.0650198 
0.2343 -0.0649012 
0.2344 -0.0647824 
0.2345 -0.0646633 
0.2346 -0.0645438 
0.2347 -0.0644239 
0.2348 -0.0643035 
0.2349 -0.0641825 
0.235 -0.0640609 
0.2351 -0.0639386 
0.2352 -0.0638155 
0.2353 -0.0636914 
0.2354 -0.0635664 
0.2355 -0.0634402 
0.2356 -0.0633128 
0.2357 -0.063184 
0.2358 -0.0630537 
0.2359 -0.0629218 
0.236 -0.062788 
0.2361 -0.0626522 
0.2362 -0.0625142 
0.2363 -0.0623737 
0.2364 -0.0622305 
0.2365 -0.0620844 
0.2366 -0.0619351 
0.2367 -0.0617821 
0.2368 -0.0616252 
0.2369 -0.0614639 
0.237 -0.0612978 
0.2371 -0.0611263 
0.2372 -0.0609489 
0.2373 -0.0607649 
0.2374 -0.0605735 
0.2375 -0.0603738 
0.2376 -0.0601649 
0.2377 -0.0599456 
0.2378 -0.0597146 
0.2379 -0.0594704 
0.238 -0.059211 
0.2381 -0.0589344 
0.2382 -0.058638 
0.2383 -0.0583189 
0.2384 -0.0579733 
0.2385 -0.0575969 
0.2386 -0.0571843 
0.2387 -0.0567288 
0.2388 -0.0562223 
0.2389 -0.0556543 
0.239 -0.0550116 
0.2391 -0.0542774 
0.2392 -0.0534293 
0.2393 -0.0524383 
0.2394 -0.0512649 
0.2395 -0.0498555 
0.2396 -0.0481361 
0.2397 -0.046003 
0.2398 -0.0433095 
0.2399 -0.0398495 
0.24 -0.0353401 
0.2401 -0.0294233 
0.2402 -0.0217406 
0.2403 -0.012201 
0.2404 -0.00151437 
0.2405 0.00851007 
0.2406 0.0159374 
0.2407 0.0201808 
0.2408 0.0219056 
0.2409 0.0220081 
0.241 0.0211224 
0.2411 0.01962 
0.2412 0.0177139 
0.2413 0.0155333 
0.2414 0.0131628 
0.2415 0.0106626 
0.2416 0.00807724 
0.2417 0.00544071 
0.2418 0.00277925 
0.2419 0.000113016 
0.242 -0.00254273 
0.2421 -0.00517662 
0.2422 -0.00778048 
0.2423 -0.0103487 
0.2424 -0.0128776 
0.2425 -0.0153655 
0.2426 -0.0178118 
0.2427 -0.0202172 
0.2428 -0.0225837 
0.2429 -0.0249142 
0.243 -0.027213 
0.2431 -0.0294858 
0.2432 -0.0317403 
0.2433 -0.033986 
0.2434 -0.0362351 
0.2435 -0.038503 
0.2436 -0.0408079 
0.2437 -0.043172 
0.2438 -0.0456206 
0.2439 -0.0481816 
0.244 -0.0508834 
0.2441 -0.05375 
0.2442 -0.0567924 
0.2443 -0.0599957 
0.2444 -0.0633008 
0.2445 -0.06659 
0.2446 -0.0696896 
0.2447 -0.072408 
0.2448 -0.074602 
0.2449 -0.0762292 
0.245 -0.0773467 
0.2451 -0.0780653 
0.2452 -0.0785009 
0.2453 -0.0787482 
0.2454 -0.0788753 
0.2455 -0.0789271 
0.2456 -0.0789321 
0.2457 -0.0789081 
0.2458 -0.0788659 
0.2459 -0.078812 
0.246 -0.0787505 
0.2461 -0.0786838 
0.2462 -0.0786133 
0.2463 -0.07854 
0.2464 -0.0784645 
0.2465 -0.078387 
0.2466 -0.0783079 
0.2467 -0.0782273 
0.2468 -0.0781452 
0.2469 -0.0780618 
0.247 -0.077977 
0.2471 -0.0778909 
0.2472 -0.0778035 
0.2473 -0.0777148 
0.2474 -0.0776249 
0.2475 -0.0775337 
0.2476 -0.0774413 
0.2477 -0.0773476 
0.2478 -0.0772527 
0.2479 -0.0771566 
0.248 -0.0770593 
0.2481 -0.0769607 
0.2482 -0.076861 
0.2483 -0.0767602 
0.2484 -0.0766581 
0.2485 -0.076555 
0.2486 -0.0764506 
0.2487 -0.0763452 
0.2488 -0.0762387 
0.2489 -0.0761311 
0.249 -0.0760224 
0.2491 -0.0759127 
0.2492 -0.075802 
0.2493 -0.0756902 
0.2494 -0.0755775 
0.2495 -0.0754638 
0.2496 -0.0753492 
0.2497 -0.0752336 
0.2498 -0.0751172 
0.2499 -0.0749999 
0.25 -0.0748817 
0.2501 -0.0747628 
0.2502 -0.074643 
0.2503 -0.0745225 
0.2504 -0.0744013 
0.2505 -0.0742794 
0.2506 -0.0741568 
0.2507 -0.0740335 
0.2508 -0.0739096 
0.2509 -0.0737852 
0.251 -0.0736602 
0.2511 -0.0735346 
0.2512 -0.0734086 
0.2513 -0.0732821 
0.2514 -0.0731552 
0.2515 -0.0730279 
0.2516 -0.0729002 
0.2517 -0.0727722 
0.2518 -0.0726439 
0.2519 -0.0725153 
0.252 -0.0723864 
0.2521 -0.0722574 
0.2522 -0.0721281 
0.2523 -0.0719987 
0.2524 -0.0718692 
0.2525 -0.0717396 
0.2526 -0.0716099 
0.2527 -0.0714802 
0.2528 -0.0713505 
0.2529 -0.0712208 
0.253 -0.0710911 
0.2531 -0.0709615 
0.2532 -0.070832 
0.2533 -0.0707026 
0.2534 -0.0705733 
0.2535 -0.0704442 
0.2536 -0.0703153 
0.2537 -0.0701866 
0.2538 -0.0700581 
0.2539 -0.0699299 
0.254 -0.0698019 
0.2541 -0.0696742 
0.2542 -0.0695467 
0.2543 -0.0694196 
0.2544 -0.0692928 
0.2545 -0.0691663 
0.2546 -0.0690401 
0.2547 -0.0689143 
0.2548 -0.0687889 
0.2549 -0.0686638 
0.255 -0.068539 
0.2551 -0.0684147 
0.2552 -0.0682907 
0.2553 -0.068167 
0.2554 -0.0680438 
0.2555 -0.0679209 
0.2556 -0.0677984 
0.2557 -0.0676762 
0.2558 -0.0675544 
0.2559 -0.067433 
0.256 -0.0673119 
0.2561 -0.0671911 
0.2562 -0.0670707 
0.2563 -0.0669505 
0.2564 -0.0668307 
0.2565 -0.0667111 
0.2566 -0.0665918 
0.2567 -0.0664727 
0.2568 -0.0663539 
0.2569 -0.0662352 
0.257 -0.0661167 
0.2571 -0.0659984 
0.2572 -0.0658802 
0.2573 -0.0657621 
0.2574 -0.065644 
0.2575 -0.065526 
0.2576 -0.065408 
0.2577 -0.0652899 
0.2578 -0.0651717 
0.2579 -0.0650534 
0.258 -0.0649349 
0.2581 -0.0648161 
0.2582 -0.0646971 
0.2583 -0.0645777 
0.2584 -0.0644579 
0.2585 -0.0643377 
0.2586 -0.0642169 
0.2587 -0.0640955 
0.2588 -0.0639734 
0.2589 -0.0638505 
0.259 -0.0637267 
0.2591 -0.063602 
0.2592 -0.0634761 
0.2593 -0.0633491 
0.2594 -0.0632207 
0.2595 -0.0630909 
0.2596 -0.0629594 
0.2597 -0.0628261 
0.2598 -0.0626909 
0.2599 -0.0625536 
0.26 -0.0624138 
0.2601 -0.0622714 
0.2602 -0.0621262 
0.2603 -0.0619778 
0.2604 -0.0618259 
0.2605 -0.0616701 
0.2606 -0.0615101 
0.2607 -0.0613455 
0.2608 -0.0611756 
0.2609 -0.0609999 
0.261 -0.0608178 
0.2611 -0.0606286 
0.2612 -0.0604314 
0.2613 -0.0602252 
0.2614 -0.060009 
0.2615 -0.0597814 
0.2616 -0.059541 
0.2617 -0.0592861 
0.2618 -0.0590146 
0.2619 -0.0587241 
0.262 -0.0584117 
0.2621 -0.058074 
0.2622 -0.0577068 
0.2623 -0.057305 
0.2624 -0.0568623 
0.2625 -0.0563712 
0.2626 -0.0558217 
0.2627 -0.0552017 
0.2628 -0.0544953 
0.2629 -0.053682 
0.263 -0.0527348 
0.2631 -0.0516176 
0.2632 -0.0502814 
0.2633 -0.0486585 
0.2634 -0.0466549 
0.2635 -0.0441376 
0.2636 -0.0409192 
0.2637 -0.0367396 
0.2638 -0.0312592 
0.2639 -0.0241039 
0.264 -0.015063 
0.2641 -0.00456008 
0.2642 0.00587499 
0.2643 0.0141691 
0.2644 0.019279 
0.2645 0.0216186 
0.2646 0.0221014 
0.2647 0.0214477 
0.2648 0.0200927 
0.2649 0.0182849 
0.265 0.0161717 
0.2651 0.013848 
0.2652 0.0113793 
0.2653 0.00881415 
0.2654 0.0061891 
0.2655 0.00353239 
0.2656 0.000865762 
0.2657 -0.00179426 
0.2658 -0.00443528 
0.2659 -0.0070483 
0.266 -0.00962701 
0.2661 -0.0121673 
0.2662 -0.0146669 
0.2663 -0.0171249 
0.2664 -0.0195418 
0.2665 -0.021919 
0.2666 -0.0242593 
0.2667 -0.0265665 
0.2668 -0.028846 
0.2669 -0.0311048 
0.267 -0.0333518 
0.2671 -0.0355986 
0.2672 -0.0378594 
0.2673 -0.0401518 
0.2674 -0.0424967 
0.2675 -0.0449187 
0.2676 -0.0474451 
0.2677 -0.0501044 
0.2678 -0.0529225 
0.2679 -0.0559153 
0.268 -0.0590769 
0.2681 -0.0623626 
0.2682 -0.0656719 
0.2683 -0.0688447 
0.2684 -0.0716887 
0.2685 -0.07404 
0.2686 -0.0758252 
0.2687 -0.0770768 
0.2688 -0.0778958 
0.2689 -0.0784006 
0.269 -0.0786931 
0.2691 -0.0788487 
0.2692 -0.0789182 
0.2693 -0.0789343 
0.2694 -0.0789171 
0.2695 -0.0788792 
0.2696 -0.0788282 
0.2697 -0.0787685 
0.2698 -0.0787031 
0.2699 -0.0786336 
0.27 -0.078561 
0.2701 -0.078486 
0.2702 -0.0784091 
0.2703 -0.0783305 
0.2704 -0.0782503 
0.2705 -0.0781686 
0.2706 -0.0780855 
0.2707 -0.0780011 
0.2708 -0.0779154 
0.2709 -0.0778283 
0.271 -0.07774 
0.2711 -0.0776505 
0.2712 -0.0775596 
0.2713 -0.0774675 
0.2714 -0.0773742 
0.2715 -0.0772797 
0.2716 -0.0771839 
0.2717 -0.0770869 
0.2718 -0.0769887 
0.2719 -0.0768894 
0.272 -0.0767888 
0.2721 -0.0766871 
0.2722 -0.0765842 
0.2723 -0.0764803 
0.2724 -0.0763751 
0.2725 -0.0762689 
0.2726 -0.0761616 
0.2727 -0.0760533 
0.2728 -0.0759438 
0.2729 -0.0758334 
0.273 -0.0757219 
0.2731 -0.0756095 
0.2732 -0.075496 
0.2733 -0.0753817 
0.2734 -0.0752664 
0.2735 -0.0751502 
0.2736 -0.0750331 
0.2737 -0.0749152 
0.2738 -0.0747965 
0.2739 -0.074677 
0.274 -0.0745567 
0.2741 -0.0744357 
0.2742 -0.0743139 
0.2743 -0.0741915 
0.2744 -0.0740684 
0.2745 -0.0739447 
0.2746 -0.0738204 
0.2747 -0.0736956 
0.2748 -0.0735702 
0.2749 -0.0734443 
0.275 -0.0733179 
0.2751 -0.0731912 
0.2752 -0.0730639 
0.2753 -0.0729364 
0.2754 -0.0728084 
0.2755 -0.0726802 
0.2756 -0.0725517 
0.2757 -0.0724229 
0.2758 -0.0722939 
0.2759 -0.0721647 
0.276 -0.0720353 
0.2761 -0.0719059 
0.2762 -0.0717763 
0.2763 -0.0716466 
0.2764 -0.0715169 
0.2765 -0.0713872 
0.2766 -0.0712574 
0.2767 -0.0711278 
0.2768 -0.0709981 
0.2769 -0.0708686 
0.277 -0.0707392 
0.2771 -0.0706099 
0.2772 -0.0704807 
0.2773 -0.0703518 
0.2774 -0.070223 
0.2775 -0.0700944 
0.2776 -0.0699661 
0.2777 -0.0698381 
0.2778 -0.0697103 
0.2779 -0.0695827 
0.278 -0.0694555 
0.2781 -0.0693286 
0.2782 -0.069202 
0.2783 -0.0690758 
0.2784 -0.0689499 
0.2785 -0.0688243 
0.2786 -0.0686991 
0.2787 -0.0685743 
0.2788 -0.0684498 
0.2789 -0.0683257 
0.279 -0.068202 
0.2791 -0.0680786 
0.2792 -0.0679556 
0.2793 -0.067833 
0.2794 -0.0677107 
0.2795 -0.0675888 
0.2796 -0.0674673 
0.2797 -0.0673461 
0.2798 -0.0672252 
0.2799 -0.0671047 
0.28 -0.0669845 
0.2801 -0.0668645 
0.2802 -0.0667449 
0.2803 -0.0666255 
0.2804 -0.0665064 
0.2805 -0.0663875 
0.2806 -0.0662688 
0.2807 -0.0661502 
0.2808 -0.0660319 
0.2809 -0.0659136 
0.281 -0.0657955 
0.2811 -0.0656774 
0.2812 -0.0655594 
0.2813 -0.0654414 
0.2814 -0.0653233 
0.2815 -0.0652051 
0.2816 -0.0650868 
0.2817 -0.0649684 
0.2818 -0.0648497 
0.2819 -0.0647308 
0.282 -0.0646115 
0.2821 -0.0644919 
0.2822 -0.0643717 
0.2823 -0.0642511 
0.2824 -0.0641299 
0.2825 -0.064008 
0.2826 -0.0638853 
0.2827 -0.0637618 
0.2828 -0.0636373 
0.2829 -0.0635118 
0.283 -0.0633851 
0.2831 -0.0632571 
0.2832 -0.0631277 
0.2833 -0.0629967 
0.2834 -0.062864 
0.2835 -0.0627294 
0.2836 -0.0625926 
0.2837 -0.0624536 
0.2838 -0.062312 
0.2839 -0.0621676 
0.284 -0.0620201 
0.2841 -0.0618692 
0.2842 -0.0617146 
0.2843 -0.0615558 
0.2844 -0.0613925 
0.2845 -0.0612242 
0.2846 -0.0610502 
0.2847 -0.06087 
0.2848 -0.0606829 
0.2849 -0.060488 
0.285 -0.0602845 
0.2851 -0.0600712 
0.2852 -0.059847 
0.2853 -0.0596105 
0.2854 -0.0593599 
0.2855 -0.0590933 
0.2856 -0.0588085 
0.2857 -0.0585026 
0.2858 -0.0581725 
0.2859 -0.0578141 
0.286 -0.0574227 
0.2861 -0.0569924 
0.2862 -0.0565159 
0.2863 -0.0559841 
0.2864 -0.0553855 
0.2865 -0.0547055 
0.2866 -0.053925 
0.2867 -0.053019 
0.2868 -0.0519544 
0.2869 -0.0506862 
0.287 -0.0491529 
0.2871 -0.0472689 
0.2872 -0.0449137 
0.2873 -0.0419171 
0.2874 -0.0380414 
0.2875 -0.0329685 
0.2876 -0.0263232 
0.2877 -0.0178134 
0.2878 -0.00762112 
0.2879 0.00304735 
0.288 0.0121256 
0.2881 0.0181473 
0.2882 0.0211821 
0.2883 0.022105 
0.2884 0.0217186 
0.2885 0.0205313 
0.2886 0.0188338 
0.2887 0.0167959 
0.2888 0.0145242 
0.2889 0.0120912 
0.289 0.00954923 
0.2891 0.00693798 
0.2892 0.0042878 
0.2893 0.00162211 
0.2894 -0.00104121 
0.2895 -0.00368867 
0.2896 -0.00631037 
0.2897 -0.00889932 
0.2898 -0.0114508 
0.2899 -0.0139621 
0.29 -0.0164319 
0.2901 -0.0188603 
0.2902 -0.0212486 
0.2903 -0.023599 
0.2904 -0.0259151 
0.2905 -0.0282019 
0.2906 -0.0304657 
0.2907 -0.032715 
0.2908 -0.0349605 
0.2909 -0.0372157 
0.291 -0.0394972 
0.2911 -0.0418249 
0.2912 -0.0442223 
0.2913 -0.0467162 
0.2914 -0.0493349 
0.2915 -0.0521058 
0.2916 -0.0550484 
0.2917 -0.0581647 
0.2918 -0.0614226 
0.2919 -0.0647391 
0.292 -0.0679697 
0.2921 -0.0709262 
0.2922 -0.0734295 
0.2923 -0.0753762 
0.2924 -0.0767708 
0.2925 -0.0777004 
0.2926 -0.0782829 
0.2927 -0.0786268 
0.2928 -0.0788151 
0.2929 -0.078905 
0.293 -0.0789338 
0.2931 -0.0789245 
0.2932 -0.0788916 
0.2933 -0.0788437 
0.2934 -0.0787861 
0.2935 -0.0787221 
0.2936 -0.0786536 
0.2937 -0.0785818 
0.2938 -0.0785075 
0.2939 -0.0784311 
0.294 -0.0783529 
0.2941 -0.0782732 
0.2942 -0.0781919 
0.2943 -0.0781092 
0.2944 -0.0780252 
0.2945 -0.0779398 
0.2946 -0.0778532 
0.2947 -0.0777652 
0.2948 -0.077676 
0.2949 -0.0775855 
0.295 -0.0774938 
0.2951 -0.0774008 
0.2952 -0.0773066 
0.2953 -0.0772112 
0.2954 -0.0771145 
0.2955 -0.0770167 
0.2956 -0.0769177 
0.2957 -0.0768175 
0.2958 -0.0767161 
0.2959 -0.0766135 
0.296 -0.0765099 
0.2961 -0.0764051 
0.2962 -0.0762992 
0.2963 -0.0761922 
0.2964 -0.0760841 
0.2965 -0.075975 
0.2966 -0.0758648 
0.2967 -0.0757536 
0.2968 -0.0756415 
0.2969 -0.0755283 
0.297 -0.0754142 
0.2971 -0.0752992 
0.2972 -0.0751832 
0.2973 -0.0750664 
0.2974 -0.0749488 
0.2975 -0.0748303 
0.2976 -0.074711 
0.2977 -0.0745909 
0.2978 -0.0744701 
0.2979 -0.0743485 
0.298 -0.0742263 
0.2981 -0.0741034 
0.2982 -0.0739799 
0.2983 -0.0738558 
0.2984 -0.0737311 
0.2985 -0.0736058 
0.2986 -0.0734801 
0.2987 -0.0733538 
0.2988 -0.0732272 
0.2989 -0.0731001 
0.299 -0.0729726 
0.2991 -0.0728448 
0.2992 -0.0727166 
0.2993 -0.0725882 
0.2994 -0.0724594 
0.2995 -0.0723305 
0.2996 -0.0722014 
0.2997 -0.072072 
0.2998 -0.0719426 
0.2999 -0.071813 
0.3 -0.0716834 
0.3001 -0.0715537 
0.3002 -0.071424 
0.3003 -0.0712942 
0.3004 -0.0711645 
0.3005 -0.0710349 
0.3006 -0.0709053 
0.3007 -0.0707759 
0.3008 -0.0706465 
0.3009 -0.0705173 
0.301 -0.0703883 
0.3011 -0.0702595 
0.3012 -0.0701309 
0.3013 -0.0700025 
0.3014 -0.0698744 
0.3015 -0.0697465 
0.3016 -0.0696189 
0.3017 -0.0694916 
0.3018 -0.0693646 
0.3019 -0.0692379 
0.302 -0.0691116 
0.3021 -0.0689856 
0.3022 -0.0688599 
0.3023 -0.0687346 
0.3024 -0.0686097 
0.3025 -0.0684851 
0.3026 -0.0683609 
0.3027 -0.068237 
0.3028 -0.0681136 
0.3029 -0.0679905 
0.303 -0.0678677 
0.3031 -0.0677454 
0.3032 -0.0676234 
0.3033 -0.0675017 
0.3034 -0.0673804 
0.3035 -0.0672595 
0.3036 -0.0671388 
0.3037 -0.0670185 
0.3038 -0.0668985 
0.3039 -0.0667788 
0.304 -0.0666593 
0.3041 -0.0665401 
0.3042 -0.0664212 
0.3043 -0.0663024 
0.3044 -0.0661838 
0.3045 -0.0660654 
0.3046 -0.0659472 
0.3047 -0.065829 
0.3048 -0.0657109 
0.3049 -0.0655929 
0.305 -0.0654748 
0.3051 -0.0653568 
0.3052 -0.0652387 
0.3053 -0.0651204 
0.3054 -0.065002 
0.3055 -0.0648834 
0.3056 -0.0647646 
0.3057 -0.0646454 
0.3058 -0.0645258 
0.3059 -0.0644059 
0.306 -0.0642854 
0.3061 -0.0641643 
0.3062 -0.0640426 
0.3063 -0.0639202 
0.3064 -0.0637969 
0.3065 -0.0636727 
0.3066 -0.0635475 
0.3067 -0.0634212 
0.3068 -0.0632936 
0.3069 -0.0631646 
0.307 -0.0630341 
0.3071 -0.0629018 
0.3072 -0.0627678 
0.3073 -0.0626316 
0.3074 -0.0624933 
0.3075 -0.0623524 
0.3076 -0.0622088 
0.3077 -0.0620622 
0.3078 -0.0619124 
0.3079 -0.0617588 
0.308 -0.0616013 
0.3081 -0.0614393 
0.3082 -0.0612725 
0.3083 -0.0611001 
0.3084 -0.0609218 
0.3085 -0.0607367 
0.3086 -0.0605441 
0.3087 -0.0603431 
0.3088 -0.0601328 
0.3089 -0.0599118 
0.309 -0.0596789 
0.3091 -0.0594324 
0.3092 -0.0591706 
0.3093 -0.0588912 
0.3094 -0.0585916 
0.3095 -0.0582687 
0.3096 -0.0579187 
0.3097 -0.0575372 
0.3098 -0.0571186 
0.3099 -0.056656 
0.31 -0.0561409 
0.3101 -0.0555626 
0.3102 -0.0549073 
0.3103 -0.0541575 
0.3104 -0.05329 
0.3105 -0.0522742 
0.3106 -0.0510691 
0.3107 -0.0496183 
0.3108 -0.0478441 
0.3109 -0.045637 
0.311 -0.0428429 
0.3111 -0.0392448 
0.3112 -0.0345475 
0.3113 -0.0283852 
0.3114 -0.0204157 
0.3115 -0.01063 
0.3116 9.45975e-05 
0.3117 0.00983062 
0.3118 0.0167742 
0.3119 0.0205788 
0.312 0.022006 
0.3121 0.0219265 
0.3122 0.020929 
0.3123 0.0193548 
0.3124 0.0174005 
0.3125 0.0151865 
0.3126 0.0127931 
0.3127 0.0102775 
0.3128 0.00768244 
0.3129 0.00504064 
0.313 0.0023773 
0.3131 -0.000288232 
0.3132 -0.00294133 
0.3133 -0.00557115 
0.3134 -0.00816994 
0.3135 -0.0107324 
0.3136 -0.0132553 
0.3137 -0.0157369 
0.3138 -0.0181769 
0.3139 -0.0205764 
0.314 -0.0229372 
0.3141 -0.0252626 
0.3142 -0.0275571 
0.3143 -0.0298266 
0.3144 -0.032079 
0.3145 -0.0343244 
0.3146 -0.0365753 
0.3147 -0.0388475 
0.3148 -0.0411598 
0.3149 -0.0435349 
0.315 -0.0459987 
0.3151 -0.0485792 
0.3152 -0.0513045 
0.3153 -0.0541972 
0.3154 -0.0572658 
0.3155 -0.0604895 
0.3156 -0.0638014 
0.3157 -0.0670742 
0.3158 -0.0701283 
0.3159 -0.0727747 
0.316 -0.0748832 
0.3161 -0.0764279 
0.3162 -0.0774776 
0.3163 -0.0781465 
0.3164 -0.0785483 
0.3165 -0.0787738 
0.3166 -0.0788871 
0.3167 -0.0789303 
0.3168 -0.07893 
0.3169 -0.0789027 
0.317 -0.0788584 
0.3171 -0.0788032 
0.3172 -0.0787408 
0.3173 -0.0786734 
0.3174 -0.0786024 
0.3175 -0.0785288 
0.3176 -0.0784529 
0.3177 -0.0783753 
0.3178 -0.0782959 
0.3179 -0.0782151 
0.318 -0.0781328 
0.3181 -0.0780491 
0.3182 -0.0779641 
0.3183 -0.0778778 
0.3184 -0.0777902 
0.3185 -0.0777014 
0.3186 -0.0776113 
0.3187 -0.0775199 
0.3188 -0.0774273 
0.3189 -0.0773334 
0.319 -0.0772383 
0.3191 -0.077142 
0.3192 -0.0770445 
0.3193 -0.0769458 
0.3194 -0.0768459 
0.3195 -0.0767449 
0.3196 -0.0766427 
0.3197 -0.0765393 
0.3198 -0.0764349 
0.3199 -0.0763293 
0.32 -0.0762226 
0.3201 -0.0761148 
0.3202 -0.076006 
0.3203 -0.0758961 
0.3204 -0.0757852 
0.3205 -0.0756733 
0.3206 -0.0755604 
0.3207 -0.0754466 
0.3208 -0.0753318 
0.3209 -0.0752162 
0.321 -0.0750996 
0.3211 -0.0749822 
0.3212 -0.0748639 
0.3213 -0.0747448 
0.3214 -0.074625 
0.3215 -0.0745044 
0.3216 -0.074383 
0.3217 -0.074261 
0.3218 -0.0741383 
0.3219 -0.0740149 
0.322 -0.073891 
0.3221 -0.0737664 
0.3222 -0.0736413 
0.3223 -0.0735157 
0.3224 -0.0733896 
0.3225 -0.0732631 
0.3226 -0.0731361 
0.3227 -0.0730087 
0.3228 -0.072881 
0.3229 -0.0727529 
0.323 -0.0726245 
0.3231 -0.0724959 
0.3232 -0.072367 
0.3233 -0.0722379 
0.3234 -0.0721087 
0.3235 -0.0719793 
0.3236 -0.0718497 
0.3237 -0.0717201 
0.3238 -0.0715904 
0.3239 -0.0714607 
0.324 -0.071331 
0.3241 -0.0712013 
0.3242 -0.0710716 
0.3243 -0.070942 
0.3244 -0.0708125 
0.3245 -0.0706831 
0.3246 -0.0705539 
0.3247 -0.0704248 
0.3248 -0.070296 
0.3249 -0.0701673 
0.325 -0.0700388 
0.3251 -0.0699106 
0.3252 -0.0697827 
0.3253 -0.069655 
0.3254 -0.0695276 
0.3255 -0.0694005 
0.3256 -0.0692737 
0.3257 -0.0691473 
0.3258 -0.0690212 
0.3259 -0.0688954 
0.326 -0.06877 
0.3261 -0.068645 
0.3262 -0.0685203 
0.3263 -0.068396 
0.3264 -0.0682721 
0.3265 -0.0681485 
0.3266 -0.0680253 
0.3267 -0.0679025 
0.3268 -0.06778 
0.3269 -0.0676579 
0.327 -0.0675361 
0.3271 -0.0674147 
0.3272 -0.0672937 
0.3273 -0.067173 
0.3274 -0.0670526 
0.3275 -0.0669325 
0.3276 -0.0668127 
0.3277 -0.0666931 
0.3278 -0.0665739 
0.3279 -0.0664548 
0.328 -0.066336 
0.3281 -0.0662174 
0.3282 -0.0660989 
0.3283 -0.0659806 
0.3284 -0.0658624 
0.3285 -0.0657443 
0.3286 -0.0656263 
0.3287 -0.0655083 
0.3288 -0.0653902 
0.3289 -0.0652721 
0.329 -0.0651539 
0.3291 -0.0650356 
0.3292 -0.064917 
0.3293 -0.0647982 
0.3294 -0.0646792 
0.3295 -0.0645597 
0.3296 -0.0644399 
0.3297 -0.0643196 
0.3298 -0.0641987 
0.3299 -0.0640772 
0.33 -0.0639549 
0.3301 -0.0638319 
0.3302 -0.063708 
0.3303 -0.0635831 
0.3304 -0.0634571 
0.3305 -0.0633299 
0.3306 -0.0632013 
0.3307 -0.0630712 
0.3308 -0.0629395 
0.3309 -0.0628059 
0.331 -0.0626704 
0.3311 -0.0625327 
0.3312 -0.0623926 
0.3313 -0.0622498 
0.3314 -0.0621041 
0.3315 -0.0619552 
0.3316 -0.0618027 
0.3317 -0.0616463 
0.3318 -0.0614857 
0.3319 -0.0613202 
0.332 -0.0611495 
0.3321 -0.0609729 
0.3322 -0.0607898 
0.3323 -0.0605994 
0.3324 -0.0604009 
0.3325 -0.0601933 
0.3326 -0.0599755 
0.3327 -0.0597461 
0.3328 -0.0595037 
0.3329 -0.0592464 
0.333 -0.0589722 
0.3331 -0.0586786 
0.3332 -0.0583627 
0.3333 -0.0580208 
0.3334 -0.0576488 
0.3335 -0.0572413 
0.3336 -0.0567919 
0.3337 -0.0562927 
0.3338 -0.0557335 
0.3339 -0.0551016 
0.334 -0.0543806 
0.3341 -0.0535492 
0.3342 -0.0525791 
0.3343 -0.0514325 
0.3344 -0.0500581 
0.3345 -0.048385 
0.3346 -0.0463139 
0.3347 -0.043705 
0.3348 -0.0403609 
0.3349 -0.0360096 
0.335 -0.0303012 
0.3351 -0.0228677 
0.3352 -0.0135568 
0.3353 -0.00293891 
0.3354 0.00729976 
0.3355 0.0151415 
0.3356 0.0197846 
0.3357 0.0217881 
0.3358 0.0220622 
0.3359 0.0212814 
0.336 0.0198459 
0.3361 0.0179845 
0.3362 0.0158346 
0.3363 0.0134854 
0.3364 0.0109996 
0.3365 0.00842331 
0.3366 0.00579189 
0.3367 0.00313246 
0.3368 0.000465881 
0.3369 -0.00219199 
0.337 -0.00482931 
0.3371 -0.00743752 
0.3372 -0.0100107 
0.3373 -0.012545 
0.3374 -0.0150384 
0.3375 -0.0174901 
0.3376 -0.0199009 
0.3377 -0.0222724 
0.3378 -0.0246074 
0.3379 -0.0269101 
0.338 -0.029186 
0.3381 -0.0314424 
0.3382 -0.0336886 
0.3383 -0.0359365 
0.3384 -0.0382009 
0.3385 -0.0404997 
0.3386 -0.0428545 
0.3387 -0.0452904 
0.3388 -0.0478349 
0.3389 -0.0505165 
0.339 -0.0533602 
0.3391 -0.0563795 
0.3392 -0.0595637 
0.3393 -0.0628609 
0.3394 -0.0661612 
0.3395 -0.0692971 
0.3396 -0.072076 
0.3397 -0.0743443 
0.3398 -0.076045 
0.3399 -0.0772243 
0.34 -0.0779888 
0.3401 -0.0784558 
0.3402 -0.0787236 
0.3403 -0.0788636 
0.3404 -0.0789234 
0.3405 -0.0789334 
0.3406 -0.0789125 
0.3407 -0.0788723 
0.3408 -0.0788197 
0.3409 -0.078759 
0.341 -0.0786929 
0.3411 -0.0786228 
0.3412 -0.0785499 
0.3413 -0.0784746 
0.3414 -0.0783974 
0.3415 -0.0783185 
0.3416 -0.0782381 
0.3417 -0.0781562 
0.3418 -0.0780729 
0.3419 -0.0779883 
0.342 -0.0779024 
0.3421 -0.0778152 
0.3422 -0.0777267 
0.3423 -0.0776369 
0.3424 -0.0775459 
0.3425 -0.0774536 
0.3426 -0.0773601 
0.3427 -0.0772654 
0.3428 -0.0771694 
0.3429 -0.0770723 
0.343 -0.0769739 
0.3431 -0.0768743 
0.3432 -0.0767736 
0.3433 -0.0766717 
0.3434 -0.0765687 
0.3435 -0.0764646 
0.3436 -0.0763593 
0.3437 -0.0762529 
0.3438 -0.0761454 
0.3439 -0.0760369 
0.344 -0.0759273 
0.3441 -0.0758167 
0.3442 -0.0757051 
0.3443 -0.0755925 
0.3444 -0.0754789 
0.3445 -0.0753644 
0.3446 -0.075249 
0.3447 -0.0751327 
0.3448 -0.0750155 
0.3449 -0.0748975 
0.345 -0.0747786 
0.3451 -0.074659 
0.3452 -0.0745386 
0.3453 -0.0744174 
0.3454 -0.0742956 
0.3455 -0.0741731 
0.3456 -0.0740499 
0.3457 -0.0739261 
0.3458 -0.0738017 
0.3459 -0.0736768 
0.346 -0.0735513 
0.3461 -0.0734254 
0.3462 -0.073299 
0.3463 -0.0731721 
0.3464 -0.0730448 
0.3465 -0.0729172 
0.3466 -0.0727892 
0.3467 -0.0726609 
0.3468 -0.0725324 
0.3469 -0.0724035 
0.347 -0.0722745 
0.3471 -0.0721453 
0.3472 -0.0720159 
0.3473 -0.0718864 
0.3474 -0.0717568 
0.3475 -0.0716271 
0.3476 -0.0714974 
0.3477 -0.0713677 
0.3478 -0.071238 
0.3479 -0.0711083 
0.348 -0.0709787 
0.3481 -0.0708492 
0.3482 -0.0707198 
0.3483 -0.0705905 
0.3484 -0.0704614 
0.3485 -0.0703324 
0.3486 -0.0702037 
0.3487 -0.0700752 
0.3488 -0.0699469 
0.3489 -0.0698189 
0.349 -0.0696911 
0.3491 -0.0695636 
0.3492 -0.0694365 
0.3493 -0.0693096 
0.3494 -0.0691831 
0.3495 -0.0690569 
0.3496 -0.068931 
0.3497 -0.0688055 
0.3498 -0.0686804 
0.3499 -0.0685556 
0.35 -0.0684312 
0.3501 -0.0683071 
0.3502 -0.0681834 
0.3503 -0.0680601 
0.3504 -0.0679372 
0.3505 -0.0678146 
0.3506 -0.0676924 
0.3507 -0.0675706 
0.3508 -0.0674491 
0.3509 -0.0673279 
0.351 -0.0672071 
0.3511 -0.0670866 
0.3512 -0.0669664 
0.3513 -0.0668466 
0.3514 -0.066727 
0.3515 -0.0666076 
0.3516 -0.0664885 
0.3517 -0.0663696 
0.3518 -0.066251 
0.3519 -0.0661325 
0.352 -0.0660141 
0.3521 -0.0658959 
0.3522 -0.0657778 
0.3523 -0.0656597 
0.3524 -0.0655417 
0.3525 -0.0654236 
0.3526 -0.0653056 
0.3527 -0.0651874 
0.3528 -0.0650691 
0.3529 -0.0649506 
0.353 -0.0648319 
0.3531 -0.0647129 
0.3532 -0.0645936 
0.3533 -0.0644739 
0.3534 -0.0643537 
0.3535 -0.064233 
0.3536 -0.0641116 
0.3537 -0.0639896 
0.3538 -0.0638668 
0.3539 -0.0637432 
0.354 -0.0636186 
0.3541 -0.0634929 
0.3542 -0.063366 
0.3543 -0.0632378 
0.3544 -0.0631082 
0.3545 -0.0629769 
0.3546 -0.0628439 
0.3547 -0.062709 
0.3548 -0.0625719 
0.3549 -0.0624325 
0.355 -0.0622905 
0.3551 -0.0621456 
0.3552 -0.0619977 
0.3553 -0.0618463 
0.3554 -0.061691 
0.3555 -0.0615316 
0.3556 -0.0613676 
0.3557 -0.0611984 
0.3558 -0.0610236 
0.3559 -0.0608424 
0.356 -0.0606541 
0.3561 -0.060458 
0.3562 -0.0602531 
0.3563 -0.0600383 
0.3564 -0.0598123 
0.3565 -0.0595738 
0.3566 -0.0593209 
0.3567 -0.0590518 
0.3568 -0.058764 
0.3569 -0.0584547 
0.357 -0.0581206 
0.3571 -0.0577576 
0.3572 -0.0573608 
0.3573 -0.056924 
0.3574 -0.0564399 
0.3575 -0.0558988 
0.3576 -0.0552891 
0.3577 -0.0545953 
0.3578 -0.0537977 
0.3579 -0.0528703 
0.358 -0.0517783 
0.3581 -0.0504748 
0.3582 -0.048895 
0.3583 -0.046949 
0.3584 -0.0445098 
0.3585 -0.0413984 
0.3586 -0.0373652 
0.3587 -0.0320807 
0.3588 -0.0251685 
0.3589 -0.0163754 
0.359 -0.00600487 
0.3591 0.00456264 
0.3592 0.0132394 
0.3593 0.0187752 
0.3594 0.0214325 
0.3595 0.0221149 
0.3596 0.0215825 
0.3597 0.0203039 
0.3598 0.0185465 
0.3599 0.0164678 
0.36 0.0141679 
0.3601 0.0117155 
0.3602 0.00916093 
0.3603 0.00654209 
0.3604 0.00388824 
0.3605 0.00122188 
0.3606 -0.00143982 
0.3607 -0.00408396 
0.3608 -0.00670114 
0.3609 -0.00928471 
0.361 -0.0118303 
0.3611 -0.0143354 
0.3612 -0.016799 
0.3613 -0.0192213 
0.3614 -0.0216037 
0.3615 -0.0239487 
0.3616 -0.02626 
0.3617 -0.0285429 
0.3618 -0.0308039 
0.3619 -0.0330519 
0.362 -0.035298 
0.3621 -0.037556 
0.3622 -0.039843 
0.3623 -0.0421796 
0.3624 -0.0445897 
0.3625 -0.0471005 
0.3626 -0.0497405 
0.3627 -0.0525361 
0.3628 -0.0555053 
0.3629 -0.0586459 
0.363 -0.0619195 
0.3631 -0.0652337 
0.3632 -0.0684357 
0.3633 -0.0713345 
0.3634 -0.0737582 
0.3635 -0.0756193 
0.3636 -0.0769372 
0.3637 -0.0778071 
0.3638 -0.0783474 
0.3639 -0.0786633 
0.364 -0.0788338 
0.3641 -0.0789126 
0.3642 -0.0789344 
0.3643 -0.0789208 
0.3644 -0.0788852 
0.3645 -0.0788356 
0.3646 -0.0787769 
0.3647 -0.0787121 
0.3648 -0.078643 
0.3649 -0.0785708 
0.365 -0.0784962 
0.3651 -0.0784195 
0.3652 -0.0783411 
0.3653 -0.0782611 
0.3654 -0.0781796 
0.3655 -0.0780967 
0.3656 -0.0780125 
0.3657 -0.0779269 
0.3658 -0.07784 
0.3659 -0.0777519 
0.366 -0.0776625 
0.3661 -0.0775718 
0.3662 -0.0774799 
0.3663 -0.0773867 
0.3664 -0.0772924 
0.3665 -0.0771967 
0.3666 -0.0770999 
0.3667 -0.0770019 
0.3668 -0.0769027 
0.3669 -0.0768023 
0.367 -0.0767008 
0.3671 -0.0765981 
0.3672 -0.0764942 
0.3673 -0.0763893 
0.3674 -0.0762832 
0.3675 -0.076176 
0.3676 -0.0760678 
0.3677 -0.0759585 
0.3678 -0.0758482 
0.3679 -0.0757369 
0.368 -0.0756245 
0.3681 -0.0755113 
0.3682 -0.075397 
0.3683 -0.0752818 
0.3684 -0.0751658 
0.3685 -0.0750488 
0.3686 -0.074931 
0.3687 -0.0748124 
0.3688 -0.074693 
0.3689 -0.0745728 
0.369 -0.0744519 
0.3691 -0.0743302 
0.3692 -0.0742079 
0.3693 -0.0740849 
0.3694 -0.0739613 
0.3695 -0.0738371 
0.3696 -0.0737123 
0.3697 -0.073587 
0.3698 -0.0734612 
0.3699 -0.0733349 
0.37 -0.0732081 
0.3701 -0.073081 
0.3702 -0.0729534 
0.3703 -0.0728255 
0.3704 -0.0726973 
0.3705 -0.0725689 
0.3706 -0.0724401 
0.3707 -0.0723111 
0.3708 -0.072182 
0.3709 -0.0720526 
0.371 -0.0719232 
0.3711 -0.0717936 
0.3712 -0.0716639 
0.3713 -0.0715342 
0.3714 -0.0714045 
0.3715 -0.0712748 
0.3716 -0.0711451 
0.3717 -0.0710154 
0.3718 -0.0708859 
0.3719 -0.0707565 
0.372 -0.0706271 
0.3721 -0.070498 
0.3722 -0.070369 
0.3723 -0.0702402 
0.3724 -0.0701116 
0.3725 -0.0699833 
0.3726 -0.0698552 
0.3727 -0.0697273 
0.3728 -0.0695998 
0.3729 -0.0694725 
0.373 -0.0693456 
0.3731 -0.0692189 
0.3732 -0.0690926 
0.3733 -0.0689667 
0.3734 -0.0688411 
0.3735 -0.0687158 
0.3736 -0.0685909 
0.3737 -0.0684664 
0.3738 -0.0683423 
0.3739 -0.0682185 
0.374 -0.0680951 
0.3741 -0.067972 
0.3742 -0.0678494 
0.3743 -0.067727 
0.3744 -0.0676051 
0.3745 -0.0674835 
0.3746 -0.0673623 
0.3747 -0.0672414 
0.3748 -0.0671208 
0.3749 -0.0670005 
0.375 -0.0668805 
0.3751 -0.0667608 
0.3752 -0.0666414 
0.3753 -0.0665223 
0.3754 -0.0664033 
0.3755 -0.0662846 
0.3756 -0.0661661 
0.3757 -0.0660477 
0.3758 -0.0659294 
0.3759 -0.0658113 
0.376 -0.0656932 
0.3761 -0.0655752 
0.3762 -0.0654571 
0.3763 -0.0653391 
0.3764 -0.0652209 
0.3765 -0.0651027 
0.3766 -0.0649842 
0.3767 -0.0648656 
0.3768 -0.0647467 
0.3769 -0.0646275 
0.377 -0.0645079 
0.3771 -0.0643878 
0.3772 -0.0642673 
0.3773 -0.0641461 
0.3774 -0.0640243 
0.3775 -0.0639017 
0.3776 -0.0637784 
0.3777 -0.063654 
0.3778 -0.0635287 
0.3779 -0.0634021 
0.378 -0.0632743 
0.3781 -0.0631451 
0.3782 -0.0630143 
0.3783 -0.0628818 
0.3784 -0.0627475 
0.3785 -0.062611 
0.3786 -0.0624723 
0.3787 -0.062331 
0.3788 -0.062187 
0.3789 -0.06204 
0.379 -0.0618896 
0.3791 -0.0617355 
0.3792 -0.0615773 
0.3793 -0.0614146 
0.3794 -0.061247 
0.3795 -0.0610738 
0.3796 -0.0608944 
0.3797 -0.0607083 
0.3798 -0.0605145 
0.3799 -0.0603122 
0.38 -0.0601003 
0.3801 -0.0598776 
0.3802 -0.0596428 
0.3803 -0.0593941 
0.3804 -0.0591298 
0.3805 -0.0588475 
0.3806 -0.0585446 
0.3807 -0.0582179 
0.3808 -0.0578635 
0.3809 -0.0574768 
0.381 -0.057052 
0.3811 -0.0565821 
0.3812 -0.0560582 
0.3813 -0.0554693 
0.3814 -0.054801 
0.3815 -0.0540351 
0.3816 -0.0531474 
0.3817 -0.0521061 
0.3818 -0.050868 
0.3819 -0.0493742 
0.382 -0.0475427 
0.3821 -0.0452585 
0.3822 -0.0423589 
0.3823 -0.0386162 
0.3824 -0.0337229 
0.3825 -0.0273071 
0.3826 -0.01905 
0.3827 -0.00903774 
0.3828 0.00167848 
0.3829 0.0110824 
0.383 0.0175361 
0.3831 0.0209222 
0.3832 0.0220726 
0.3833 0.0218245 
0.3834 0.020723 
0.3835 0.0190814 
0.3836 0.0170816 
0.3837 0.0148362 
0.3838 0.0124211 
0.3839 0.0098911 
0.384 0.00728711 
0.3841 0.0046406 
0.3842 0.00197582 
0.3843 -0.000688671 
0.3844 -0.00333887 
0.3845 -0.00596446 
0.3846 -0.00855806 
0.3847 -0.0111147 
0.3848 -0.0136315 
0.3849 -0.0161068 
0.385 -0.0185407 
0.3851 -0.0209341 
0.3852 -0.0232894 
0.3853 -0.0256098 
0.3854 -0.0279001 
0.3855 -0.0301665 
0.3856 -0.0324172 
0.3857 -0.0346625 
0.3858 -0.0369156 
0.3859 -0.0391924 
0.386 -0.0415127 
0.3861 -0.0438994 
0.3862 -0.0463789 
0.3863 -0.0489795 
0.3864 -0.0517288 
0.3865 -0.054648 
0.3866 -0.0577421 
0.3867 -0.0609848 
0.3868 -0.0643005 
0.3869 -0.0675528 
0.387 -0.0705568 
0.3871 -0.0731284 
0.3872 -0.0751509 
0.3873 -0.076615 
0.3874 -0.0775997 
0.3875 -0.0782215 
0.3876 -0.0785916 
0.3877 -0.0787968 
0.3878 -0.0788973 
0.3879 -0.0789325 
0.388 -0.0789274 
0.3881 -0.078897 
0.3882 -0.0788507 
0.3883 -0.0787942 
0.3884 -0.0787309 
0.3885 -0.0786629 
0.3886 -0.0785915 
0.3887 -0.0785175 
0.3888 -0.0784414 
0.3889 -0.0783634 
0.389 -0.0782838 
0.3891 -0.0782028 
0.3892 -0.0781203 
0.3893 -0.0780364 
0.3894 -0.0779512 
0.3895 -0.0778647 
0.3896 -0.0777769 
0.3897 -0.0776879 
0.3898 -0.0775976 
0.3899 -0.077506 
0.39 -0.0774132 
0.3901 -0.0773192 
0.3902 -0.0772239 
0.3903 -0.0771274 
0.3904 -0.0770297 
0.3905 -0.0769309 
0.3906 -0.0768308 
0.3907 -0.0767296 
0.3908 -0.0766272 
0.3909 -0.0765237 
0.391 -0.076419 
0.3911 -0.0763133 
0.3912 -0.0762064 
0.3913 -0.0760985 
0.3914 -0.0759895 
0.3915 -0.0758795 
0.3916 -0.0757684 
0.3917 -0.0756564 
0.3918 -0.0755434 
0.3919 -0.0754294 
0.392 -0.0753145 
0.3921 -0.0751987 
0.3922 -0.075082 
0.3923 -0.0749644 
0.3924 -0.074846 
0.3925 -0.0747268 
0.3926 -0.0746069 
0.3927 -0.0744861 
0.3928 -0.0743647 
0.3929 -0.0742425 
0.393 -0.0741197 
0.3931 -0.0739963 
0.3932 -0.0738722 
0.3933 -0.0737476 
0.3934 -0.0736225 
0.3935 -0.0734968 
0.3936 -0.0733706 
0.3937 -0.073244 
0.3938 -0.0731169 
0.3939 -0.0729895 
0.394 -0.0728617 
0.3941 -0.0727336 
0.3942 -0.0726052 
0.3943 -0.0724765 
0.3944 -0.0723476 
0.3945 -0.0722185 
0.3946 -0.0720892 
0.3947 -0.0719598 
0.3948 -0.0718302 
0.3949 -0.0717006 
0.395 -0.0715709 
0.3951 -0.0714412 
0.3952 -0.0713114 
0.3953 -0.0711817 
0.3954 -0.0710521 
0.3955 -0.0709225 
0.3956 -0.070793 
0.3957 -0.0706637 
0.3958 -0.0705345 
0.3959 -0.0704054 
0.396 -0.0702766 
0.3961 -0.0701479 
0.3962 -0.0700195 
0.3963 -0.0698913 
0.3964 -0.0697634 
0.3965 -0.0696358 
0.3966 -0.0695085 
0.3967 -0.0693814 
0.3968 -0.0692547 
0.3969 -0.0691283 
0.397 -0.0690022 
0.3971 -0.0688765 
0.3972 -0.0687512 
0.3973 -0.0686262 
0.3974 -0.0685016 
0.3975 -0.0683773 
0.3976 -0.0682534 
0.3977 -0.0681299 
0.3978 -0.0680068 
0.3979 -0.067884 
0.398 -0.0677616 
0.3981 -0.0676395 
0.3982 -0.0675178 
0.3983 -0.0673965 
0.3984 -0.0672755 
0.3985 -0.0671548 
0.3986 -0.0670345 
0.3987 -0.0669144 
0.3988 -0.0667947 
0.3989 -0.0666752 
0.399 -0.0665559 
0.3991 -0.0664369 
0.3992 -0.0663181 
0.3993 -0.0661995 
0.3994 -0.0660811 
0.3995 -0.0659628 
0.3996 -0.0658447 
0.3997 -0.0657266 
0.3998 -0.0656085 
0.3999 -0.0654905 
0.4 -0.0653724 
0.4001 -0.0652543 
0.4002 -0.0651361 
0.4003 -0.0650177 
0.4004 -0.0648992 
0.4005 -0.0647803 
0.4006 -0.0646612 
0.4007 -0.0645417 
0.4008 -0.0644218 
0.4009 -0.0643014 
0.401 -0.0641804 
0.4011 -0.0640588 
0.4012 -0.0639365 
0.4013 -0.0638133 
0.4014 -0.0636893 
0.4015 -0.0635642 
0.4016 -0.063438 
0.4017 -0.0633106 
0.4018 -0.0631818 
0.4019 -0.0630515 
0.402 -0.0629195 
0.4021 -0.0627857 
0.4022 -0.0626498 
0.4023 -0.0625118 
0.4024 -0.0623712 
0.4025 -0.062228 
0.4026 -0.0620819 
0.4027 -0.0619324 
0.4028 -0.0617794 
0.4029 -0.0616224 
0.403 -0.0614611 
0.4031 -0.0612949 
0.4032 -0.0611233 
0.4033 -0.0609458 
0.4034 -0.0607616 
0.4035 -0.0605701 
0.4036 -0.0603703 
0.4037 -0.0601612 
0.4038 -0.0599418 
0.4039 -0.0597105 
0.404 -0.059466 
0.4041 -0.0592064 
0.4042 -0.0589295 
0.4043 -0.0586327 
0.4044 -0.0583132 
0.4045 -0.0579671 
0.4046 -0.0575901 
0.4047 -0.0571768 
0.4048 -0.0567205 
0.4049 -0.056213 
0.405 -0.0556439 
0.4051 -0.0549998 
0.4052 -0.0542638 
0.4053 -0.0534136 
0.4054 -0.0524197 
0.4055 -0.0512428 
0.4056 -0.0498288 
0.4057 -0.0481032 
0.4058 -0.0459618 
0.4059 -0.0432571 
0.406 -0.0397816 
0.4061 -0.0352511 
0.4062 -0.0293067 
0.4063 -0.0215914 
0.4064 -0.0120228 
0.4065 -0.00132962 
0.4066 0.0086642 
0.4067 0.0160367 
0.4068 0.0202291 
0.4069 0.0219188 
0.407 0.0219998 
0.4071 0.0211009 
0.4072 0.0195901 
0.4073 0.0176784 
0.4074 0.0154938 
0.4075 0.0131207 
0.4076 0.0106187 
0.4077 0.00803215 
0.4078 0.00539499 
0.4079 0.00273329 
0.408 6.71214e-05 
0.4081 -0.00258833 
0.4082 -0.00522177 
0.4083 -0.00782505 
0.4084 -0.0103926 
0.4085 -0.0129209 
0.4086 -0.015408 
0.4087 -0.0178536 
0.4088 -0.0202584 
0.4089 -0.0226242 
0.409 -0.0249541 
0.4091 -0.0272524 
0.4092 -0.0295248 
0.4093 -0.031779 
0.4094 -0.0340247 
0.4095 -0.036274 
0.4096 -0.0385423 
0.4097 -0.0408481 
0.4098 -0.0432134 
0.4099 -0.0456637 
0.41 -0.0482269 
0.4101 -0.0509314 
0.4102 -0.0538009 
0.4103 -0.0568463 
0.4104 -0.0600521 
0.4105 -0.0633582 
0.4106 -0.0666457 
0.4107 -0.0697403 
0.4108 -0.0724507 
0.4109 -0.0746349 
0.411 -0.0762526 
0.4111 -0.0773622 
0.4112 -0.078075 
0.4113 -0.0785065 
0.4114 -0.0787513 
0.4115 -0.0788768 
0.4116 -0.0789275 
0.4117 -0.0789319 
0.4118 -0.0789075 
0.4119 -0.0788651 
0.412 -0.078811 
0.4121 -0.0787494 
0.4122 -0.0786826 
0.4123 -0.0786121 
0.4124 -0.0785388 
0.4125 -0.0784632 
0.4126 -0.0783857 
0.4127 -0.0783066 
0.4128 -0.0782259 
0.4129 -0.0781438 
0.413 -0.0780604 
0.4131 -0.0779755 
0.4132 -0.0778894 
0.4133 -0.077802 
0.4134 -0.0777133 
0.4135 -0.0776234 
0.4136 -0.0775321 
0.4137 -0.0774397 
0.4138 -0.077346 
0.4139 -0.0772511 
0.414 -0.0771549 
0.4141 -0.0770576 
0.4142 -0.0769591 
0.4143 -0.0768593 
0.4144 -0.0767584 
0.4145 -0.0766564 
0.4146 -0.0765532 
0.4147 -0.0764489 
0.4148 -0.0763434 
0.4149 -0.0762369 
0.415 -0.0761293 
0.4151 -0.0760206 
0.4152 -0.0759108 
0.4153 -0.0758001 
0.4154 -0.0756883 
0.4155 -0.0755756 
0.4156 -0.0754619 
0.4157 -0.0753472 
0.4158 -0.0752317 
0.4159 -0.0751152 
0.416 -0.0749979 
0.4161 -0.0748797 
0.4162 -0.0747608 
0.4163 -0.074641 
0.4164 -0.0745205 
0.4165 -0.0743993 
0.4166 -0.0742773 
0.4167 -0.0741547 
0.4168 -0.0740314 
0.4169 -0.0739075 
0.417 -0.0737831 
0.4171 -0.0736581 
0.4172 -0.0735325 
0.4173 -0.0734065 
0.4174 -0.07328 
0.4175 -0.0731531 
0.4176 -0.0730257 
0.4177 -0.0728981 
0.4178 -0.07277 
0.4179 -0.0726417 
0.418 -0.0725131 
0.4181 -0.0723842 
0.4182 -0.0722552 
0.4183 -0.0721259 
0.4184 -0.0719965 
0.4185 -0.071867 
0.4186 -0.0717374 
0.4187 -0.0716077 
0.4188 -0.071478 
0.4189 -0.0713483 
0.419 -0.0712186 
0.4191 -0.0710889 
0.4192 -0.0709593 
0.4193 -0.0708298 
0.4194 -0.0707004 
0.4195 -0.0705711 
0.4196 -0.0704421 
0.4197 -0.0703131 
0.4198 -0.0701844 
0.4199 -0.070056 
0.42 -0.0699277 
0.4201 -0.0697997 
0.4202 -0.069672 
0.4203 -0.0695446 
0.4204 -0.0694175 
0.4205 -0.0692906 
0.4206 -0.0691642 
0.4207 -0.069038 
0.4208 -0.0689122 
0.4209 -0.0687868 
0.421 -0.0686617 
0.4211 -0.0685369 
0.4212 -0.0684126 
0.4213 -0.0682886 
0.4214 -0.068165 
0.4215 -0.0680417 
0.4216 -0.0679188 
0.4217 -0.0677963 
0.4218 -0.0676742 
0.4219 -0.0675524 
0.422 -0.0674309 
0.4221 -0.0673098 
0.4222 -0.0671891 
0.4223 -0.0670686 
0.4224 -0.0669485 
0.4225 -0.0668286 
0.4226 -0.0667091 
0.4227 -0.0665898 
0.4228 -0.0664707 
0.4229 -0.0663519 
0.423 -0.0662332 
0.4231 -0.0661147 
0.4232 -0.0659964 
0.4233 -0.0658782 
0.4234 -0.0657601 
0.4235 -0.065642 
0.4236 -0.065524 
0.4237 -0.065406 
0.4238 -0.0652879 
0.4239 -0.0651697 
0.424 -0.0650514 
0.4241 -0.0649329 
0.4242 -0.0648141 
0.4243 -0.0646951 
0.4244 -0.0645757 
0.4245 -0.0644559 
0.4246 -0.0643356 
0.4247 -0.0642148 
0.4248 -0.0640934 
0.4249 -0.0639713 
0.425 -0.0638484 
0.4251 -0.0637246 
0.4252 -0.0635998 
0.4253 -0.063474 
0.4254 -0.0633469 
0.4255 -0.0632185 
0.4256 -0.0630886 
0.4257 -0.0629571 
0.4258 -0.0628239 
0.4259 -0.0626886 
0.426 -0.0625512 
0.4261 -0.0624114 
0.4262 -0.062269 
0.4263 -0.0621237 
0.4264 -0.0619752 
0.4265 -0.0618233 
0.4266 -0.0616675 
0.4267 -0.0615074 
0.4268 -0.0613426 
0.4269 -0.0611726 
0.427 -0.0609969 
0.4271 -0.0608147 
0.4272 -0.0606253 
0.4273 -0.0604279 
0.4274 -0.0602216 
0.4275 -0.0600052 
0.4276 -0.0597774 
0.4277 -0.0595368 
0.4278 -0.0592816 
0.4279 -0.0590098 
0.428 -0.0587189 
0.4281 -0.0584061 
0.4282 -0.0580679 
0.4283 -0.0577002 
0.4284 -0.0572977 
0.4285 -0.0568543 
0.4286 -0.0563622 
0.4287 -0.0558117 
0.4288 -0.0551903 
0.4289 -0.0544823 
0.429 -0.0536669 
0.4291 -0.0527172 
0.4292 -0.0515966 
0.4293 -0.0502561 
0.4294 -0.0486276 
0.4295 -0.0466164 
0.4296 -0.0440888 
0.4297 -0.0408562 
0.4298 -0.0366573 
0.4299 -0.0311512 
0.43 -0.0239642 
0.4301 -0.0148918 
0.4302 -0.00437374 
0.4303 0.00604136 
0.4304 0.0142846 
0.4305 0.0193403 
0.4306 0.0216402 
0.4307 0.0220982 
0.4308 0.0214294 
0.4309 0.020065 
0.431 0.0182508 
0.4311 0.0161334 
0.4312 0.0138066 
0.4313 0.0113359 
0.4314 0.00876942 
0.4315 0.0061436 
0.4316 0.00348656 
0.4317 0.000819918 
0.4318 -0.00183987 
0.4319 -0.00448048 
0.432 -0.00709295 
0.4321 -0.00967104 
0.4322 -0.0122107 
0.4323 -0.0147095 
0.4324 -0.0171668 
0.4325 -0.019583 
0.4326 -0.0219595 
0.4327 -0.0242992 
0.4328 -0.0266059 
0.4329 -0.028885 
0.433 -0.0311435 
0.4331 -0.0333904 
0.4332 -0.0356373 
0.4333 -0.0378985 
0.4334 -0.0401916 
0.4335 -0.0425376 
0.4336 -0.0449612 
0.4337 -0.0474898 
0.4338 -0.0501517 
0.4339 -0.0529727 
0.434 -0.0559686 
0.4341 -0.0591329 
0.4342 -0.0624199 
0.4343 -0.0657284 
0.4344 -0.0688972 
0.4345 -0.0717339 
0.4346 -0.0740757 
0.4347 -0.0758511 
0.4348 -0.0770942 
0.4349 -0.0779069 
0.435 -0.0784072 
0.4351 -0.0786967 
0.4352 -0.0788505 
0.4353 -0.0789189 
0.4354 -0.0789342 
0.4355 -0.0789166 
0.4356 -0.0788785 
0.4357 -0.0788272 
0.4358 -0.0787674 
0.4359 -0.0787019 
0.436 -0.0786323 
0.4361 -0.0785597 
0.4362 -0.0784847 
0.4363 -0.0784078 
0.4364 -0.0783291 
0.4365 -0.0782489 
0.4366 -0.0781672 
0.4367 -0.0780841 
0.4368 -0.0779996 
0.4369 -0.0779139 
0.437 -0.0778268 
0.4371 -0.0777385 
0.4372 -0.0776489 
0.4373 -0.077558 
0.4374 -0.0774659 
0.4375 -0.0773726 
0.4376 -0.077278 
0.4377 -0.0771822 
0.4378 -0.0770852 
0.4379 -0.076987 
0.438 -0.0768876 
0.4381 -0.0767871 
0.4382 -0.0766853 
0.4383 -0.0765825 
0.4384 -0.0764785 
0.4385 -0.0763733 
0.4386 -0.0762671 
0.4387 -0.0761598 
0.4388 -0.0760514 
0.4389 -0.0759419 
0.439 -0.0758315 
0.4391 -0.07572 
0.4392 -0.0756075 
0.4393 -0.0754941 
0.4394 -0.0753797 
0.4395 -0.0752644 
0.4396 -0.0751482 
0.4397 -0.0750311 
0.4398 -0.0749132 
0.4399 -0.0747945 
0.44 -0.0746749 
0.4401 -0.0745546 
0.4402 -0.0744336 
0.4403 -0.0743118 
0.4404 -0.0741894 
0.4405 -0.0740663 
0.4406 -0.0739426 
0.4407 -0.0738183 
0.4408 -0.0736934 
0.4409 -0.073568 
0.441 -0.0734421 
0.4411 -0.0733158 
0.4412 -0.073189 
0.4413 -0.0730617 
0.4414 -0.0729342 
0.4415 -0.0728062 
0.4416 -0.072678 
0.4417 -0.0725494 
0.4418 -0.0724207 
0.4419 -0.0722917 
0.442 -0.0721625 
0.4421 -0.0720331 
0.4422 -0.0719036 
0.4423 -0.071774 
0.4424 -0.0716444 
0.4425 -0.0715147 
0.4426 -0.0713849 
0.4427 -0.0712552 
0.4428 -0.0711255 
0.4429 -0.0709959 
0.443 -0.0708664 
0.4431 -0.0707369 
0.4432 -0.0706076 
0.4433 -0.0704785 
0.4434 -0.0703495 
0.4435 -0.0702208 
0.4436 -0.0700922 
0.4437 -0.0699639 
0.4438 -0.0698359 
0.4439 -0.0697081 
0.444 -0.0695805 
0.4441 -0.0694533 
0.4442 -0.0693264 
0.4443 -0.0691999 
0.4444 -0.0690736 
0.4445 -0.0689477 
0.4446 -0.0688222 
0.4447 -0.068697 
0.4448 -0.0685721 
0.4449 -0.0684477 
0.445 -0.0683236 
0.4451 -0.0681998 
0.4452 -0.0680765 
0.4453 -0.0679535 
0.4454 -0.0678309 
0.4455 -0.0677086 
0.4456 -0.0675867 
0.4457 -0.0674652 
0.4458 -0.067344 
0.4459 -0.0672231 
0.446 -0.0671026 
0.4461 -0.0669824 
0.4462 -0.0668625 
0.4463 -0.0667428 
0.4464 -0.0666234 
0.4465 -0.0665043 
0.4466 -0.0663854 
0.4467 -0.0662667 
0.4468 -0.0661482 
0.4469 -0.0660298 
0.447 -0.0659116 
0.4471 -0.0657935 
0.4472 -0.0656754 
0.4473 -0.0655574 
0.4474 -0.0654393 
0.4475 -0.0653212 
0.4476 -0.0652031 
0.4477 -0.0650848 
0.4478 -0.0649664 
0.4479 -0.0648477 
0.448 -0.0647287 
0.4481 -0.0646095 
0.4482 -0.0644898 
0.4483 -0.0643697 
0.4484 -0.064249 
0.4485 -0.0641278 
0.4486 -0.0640059 
0.4487 -0.0638832 
0.4488 -0.0637597 
0.4489 -0.0636352 
0.449 -0.0635096 
0.4491 -0.0633829 
0.4492 -0.0632549 
0.4493 -0.0631255 
0.4494 -0.0629945 
0.4495 -0.0628617 
0.4496 -0.062727 
0.4497 -0.0625902 
0.4498 -0.0624511 
0.4499 -0.0623095 
0.45 -0.062165 
0.4501 -0.0620175 
0.4502 -0.0618666 
0.4503 -0.0617119 
0.4504 -0.0615531 
0.4505 -0.0613897 
0.4506 -0.0612212 
0.4507 -0.0610471 
0.4508 -0.0608668 
0.4509 -0.0606796 
0.451 -0.0604846 
0.4511 -0.0602809 
0.4512 -0.0600674 
0.4513 -0.0598431 
0.4514 -0.0596063 
0.4515 -0.0593554 
0.4516 -0.0590886 
0.4517 -0.0588034 
0.4518 -0.0584971 
0.4519 -0.0581666 
0.452 -0.0578077 
0.4521 -0.0574157 
0.4522 -0.0569846 
0.4523 -0.0565073 
0.4524 -0.0559744 
0.4525 -0.0553746 
0.4526 -0.054693 
0.4527 -0.0539106 
0.4528 -0.0530022 
0.4529 -0.0519345 
0.453 -0.0506623 
0.4531 -0.0491239 
0.4532 -0.0472329 
0.4533 -0.0448683 
0.4534 -0.0418589 
0.4535 -0.0379656 
0.4536 -0.032869 
0.4537 -0.0261936 
0.4538 -0.0176513 
0.4539 -0.00743721 
0.454 0.00322227 
0.4541 0.0122564 
0.4542 0.0182223 
0.4543 0.021213 
0.4544 0.0221075 
0.4545 0.0217039 
0.4546 0.0205058 
0.4547 0.0188013 
0.4548 0.0167587 
0.4549 0.0144837 
0.455 0.0120484 
0.4551 0.00950497 
0.4552 0.00689281 
0.4553 0.00424219 
0.4554 0.0015764 
0.4555 -0.00108674 
0.4556 -0.00373383 
0.4557 -0.00635503 
0.4558 -0.00894337 
0.4559 -0.0114942 
0.456 -0.0140048 
0.4561 -0.0164739 
0.4562 -0.0189016 
0.4563 -0.0212892 
0.4564 -0.023639 
0.4565 -0.0259545 
0.4566 -0.0282408 
0.4567 -0.0305043 
0.4568 -0.0327535 
0.4569 -0.0349991 
0.457 -0.0372546 
0.4571 -0.0395366 
0.4572 -0.0418653 
0.4573 -0.0442641 
0.4574 -0.0467599 
0.4575 -0.0493811 
0.4576 -0.0521547 
0.4577 -0.0551004 
0.4578 -0.0582194 
0.4579 -0.0614793 
0.458 -0.0647956 
0.4581 -0.0680232 
0.4582 -0.0709734 
0.4583 -0.0734676 
0.4584 -0.0754046 
0.4585 -0.0767903 
0.4586 -0.077713 
0.4587 -0.0782905 
0.4588 -0.0786311 
0.4589 -0.0788173 
0.459 -0.078906 
0.4591 -0.0789339 
0.4592 -0.0789241 
0.4593 -0.0788909 
0.4594 -0.0788428 
0.4595 -0.0787851 
0.4596 -0.078721 
0.4597 -0.0786524 
0.4598 -0.0785806 
0.4599 -0.0785062 
0.46 -0.0784298 
0.4601 -0.0783516 
0.4602 -0.0782718 
0.4603 -0.0781905 
0.4604 -0.0781078 
0.4605 -0.0780237 
0.4606 -0.0779384 
0.4607 -0.0778517 
0.4608 -0.0777637 
0.4609 -0.0776745 
0.461 -0.0775839 
0.4611 -0.0774922 
0.4612 -0.0773992 
0.4613 -0.077305 
0.4614 -0.0772095 
0.4615 -0.0771129 
0.4616 -0.077015 
0.4617 -0.076916 
0.4618 -0.0768157 
0.4619 -0.0767143 
0.462 -0.0766118 
0.4621 -0.0765081 
0.4622 -0.0764033 
0.4623 -0.0762973 
0.4624 -0.0761903 
0.4625 -0.0760822 
0.4626 -0.0759731 
0.4627 -0.0758629 
0.4628 -0.0757517 
0.4629 -0.0756395 
0.463 -0.0755264 
0.4631 -0.0754122 
0.4632 -0.0752972 
0.4633 -0.0751813 
0.4634 -0.0750644 
0.4635 -0.0749467 
0.4636 -0.0748282 
0.4637 -0.0747089 
0.4638 -0.0745888 
0.4639 -0.074468 
0.464 -0.0743464 
0.4641 -0.0742242 
0.4642 -0.0741013 
0.4643 -0.0739778 
0.4644 -0.0738536 
0.4645 -0.0737289 
0.4646 -0.0736037 
0.4647 -0.0734779 
0.4648 -0.0733517 
0.4649 -0.073225 
0.465 -0.0730979 
0.4651 -0.0729704 
0.4652 -0.0728426 
0.4653 -0.0727144 
0.4654 -0.0725859 
0.4655 -0.0724572 
0.4656 -0.0723283 
0.4657 -0.0721991 
0.4658 -0.0720698 
0.4659 -0.0719404 
0.466 -0.0718108 
0.4661 -0.0716812 
0.4662 -0.0715515 
0.4663 -0.0714217 
0.4664 -0.071292 
0.4665 -0.0711623 
0.4666 -0.0710327 
0.4667 -0.0709031 
0.4668 -0.0707737 
0.4669 -0.0706443 
0.467 -0.0705151 
0.4671 -0.0703861 
0.4672 -0.0702573 
0.4673 -0.0701287 
0.4674 -0.0700003 
0.4675 -0.0698722 
0.4676 -0.0697443 
0.4677 -0.0696167 
0.4678 -0.0694894 
0.4679 -0.0693624 
0.468 -0.0692357 
0.4681 -0.0691094 
0.4682 -0.0689834 
0.4683 -0.0688577 
0.4684 -0.0687325 
0.4685 -0.0686075 
0.4686 -0.0684829 
0.4687 -0.0683587 
0.4688 -0.0682349 
0.4689 -0.0681115 
0.469 -0.0679884 
0.4691 -0.0678656 
0.4692 -0.0677433 
0.4693 -0.0676213 
0.4694 -0.0674997 
0.4695 -0.0673784 
0.4696 -0.0672574 
0.4697 -0.0671368 
0.4698 -0.0670165 
0.4699 -0.0668965 
0.47 -0.0667767 
0.4701 -0.0666573 
0.4702 -0.0665381 
0.4703 -0.0664191 
0.4704 -0.0663004 
0.4705 -0.0661818 
0.4706 -0.0660634 
0.4707 -0.0659451 
0.4708 -0.065827 
0.4709 -0.0657089 
0.471 -0.0655909 
0.4711 -0.0654728 
0.4712 -0.0653548 
0.4713 -0.0652366 
0.4714 -0.0651184 
0.4715 -0.065 
0.4716 -0.0648814 
0.4717 -0.0647625 
0.4718 -0.0646433 
0.4719 -0.0645238 
0.472 -0.0644038 
0.4721 -0.0642833 
0.4722 -0.0641623 
0.4723 -0.0640405 
0.4724 -0.0639181 
0.4725 -0.0637948 
0.4726 -0.0636706 
0.4727 -0.0635454 
0.4728 -0.063419 
0.4729 -0.0632914 
0.473 -0.0631624 
0.4731 -0.0630318 
0.4732 -0.0628996 
0.4733 -0.0627655 
0.4734 -0.0626293 
0.4735 -0.0624909 
0.4736 -0.06235 
0.4737 -0.0622063 
0.4738 -0.0620597 
0.4739 -0.0619098 
0.474 -0.0617562 
0.4741 -0.0615986 
0.4742 -0.0614365 
0.4743 -0.0612696 
0.4744 -0.0610971 
0.4745 -0.0609187 
0.4746 -0.0607334 
0.4747 -0.0605407 
0.4748 -0.0603396 
0.4749 -0.0601291 
0.475 -0.0599079 
0.4751 -0.0596748 
0.4752 -0.0594281 
0.4753 -0.0591659 
0.4754 -0.0588862 
0.4755 -0.0585862 
0.4756 -0.0582629 
0.4757 -0.0579125 
0.4758 -0.0575304 
0.4759 -0.057111 
0.476 -0.0566476 
0.4761 -0.0561315 
0.4762 -0.055552 
0.4763 -0.0548952 
0.4764 -0.0541436 
0.4765 -0.0532738 
0.4766 -0.0522552 
0.4767 -0.0510463 
0.4768 -0.0495907 
0.4769 -0.04781 
0.477 -0.0455943 
0.4771 -0.0427883 
0.4772 -0.039174 
0.4773 -0.0344547 
0.4774 -0.0282636 
0.4775 -0.0202613 
0.4776 -0.0104485 
0.4777 0.000277567 
0.4778 0.00997767 
0.4779 0.0168653 
0.478 0.0206209 
0.4781 0.0220153 
0.4782 0.0219158 
0.4783 0.020906 
0.4784 0.0193239 
0.4785 0.0173642 
0.4786 0.0151466 
0.4787 0.0127506 
0.4788 0.0102333 
0.4789 0.00763717 
0.479 0.0049948 
0.4791 0.00233127 
0.4792 -0.000334158 
0.4793 -0.00298693 
0.4794 -0.00561628 
0.4795 -0.00821448 
0.4796 -0.0107763 
0.4797 -0.0132984 
0.4798 -0.0157793 
0.4799 -0.0182187 
0.48 -0.0206174 
0.4801 -0.0229776 
0.4802 -0.0253024 
0.4803 -0.0275964 
0.4804 -0.0298656 
0.4805 -0.0321178 
0.4806 -0.0343632 
0.4807 -0.0366143 
0.4808 -0.038887 
0.4809 -0.0412002 
0.481 -0.0435766 
0.4811 -0.0460421 
0.4812 -0.0486249 
0.4813 -0.0513529 
0.4814 -0.0542487 
0.4815 -0.0573202 
0.4816 -0.0605462 
0.4817 -0.0638587 
0.4818 -0.0671294 
0.4819 -0.0701779 
0.482 -0.0728159 
0.4821 -0.0749145 
0.4822 -0.07645 
0.4823 -0.0774921 
0.4824 -0.0781554 
0.4825 -0.0785535 
0.4826 -0.0787766 
0.4827 -0.0788883 
0.4828 -0.0789306 
0.4829 -0.0789298 
0.483 -0.0789021 
0.4831 -0.0788575 
0.4832 -0.0788022 
0.4833 -0.0787396 
0.4834 -0.0786722 
0.4835 -0.0786012 
0.4836 -0.0785275 
0.4837 -0.0784516 
0.4838 -0.0783739 
0.4839 -0.0782945 
0.484 -0.0782136 
0.4841 -0.0781313 
0.4842 -0.0780477 
0.4843 -0.0779626 
0.4844 -0.0778763 
0.4845 -0.0777887 
0.4846 -0.0776998 
0.4847 -0.0776097 
0.4848 -0.0775183 
0.4849 -0.0774256 
0.485 -0.0773318 
0.4851 -0.0772367 
0.4852 -0.0771403 
0.4853 -0.0770428 
0.4854 -0.0769441 
0.4855 -0.0768442 
0.4856 -0.0767431 
0.4857 -0.0766409 
0.4858 -0.0765375 
0.4859 -0.076433 
0.486 -0.0763274 
0.4861 -0.0762207 
0.4862 -0.0761129 
0.4863 -0.0760041 
0.4864 -0.0758942 
0.4865 -0.0757833 
0.4866 -0.0756714 
0.4867 -0.0755585 
0.4868 -0.0754446 
0.4869 -0.0753299 
0.487 -0.0752142 
0.4871 -0.0750976 
0.4872 -0.0749801 
0.4873 -0.0748619 
0.4874 -0.0747428 
0.4875 -0.0746229 
0.4876 -0.0745023 
0.4877 -0.0743809 
0.4878 -0.0742589 
0.4879 -0.0741361 
0.488 -0.0740128 
0.4881 -0.0738888 
0.4882 -0.0737643 
0.4883 -0.0736392 
0.4884 -0.0735135 
0.4885 -0.0733874 
0.4886 -0.0732609 
0.4887 -0.0731339 
0.4888 -0.0730065 
0.4889 -0.0728788 
0.489 -0.0727507 
0.4891 -0.0726223 
0.4892 -0.0724937 
0.4893 -0.0723648 
0.4894 -0.0722357 
0.4895 -0.0721064 
0.4896 -0.071977 
0.4897 -0.0718475 
0.4898 -0.0717179 
0.4899 -0.0715882 
0.49 -0.0714585 
0.4901 -0.0713287 
0.4902 -0.071199 
0.4903 -0.0710694 
0.4904 -0.0709398 
0.4905 -0.0708103 
0.4906 -0.0706809 
0.4907 -0.0705517 
0.4908 -0.0704226 
0.4909 -0.0702937 
0.491 -0.0701651 
0.4911 -0.0700366 
0.4912 -0.0699084 
0.4913 -0.0697805 
0.4914 -0.0696528 
0.4915 -0.0695254 
0.4916 -0.0693983 
0.4917 -0.0692716 
0.4918 -0.0691451 
0.4919 -0.069019 
0.492 -0.0688933 
0.4921 -0.0687679 
0.4922 -0.0686428 
0.4923 -0.0685182 
0.4924 -0.0683939 
0.4925 -0.0682699 
0.4926 -0.0681464 
0.4927 -0.0680232 
0.4928 -0.0679003 
0.4929 -0.0677779 
0.493 -0.0676558 
0.4931 -0.067534 
0.4932 -0.0674127 
0.4933 -0.0672916 
0.4934 -0.0671709 
0.4935 -0.0670505 
0.4936 -0.0669304 
0.4937 -0.0668106 
0.4938 -0.0666911 
0.4939 -0.0665718 
0.494 -0.0664528 
0.4941 -0.066334 
0.4942 -0.0662153 
0.4943 -0.0660969 
0.4944 -0.0659786 
0.4945 -0.0658604 
0.4946 -0.0657423 
0.4947 -0.0656243 
0.4948 -0.0655062 
0.4949 -0.0653882 
0.495 -0.0652701 
0.4951 -0.0651519 
0.4952 -0.0650335 
0.4953 -0.064915 
0.4954 -0.0647962 
0.4955 -0.0646771 
0.4956 -0.0645577 
0.4957 -0.0644378 
0.4958 -0.0643175 
0.4959 -0.0641966 
0.496 -0.0640751 
0.4961 -0.0639528 
0.4962 -0.0638298 
0.4963 -0.0637059 
0.4964 -0.0635809 
0.4965 -0.0634549 
0.4966 -0.0633276 
0.4967 -0.063199 
0.4968 -0.0630689 
0.4969 -0.0629372 
0.497 -0.0628036 
0.4971 -0.062668 
0.4972 -0.0625303 
0.4973 -0.0623901 
0.4974 -0.0622473 
0.4975 -0.0621015 
0.4976 -0.0619526 
0.4977 -0.0618 
0.4978 -0.0616436 
0.4979 -0.0614829 
0.498 -0.0613173 
0.4981 -0.0611465 
0.4982 -0.0609698 
0.4983 -0.0607866 
0.4984 -0.0605961 
0.4985 -0.0603974 
0.4986 -0.0601897 
0.4987 -0.0599717 
0.4988 -0.0597421 
0.4989 -0.0594994 
0.499 -0.0592419 
0.4991 -0.0589674 
0.4992 -0.0586734 
0.4993 -0.058357 
0.4994 -0.0580147 
0.4995 -0.0576421 
0.4996 -0.057234 
0.4997 -0.0567838 
0.4998 -0.0562836 
0.4999 -0.0557233 
0.5 -0.0550901 
